-- The C compiler identification is GNU 9.4.0
-- The CXX compiler identification is GNU 9.4.0
-- Check for working C compiler: /usr/bin/cc
-- Check for working C compiler: /usr/bin/cc -- works
-- Detecting C compiler ABI info
-- Detecting C compiler ABI info - done
-- Detecting C compile features
-- Detecting C compile features - done
-- Check for working CXX compiler: /usr/bin/c++
-- Check for working CXX compiler: /usr/bin/c++ -- works
-- Detecting CXX compiler ABI info
-- Detecting CXX compiler ABI info - done
-- Detecting CXX compile features
-- Detecting CXX compile features - done
-- Found ament_cmake: 1.1.5 (/opt/ros/galactic/share/ament_cmake/cmake)
-- Found PythonInterp: /usr/bin/python3 (found suitable version "3.8.10", minimum required is "3") 
-- Using PYTHON_EXECUTABLE: /usr/bin/python3
-- Override CMake install command with custom implementation using symlinks instead of copying resources
-- Found geometry_msgs: 2.2.4 (/opt/ros/galactic/share/geometry_msgs/cmake)
-- Using all available rosidl_typesupport_c: rosidl_typesupport_fastrtps_c;rosidl_typesupport_introspection_c
-- Found rosidl_adapter: 2.2.2 (/opt/ros/galactic/share/rosidl_adapter/cmake)
-- Found OpenSSL: /usr/lib/x86_64-linux-gnu/libcrypto.so (found version "1.1.1f")  
-- Found FastRTPS: /opt/ros/galactic/include  
-- Using all available rosidl_typesupport_cpp: rosidl_typesupport_fastrtps_cpp;rosidl_typesupport_introspection_cpp
-- Found irobot_create_msgs: 1.2.0 (/home/student/turlebot_ws/install/irobot_create_msgs/share/irobot_create_msgs/cmake)
-- Found irobot_create_toolbox: 1.0.1 (/home/student/turlebot_ws/install/irobot_create_toolbox/share/irobot_create_toolbox/cmake)
-- Found rmw_implementation_cmake: 3.3.1 (/opt/ros/galactic/share/rmw_implementation_cmake/cmake)
-- Found rmw_cyclonedds_cpp: 0.22.5 (/opt/ros/galactic/share/rmw_cyclonedds_cpp/cmake)
-- Using RMW implementation 'rmw_cyclonedds_cpp' as default
-- Looking for pthread.h
-- Looking for pthread.h - found
-- Performing Test CMAKE_HAVE_LIBC_PTHREAD
-- Performing Test CMAKE_HAVE_LIBC_PTHREAD - Failed
-- Looking for pthread_create in pthreads
-- Looking for pthread_create in pthreads - not found
-- Looking for pthread_create in pthread
-- Looking for pthread_create in pthread - found
-- Found Threads: TRUE  
-- Found sensor_msgs: 2.2.4 (/opt/ros/galactic/share/sensor_msgs/cmake)
-- Found PkgConfig: /usr/bin/pkg-config (found version "0.29.1") 
-- Checking for module 'bullet>=2.82'
--   Found bullet, version 2.88
-- Found ccd: /usr/include (found suitable version "2.0", minimum required is "2.0") 
-- Found fcl: /usr/include (found suitable version "0.5.0", minimum required is "0.3.2") 
-- Found assimp: /usr/include (found version "5.0.0") 
-- Found DART: /usr/include (Required is at least version "6.6") found components: dart 
-- Found Boost: /usr/lib/x86_64-linux-gnu/cmake/Boost-1.71.0/BoostConfig.cmake (found suitable version "1.71.0", minimum required is "1.40.0") found components: thread system filesystem program_options regex iostreams date_time 
-- Found Protobuf: /usr/lib/x86_64-linux-gnu/libprotobuf.so;-lpthread (found version "3.6.1") 
-- Looking for ignition-math6 -- found version 6.13.0
-- Looking for OGRE...
-- OGRE_PREFIX_WATCH changed.
-- Checking for module 'OGRE'
--   Found OGRE, version 1.9.0
-- Found Ogre Ghadamon (1.9.0)
-- Found OGRE: optimized;/usr/lib/x86_64-linux-gnu/libOgreMain.so;debug;/usr/lib/x86_64-linux-gnu/libOgreMain.so
-- Looking for OGRE_Paging...
-- Found OGRE_Paging: optimized;/usr/lib/x86_64-linux-gnu/libOgrePaging.so;debug;/usr/lib/x86_64-linux-gnu/libOgrePaging.so
-- Looking for OGRE_Terrain...
-- Found OGRE_Terrain: optimized;/usr/lib/x86_64-linux-gnu/libOgreTerrain.so;debug;/usr/lib/x86_64-linux-gnu/libOgreTerrain.so
-- Looking for OGRE_Property...
-- Found OGRE_Property: optimized;/usr/lib/x86_64-linux-gnu/libOgreProperty.so;debug;/usr/lib/x86_64-linux-gnu/libOgreProperty.so
-- Looking for OGRE_RTShaderSystem...
-- Found OGRE_RTShaderSystem: optimized;/usr/lib/x86_64-linux-gnu/libOgreRTShaderSystem.so;debug;/usr/lib/x86_64-linux-gnu/libOgreRTShaderSystem.so
-- Looking for OGRE_Volume...
-- Found OGRE_Volume: optimized;/usr/lib/x86_64-linux-gnu/libOgreVolume.so;debug;/usr/lib/x86_64-linux-gnu/libOgreVolume.so
-- Looking for OGRE_Overlay...
-- Found OGRE_Overlay: optimized;/usr/lib/x86_64-linux-gnu/libOgreOverlay.so;debug;/usr/lib/x86_64-linux-gnu/libOgreOverlay.so
-- Looking for ignition-math6 -- found version 6.13.0
-- Looking for ignition-transport8 -- found version 8.3.0
-- Searching for dependencies of ignition-transport8
-- Found Protobuf: /usr/lib/x86_64-linux-gnu/libprotobuf.so;-lpthread (found suitable version "3.6.1", minimum required is "3") 
-- Config-file not installed for ZeroMQ -- checking for pkg-config
-- Checking for module 'libzmq >= 4'
--   Found libzmq , version 4.3.2
-- Found ZeroMQ: TRUE (Required is at least version "4") 
-- Checking for module 'uuid'
--   Found uuid, version 2.34.0
-- Found UUID: TRUE  
-- Looking for ignition-msgs5 -- found version 5.10.0
-- Searching for dependencies of ignition-msgs5
-- Looking for ignition-math6 -- found version 6.13.0
-- Checking for module 'tinyxml2'
--   Found tinyxml2, version 6.2.0
-- Looking for ignition-msgs5 -- found version 5.10.0
-- Looking for ignition-common3 -- found version 3.14.2
-- Searching for dependencies of ignition-common3
-- Looking for dlfcn.h - found
-- Looking for libdl - found
-- Found DL: TRUE  
-- Searching for <ignition-common3> component [graphics]
-- Looking for ignition-common3-graphics -- found version 3.14.2
-- Searching for dependencies of ignition-common3-graphics
-- Looking for ignition-math6 -- found version 6.13.0
-- Looking for ignition-fuel_tools4 -- found version 4.6.0
-- Searching for dependencies of ignition-fuel_tools4
-- Found CURL: /usr/lib/x86_64-linux-gnu/libcurl.so (found version "7.68.0")  
-- Checking for module 'jsoncpp'
--   Found jsoncpp, version 1.7.4
-- Found JSONCPP: TRUE  
-- Checking for module 'libzip'
--   Found libzip, version 1.5.1
-- Found ZIP: TRUE  
-- Looking for ignition-common3 -- found version 3.14.2
-- Looking for ignition-math6 -- found version 6.13.0
-- Looking for ignition-msgs5 -- found version 5.10.0
-- Gazebo version: 11.11
-- Found ament_lint_auto: 0.10.7 (/opt/ros/galactic/share/ament_lint_auto/cmake)
-- Added test 'cppcheck' to perform static code analysis on C / C++ code
-- Configured cppcheck include dirs: /home/student/turlebot_ws/src/create3_sim/irobot_create_gazebo/irobot_create_gazebo_plugins/include
-- Configured cppcheck exclude dirs and/or files: 
-- Added test 'cpplint' to check C / C++ code against the Google style
-- Configured cpplint exclude dirs and/or files: 
-- Added test 'lint_cmake' to check CMake code style
-- Added test 'uncrustify' to check C / C++ code style
-- Configured uncrustify additional arguments: 
-- Added test 'xmllint' to check XML markup files
-- Configuring done
-- Generating done
-- Build files have been written to: /home/student/turlebot_ws/build/irobot_create_gazebo_plugins
[35m[1mScanning dependencies of target gazebo_ros_create_helpers[0m
[  5%] [32mBuilding CXX object CMakeFiles/gazebo_ros_create_helpers.dir/src/gazebo_ros_helpers.cpp.o[0m
[ 10%] [32m[1mLinking CXX shared library libgazebo_ros_create_helpers.so[0m
[ 10%] Built target gazebo_ros_create_helpers
[35m[1mScanning dependencies of target docking_manager[0m
[ 15%] [32mBuilding CXX object CMakeFiles/docking_manager.dir/src/docking_manager.cpp.o[0m
[ 20%] [32m[1mLinking CXX shared library libdocking_manager.so[0m
[ 20%] Built target docking_manager
[35m[1mScanning dependencies of target gazebo_ros_create_wheel_drop[0m
[ 25%] [32mBuilding CXX object CMakeFiles/gazebo_ros_create_wheel_drop.dir/src/gazebo_ros_wheel_drop.cpp.o[0m
[ 30%] [32m[1mLinking CXX shared library libgazebo_ros_create_wheel_drop.so[0m
[ 30%] Built target gazebo_ros_create_wheel_drop
[35m[1mScanning dependencies of target gazebo_ros_create_ir_opcode[0m
[35m[1mScanning dependencies of target gazebo_ros_create_optical_mouse[0m
[ 35%] [32mBuilding CXX object CMakeFiles/gazebo_ros_create_optical_mouse.dir/src/gazebo_ros_optical_mouse.cpp.o[0m
[ 40%] [32mBuilding CXX object CMakeFiles/gazebo_ros_create_ir_opcode.dir/src/gazebo_ros_ir_opcode.cpp.o[0m
[ 45%] [32m[1mLinking CXX shared library libgazebo_ros_create_ir_opcode.so[0m
[ 50%] [32m[1mLinking CXX shared library libgazebo_ros_create_optical_mouse.so[0m
[ 50%] Built target gazebo_ros_create_optical_mouse
[ 50%] Built target gazebo_ros_create_ir_opcode
[35m[1mScanning dependencies of target gazebo_ros_create_imu[0m
[35m[1mScanning dependencies of target gazebo_ros_create_cliff_sensor[0m
[35m[1mScanning dependencies of target gazebo_ros_create_bumper[0m
[35m[1mScanning dependencies of target gazebo_ros_create_ir_intensity_sensor[0m
[35m[1mScanning dependencies of target gazebo_ros_create_docking_status[0m
[ 55%] [32mBuilding CXX object CMakeFiles/gazebo_ros_create_docking_status.dir/src/gazebo_ros_docking_status.cpp.o[0m
[ 60%] [32mBuilding CXX object CMakeFiles/gazebo_ros_create_ir_intensity_sensor.dir/src/gazebo_ros_ir_intensity_sensor.cpp.o[0m
[ 65%] [32mBuilding CXX object CMakeFiles/gazebo_ros_create_imu.dir/src/gazebo_ros_imu.cpp.o[0m
[ 70%] [32mBuilding CXX object CMakeFiles/gazebo_ros_create_cliff_sensor.dir/src/gazebo_ros_cliff_sensor.cpp.o[0m
[ 75%] [32mBuilding CXX object CMakeFiles/gazebo_ros_create_bumper.dir/src/gazebo_ros_bumper.cpp.o[0m
[ 80%] [32m[1mLinking CXX shared library libgazebo_ros_create_ir_intensity_sensor.so[0m
[ 80%] Built target gazebo_ros_create_ir_intensity_sensor
[ 85%] [32m[1mLinking CXX shared library libgazebo_ros_create_imu.so[0m
[ 85%] Built target gazebo_ros_create_imu
[ 90%] [32m[1mLinking CXX shared library libgazebo_ros_create_cliff_sensor.so[0m
[ 95%] [32m[1mLinking CXX shared library libgazebo_ros_create_bumper.so[0m
[ 95%] Built target gazebo_ros_create_cliff_sensor
[ 95%] Built target gazebo_ros_create_bumper
[100%] [32m[1mLinking CXX shared library libgazebo_ros_create_docking_status.so[0m
[100%] Built target gazebo_ros_create_docking_status
-- Install configuration: ""
-- Execute custom install script
-- Symlinking: /home/student/turlebot_ws/install/irobot_create_gazebo_plugins/share/irobot_create_gazebo_plugins/environment/library_path.sh
-- Symlinking: /home/student/turlebot_ws/install/irobot_create_gazebo_plugins/share/irobot_create_gazebo_plugins/environment/library_path.dsv
-- Symlinking: /home/student/turlebot_ws/install/irobot_create_gazebo_plugins/include/irobot_create_gazebo_plugins/docking_manager.hpp
-- Symlinking: /home/student/turlebot_ws/install/irobot_create_gazebo_plugins/include/irobot_create_gazebo_plugins/gazebo_ros_bumper.hpp
-- Symlinking: /home/student/turlebot_ws/install/irobot_create_gazebo_plugins/include/irobot_create_gazebo_plugins/gazebo_ros_cliff_sensor.hpp
-- Symlinking: /home/student/turlebot_ws/install/irobot_create_gazebo_plugins/include/irobot_create_gazebo_plugins/gazebo_ros_docking_status.hpp
-- Symlinking: /home/student/turlebot_ws/install/irobot_create_gazebo_plugins/include/irobot_create_gazebo_plugins/gazebo_ros_helpers.hpp
-- Symlinking: /home/student/turlebot_ws/install/irobot_create_gazebo_plugins/include/irobot_create_gazebo_plugins/gazebo_ros_imu.hpp
-- Symlinking: /home/student/turlebot_ws/install/irobot_create_gazebo_plugins/include/irobot_create_gazebo_plugins/gazebo_ros_ir_intensity_sensor.hpp
-- Symlinking: /home/student/turlebot_ws/install/irobot_create_gazebo_plugins/include/irobot_create_gazebo_plugins/gazebo_ros_ir_opcode.hpp
-- Symlinking: /home/student/turlebot_ws/install/irobot_create_gazebo_plugins/include/irobot_create_gazebo_plugins/gazebo_ros_optical_mouse.hpp
-- Symlinking: /home/student/turlebot_ws/install/irobot_create_gazebo_plugins/include/irobot_create_gazebo_plugins/gazebo_ros_wheel_drop.hpp
-- Symlinking: /home/student/turlebot_ws/install/irobot_create_gazebo_plugins/lib/libgazebo_ros_create_bumper.so
-- Symlinking: /home/student/turlebot_ws/install/irobot_create_gazebo_plugins/lib/libgazebo_ros_create_cliff_sensor.so
-- Symlinking: /home/student/turlebot_ws/install/irobot_create_gazebo_plugins/lib/libgazebo_ros_create_docking_status.so
-- Symlinking: /home/student/turlebot_ws/install/irobot_create_gazebo_plugins/lib/libgazebo_ros_create_helpers.so
-- Symlinking: /home/student/turlebot_ws/install/irobot_create_gazebo_plugins/lib/libgazebo_ros_create_imu.so
-- Symlinking: /home/student/turlebot_ws/install/irobot_create_gazebo_plugins/lib/libgazebo_ros_create_ir_intensity_sensor.so
-- Symlinking: /home/student/turlebot_ws/install/irobot_create_gazebo_plugins/lib/libgazebo_ros_create_optical_mouse.so
-- Symlinking: /home/student/turlebot_ws/install/irobot_create_gazebo_plugins/lib/libgazebo_ros_create_ir_opcode.so
-- Symlinking: /home/student/turlebot_ws/install/irobot_create_gazebo_plugins/lib/libdocking_manager.so
-- Symlinking: /home/student/turlebot_ws/install/irobot_create_gazebo_plugins/lib/libgazebo_ros_create_wheel_drop.so
-- Symlinking: /home/student/turlebot_ws/install/irobot_create_gazebo_plugins/share/ament_index/resource_index/package_run_dependencies/irobot_create_gazebo_plugins
-- Symlinking: /home/student/turlebot_ws/install/irobot_create_gazebo_plugins/share/ament_index/resource_index/parent_prefix_path/irobot_create_gazebo_plugins
-- Symlinking: /home/student/turlebot_ws/install/irobot_create_gazebo_plugins/share/irobot_create_gazebo_plugins/environment/ament_prefix_path.sh
-- Symlinking: /home/student/turlebot_ws/install/irobot_create_gazebo_plugins/share/irobot_create_gazebo_plugins/environment/ament_prefix_path.dsv
-- Symlinking: /home/student/turlebot_ws/install/irobot_create_gazebo_plugins/share/irobot_create_gazebo_plugins/environment/path.sh
-- Symlinking: /home/student/turlebot_ws/install/irobot_create_gazebo_plugins/share/irobot_create_gazebo_plugins/environment/path.dsv
-- Symlinking: /home/student/turlebot_ws/install/irobot_create_gazebo_plugins/share/irobot_create_gazebo_plugins/local_setup.bash
-- Symlinking: /home/student/turlebot_ws/install/irobot_create_gazebo_plugins/share/irobot_create_gazebo_plugins/local_setup.sh
-- Symlinking: /home/student/turlebot_ws/install/irobot_create_gazebo_plugins/share/irobot_create_gazebo_plugins/local_setup.zsh
-- Symlinking: /home/student/turlebot_ws/install/irobot_create_gazebo_plugins/share/irobot_create_gazebo_plugins/local_setup.dsv
-- Symlinking: /home/student/turlebot_ws/install/irobot_create_gazebo_plugins/share/irobot_create_gazebo_plugins/package.dsv
-- Symlinking: /home/student/turlebot_ws/install/irobot_create_gazebo_plugins/share/ament_index/resource_index/packages/irobot_create_gazebo_plugins
-- Symlinking: /home/student/turlebot_ws/install/irobot_create_gazebo_plugins/share/irobot_create_gazebo_plugins/cmake/ament_cmake_export_libraries-extras.cmake
-- Symlinking: /home/student/turlebot_ws/install/irobot_create_gazebo_plugins/share/irobot_create_gazebo_plugins/cmake/ament_cmake_export_include_directories-extras.cmake
-- Symlinking: /home/student/turlebot_ws/install/irobot_create_gazebo_plugins/share/irobot_create_gazebo_plugins/cmake/ament_cmake_export_dependencies-extras.cmake
-- Symlinking: /home/student/turlebot_ws/install/irobot_create_gazebo_plugins/share/irobot_create_gazebo_plugins/cmake/irobot_create_gazebo_pluginsConfig.cmake
-- Symlinking: /home/student/turlebot_ws/install/irobot_create_gazebo_plugins/share/irobot_create_gazebo_plugins/cmake/irobot_create_gazebo_pluginsConfig-version.cmake
-- Symlinking: /home/student/turlebot_ws/install/irobot_create_gazebo_plugins/share/irobot_create_gazebo_plugins/package.xml
