-- The C compiler identification is GNU 9.4.0
-- The CXX compiler identification is GNU 9.4.0
-- Check for working C compiler: /usr/bin/cc
-- Check for working C compiler: /usr/bin/cc -- works
-- Detecting C compiler ABI info
-- Detecting C compiler ABI info - done
-- Detecting C compile features
-- Detecting C compile features - done
-- Check for working CXX compiler: /usr/bin/c++
-- Check for working CXX compiler: /usr/bin/c++ -- works
-- Detecting CXX compiler ABI info
-- Detecting CXX compiler ABI info - done
-- Detecting CXX compile features
-- Detecting CXX compile features - done
-- Found ament_cmake: 1.1.5 (/opt/ros/galactic/share/ament_cmake/cmake)
-- Found PythonInterp: /usr/bin/python3 (found suitable version "3.8.10", minimum required is "3") 
-- Using PYTHON_EXECUTABLE: /usr/bin/python3
-- Override CMake install command with custom implementation using symlinks instead of copying resources
-- Found ament_lint_auto: 0.10.7 (/opt/ros/galactic/share/ament_lint_auto/cmake)
-- Found rosidl_default_generators: 1.1.1 (/opt/ros/galactic/share/rosidl_default_generators/cmake)
-- Using all available rosidl_typesupport_c: rosidl_typesupport_fastrtps_c;rosidl_typesupport_introspection_c
-- Found rosidl_adapter: 2.2.2 (/opt/ros/galactic/share/rosidl_adapter/cmake)
-- Found OpenSSL: /usr/lib/x86_64-linux-gnu/libcrypto.so (found version "1.1.1f")  
-- Found FastRTPS: /opt/ros/galactic/include  
-- Using all available rosidl_typesupport_cpp: rosidl_typesupport_fastrtps_cpp;rosidl_typesupport_introspection_cpp
-- Found std_msgs: 2.2.4 (/opt/ros/galactic/share/std_msgs/cmake)
-- Found PythonInterp: /usr/bin/python3 (found version "3.8.10") 
-- Found ament_cmake_ros: 0.9.2 (/opt/ros/galactic/share/ament_cmake_ros/cmake)
-- Using all available rosidl_typesupport_c: rosidl_typesupport_fastrtps_c;rosidl_typesupport_introspection_c
-- Using all available rosidl_typesupport_cpp: rosidl_typesupport_fastrtps_cpp;rosidl_typesupport_introspection_cpp
-- Found PythonInterp: /usr/bin/python3 (found suitable version "3.8.10", minimum required is "3.5") 
-- Found python_cmake_module: 0.8.1 (/opt/ros/galactic/share/python_cmake_module/cmake)
-- Found PythonLibs: /usr/lib/x86_64-linux-gnu/libpython3.8.so (found suitable version "3.8.10", minimum required is "3.5") 
-- Using PYTHON_EXECUTABLE: /usr/bin/python3
-- Using PYTHON_INCLUDE_DIRS: /usr/include/python3.8
-- Using PYTHON_LIBRARIES: /usr/lib/x86_64-linux-gnu/libpython3.8.so
-- Found PythonExtra: .so  
-- Added test 'copyright' to check source files copyright and LICENSE
-- Added test 'lint_cmake' to check CMake code style
-- Added test 'xmllint' to check XML markup files
-- Configuring done
-- Generating done
-- Build files have been written to: /home/student/turlebot_ws/build/turtlebot4_msgs
[  2%] [34m[1mGenerating C code for ROS interfaces[0m
[35m[1mScanning dependencies of target turtlebot4_msgs__cpp[0m
[  4%] [34m[1mGenerating C++ code for ROS interfaces[0m
[  4%] Built target turtlebot4_msgs__cpp
[ 10%] [34m[1mGenerating C++ introspection for ROS interfaces[0m
[ 10%] [34m[1mGenerating C++ type support dispatch for ROS interfaces[0m
[ 10%] [34m[1mGenerating C++ type support for eProsima Fast-RTPS[0m
[35m[1mScanning dependencies of target turtlebot4_msgs__rosidl_generator_c[0m
[ 14%] [32mBuilding C object CMakeFiles/turtlebot4_msgs__rosidl_generator_c.dir/rosidl_generator_c/turtlebot4_msgs/msg/detail/user_led__functions.c.o[0m
[ 14%] [32mBuilding C object CMakeFiles/turtlebot4_msgs__rosidl_generator_c.dir/rosidl_generator_c/turtlebot4_msgs/msg/detail/user_display__functions.c.o[0m
[ 17%] [32mBuilding C object CMakeFiles/turtlebot4_msgs__rosidl_generator_c.dir/rosidl_generator_c/turtlebot4_msgs/msg/detail/user_button__functions.c.o[0m
[ 19%] [32m[1mLinking C shared library libturtlebot4_msgs__rosidl_generator_c.so[0m
[ 19%] Built target turtlebot4_msgs__rosidl_generator_c
[ 21%] [34m[1mGenerating C introspection for ROS interfaces[0m
[ 23%] [34m[1mGenerating C type support dispatch for ROS interfaces[0m
[35m[1mScanning dependencies of target turtlebot4_msgs__rosidl_typesupport_cpp[0m
[ 29%] [32mBuilding CXX object CMakeFiles/turtlebot4_msgs__rosidl_typesupport_cpp.dir/rosidl_typesupport_cpp/turtlebot4_msgs/msg/user_display__type_support.cpp.o[0m
[ 29%] [32mBuilding CXX object CMakeFiles/turtlebot4_msgs__rosidl_typesupport_cpp.dir/rosidl_typesupport_cpp/turtlebot4_msgs/msg/user_led__type_support.cpp.o[0m
[ 29%] [32mBuilding CXX object CMakeFiles/turtlebot4_msgs__rosidl_typesupport_cpp.dir/rosidl_typesupport_cpp/turtlebot4_msgs/msg/user_button__type_support.cpp.o[0m
[35m[1mScanning dependencies of target turtlebot4_msgs__rosidl_typesupport_introspection_cpp[0m
[ 31%] [32mBuilding CXX object CMakeFiles/turtlebot4_msgs__rosidl_typesupport_introspection_cpp.dir/rosidl_typesupport_introspection_cpp/turtlebot4_msgs/msg/detail/user_led__type_support.cpp.o[0m
[ 34%] [32mBuilding CXX object CMakeFiles/turtlebot4_msgs__rosidl_typesupport_introspection_cpp.dir/rosidl_typesupport_introspection_cpp/turtlebot4_msgs/msg/detail/user_display__type_support.cpp.o[0m
[ 36%] [32mBuilding CXX object CMakeFiles/turtlebot4_msgs__rosidl_typesupport_introspection_cpp.dir/rosidl_typesupport_introspection_cpp/turtlebot4_msgs/msg/detail/user_button__type_support.cpp.o[0m
[35m[1mScanning dependencies of target turtlebot4_msgs__rosidl_typesupport_fastrtps_cpp[0m
[ 38%] [32mBuilding CXX object CMakeFiles/turtlebot4_msgs__rosidl_typesupport_fastrtps_cpp.dir/rosidl_typesupport_fastrtps_cpp/turtlebot4_msgs/msg/detail/dds_fastrtps/user_button__type_support.cpp.o[0m
[ 40%] [32mBuilding CXX object CMakeFiles/turtlebot4_msgs__rosidl_typesupport_fastrtps_cpp.dir/rosidl_typesupport_fastrtps_cpp/turtlebot4_msgs/msg/detail/dds_fastrtps/user_led__type_support.cpp.o[0m
[35m[1mScanning dependencies of target turtlebot4_msgs__rosidl_typesupport_c[0m
[ 42%] [32mBuilding CXX object CMakeFiles/turtlebot4_msgs__rosidl_typesupport_c.dir/rosidl_typesupport_c/turtlebot4_msgs/msg/user_button__type_support.cpp.o[0m
[35m[1mScanning dependencies of target turtlebot4_msgs__rosidl_typesupport_introspection_c[0m
[ 44%] [32mBuilding CXX object CMakeFiles/turtlebot4_msgs__rosidl_typesupport_c.dir/rosidl_typesupport_c/turtlebot4_msgs/msg/user_led__type_support.cpp.o[0m
[ 46%] [32mBuilding CXX object CMakeFiles/turtlebot4_msgs__rosidl_typesupport_fastrtps_cpp.dir/rosidl_typesupport_fastrtps_cpp/turtlebot4_msgs/msg/detail/dds_fastrtps/user_display__type_support.cpp.o[0m
[ 48%] [32mBuilding C object CMakeFiles/turtlebot4_msgs__rosidl_typesupport_introspection_c.dir/rosidl_typesupport_introspection_c/turtlebot4_msgs/msg/detail/user_led__type_support.c.o[0m
[ 51%] [32mBuilding CXX object CMakeFiles/turtlebot4_msgs__rosidl_typesupport_c.dir/rosidl_typesupport_c/turtlebot4_msgs/msg/user_display__type_support.cpp.o[0m
[ 53%] [32mBuilding C object CMakeFiles/turtlebot4_msgs__rosidl_typesupport_introspection_c.dir/rosidl_typesupport_introspection_c/turtlebot4_msgs/msg/detail/user_button__type_support.c.o[0m
[ 57%] [32m[1mLinking CXX shared library libturtlebot4_msgs__rosidl_typesupport_c.so[0m
[ 57%] [32mBuilding C object CMakeFiles/turtlebot4_msgs__rosidl_typesupport_introspection_c.dir/rosidl_typesupport_introspection_c/turtlebot4_msgs/msg/detail/user_display__type_support.c.o[0m
[ 59%] [32m[1mLinking C shared library libturtlebot4_msgs__rosidl_typesupport_introspection_c.so[0m
[ 59%] Built target turtlebot4_msgs__rosidl_typesupport_c
[ 61%] [32m[1mLinking CXX shared library libturtlebot4_msgs__rosidl_typesupport_cpp.so[0m
[ 61%] Built target turtlebot4_msgs__rosidl_typesupport_introspection_c
[ 63%] [32m[1mLinking CXX shared library libturtlebot4_msgs__rosidl_typesupport_introspection_cpp.so[0m
[ 63%] Built target turtlebot4_msgs__rosidl_typesupport_cpp
[ 63%] Built target turtlebot4_msgs__rosidl_typesupport_introspection_cpp
[ 65%] [32m[1mLinking CXX shared library libturtlebot4_msgs__rosidl_typesupport_fastrtps_cpp.so[0m
[ 65%] Built target turtlebot4_msgs__rosidl_typesupport_fastrtps_cpp
[ 68%] [34m[1mGenerating C type support for eProsima Fast-RTPS[0m
[35m[1mScanning dependencies of target turtlebot4_msgs__rosidl_typesupport_fastrtps_c[0m
[ 70%] [32mBuilding CXX object CMakeFiles/turtlebot4_msgs__rosidl_typesupport_fastrtps_c.dir/rosidl_typesupport_fastrtps_c/turtlebot4_msgs/msg/detail/user_button__type_support_c.cpp.o[0m
[ 74%] [32mBuilding CXX object CMakeFiles/turtlebot4_msgs__rosidl_typesupport_fastrtps_c.dir/rosidl_typesupport_fastrtps_c/turtlebot4_msgs/msg/detail/user_display__type_support_c.cpp.o[0m
[ 74%] [32mBuilding CXX object CMakeFiles/turtlebot4_msgs__rosidl_typesupport_fastrtps_c.dir/rosidl_typesupport_fastrtps_c/turtlebot4_msgs/msg/detail/user_led__type_support_c.cpp.o[0m
[ 76%] [32m[1mLinking CXX shared library libturtlebot4_msgs__rosidl_typesupport_fastrtps_c.so[0m
[ 76%] Built target turtlebot4_msgs__rosidl_typesupport_fastrtps_c
[35m[1mScanning dependencies of target turtlebot4_msgs[0m
[ 76%] Built target turtlebot4_msgs
[35m[1mScanning dependencies of target turtlebot4_msgs__py[0m
[ 78%] [34m[1mGenerating Python code for ROS interfaces[0m
[ 78%] Built target turtlebot4_msgs__py
[35m[1mScanning dependencies of target turtlebot4_msgs__python[0m
[ 80%] [32mBuilding C object CMakeFiles/turtlebot4_msgs__python.dir/rosidl_generator_py/turtlebot4_msgs/msg/_user_display_s.c.o[0m
[ 85%] [32mBuilding C object CMakeFiles/turtlebot4_msgs__python.dir/rosidl_generator_py/turtlebot4_msgs/msg/_user_button_s.c.o[0m
[ 85%] [32mBuilding C object CMakeFiles/turtlebot4_msgs__python.dir/rosidl_generator_py/turtlebot4_msgs/msg/_user_led_s.c.o[0m
[ 87%] [32m[1mLinking C shared library rosidl_generator_py/turtlebot4_msgs/libturtlebot4_msgs__python.so[0m
[ 87%] Built target turtlebot4_msgs__python
[35m[1mScanning dependencies of target turtlebot4_msgs__rosidl_typesupport_c__pyext[0m
[35m[1mScanning dependencies of target turtlebot4_msgs__rosidl_typesupport_introspection_c__pyext[0m
[35m[1mScanning dependencies of target turtlebot4_msgs__rosidl_typesupport_fastrtps_c__pyext[0m
[ 89%] [32mBuilding C object CMakeFiles/turtlebot4_msgs__rosidl_typesupport_c__pyext.dir/rosidl_generator_py/turtlebot4_msgs/_turtlebot4_msgs_s.ep.rosidl_typesupport_c.c.o[0m
[ 91%] [32mBuilding C object CMakeFiles/turtlebot4_msgs__rosidl_typesupport_introspection_c__pyext.dir/rosidl_generator_py/turtlebot4_msgs/_turtlebot4_msgs_s.ep.rosidl_typesupport_introspection_c.c.o[0m
[ 93%] [32mBuilding C object CMakeFiles/turtlebot4_msgs__rosidl_typesupport_fastrtps_c__pyext.dir/rosidl_generator_py/turtlebot4_msgs/_turtlebot4_msgs_s.ep.rosidl_typesupport_fastrtps_c.c.o[0m
[ 95%] [32m[1mLinking C shared library rosidl_generator_py/turtlebot4_msgs/turtlebot4_msgs_s__rosidl_typesupport_introspection_c.cpython-38-x86_64-linux-gnu.so[0m
[ 95%] Built target turtlebot4_msgs__rosidl_typesupport_introspection_c__pyext
[ 97%] [32m[1mLinking C shared library rosidl_generator_py/turtlebot4_msgs/turtlebot4_msgs_s__rosidl_typesupport_c.cpython-38-x86_64-linux-gnu.so[0m
[100%] [32m[1mLinking CXX shared library rosidl_generator_py/turtlebot4_msgs/turtlebot4_msgs_s__rosidl_typesupport_fastrtps_c.cpython-38-x86_64-linux-gnu.so[0m
[100%] Built target turtlebot4_msgs__rosidl_typesupport_c__pyext
[100%] Built target turtlebot4_msgs__rosidl_typesupport_fastrtps_c__pyext
-- Install configuration: ""
-- Execute custom install script
-- Symlinking: /home/student/turlebot_ws/install/turtlebot4_msgs/share/ament_index/resource_index/rosidl_interfaces/turtlebot4_msgs
-- Symlinking: /home/student/turlebot_ws/install/turtlebot4_msgs/include/turtlebot4_msgs/msg/detail/user_button__functions.h
-- Symlinking: /home/student/turlebot_ws/install/turtlebot4_msgs/include/turtlebot4_msgs/msg/detail/user_button__struct.h
-- Symlinking: /home/student/turlebot_ws/install/turtlebot4_msgs/include/turtlebot4_msgs/msg/detail/user_button__type_support.h
-- Symlinking: /home/student/turlebot_ws/install/turtlebot4_msgs/include/turtlebot4_msgs/msg/detail/user_display__functions.h
-- Symlinking: /home/student/turlebot_ws/install/turtlebot4_msgs/include/turtlebot4_msgs/msg/detail/user_display__struct.h
-- Symlinking: /home/student/turlebot_ws/install/turtlebot4_msgs/include/turtlebot4_msgs/msg/detail/user_display__type_support.h
-- Symlinking: /home/student/turlebot_ws/install/turtlebot4_msgs/include/turtlebot4_msgs/msg/detail/user_led__functions.h
-- Symlinking: /home/student/turlebot_ws/install/turtlebot4_msgs/include/turtlebot4_msgs/msg/detail/user_led__struct.h
-- Symlinking: /home/student/turlebot_ws/install/turtlebot4_msgs/include/turtlebot4_msgs/msg/detail/user_led__type_support.h
-- Symlinking: /home/student/turlebot_ws/install/turtlebot4_msgs/include/turtlebot4_msgs/msg/rosidl_generator_c__visibility_control.h
-- Symlinking: /home/student/turlebot_ws/install/turtlebot4_msgs/include/turtlebot4_msgs/msg/user_button.h
-- Symlinking: /home/student/turlebot_ws/install/turtlebot4_msgs/include/turtlebot4_msgs/msg/user_display.h
-- Symlinking: /home/student/turlebot_ws/install/turtlebot4_msgs/include/turtlebot4_msgs/msg/user_led.h
-- Symlinking: /home/student/turlebot_ws/install/turtlebot4_msgs/share/turtlebot4_msgs/environment/library_path.sh
-- Symlinking: /home/student/turlebot_ws/install/turtlebot4_msgs/share/turtlebot4_msgs/environment/library_path.dsv
-- Symlinking: /home/student/turlebot_ws/install/turtlebot4_msgs/include/turtlebot4_msgs/msg/detail/user_button__rosidl_typesupport_fastrtps_c.h
-- Symlinking: /home/student/turlebot_ws/install/turtlebot4_msgs/include/turtlebot4_msgs/msg/detail/user_display__rosidl_typesupport_fastrtps_c.h
-- Symlinking: /home/student/turlebot_ws/install/turtlebot4_msgs/include/turtlebot4_msgs/msg/detail/user_led__rosidl_typesupport_fastrtps_c.h
-- Symlinking: /home/student/turlebot_ws/install/turtlebot4_msgs/include/turtlebot4_msgs/msg/rosidl_typesupport_fastrtps_c__visibility_control.h
-- Symlinking: /home/student/turlebot_ws/install/turtlebot4_msgs/lib/libturtlebot4_msgs__rosidl_typesupport_fastrtps_c.so
-- Symlinking: /home/student/turlebot_ws/install/turtlebot4_msgs/include/turtlebot4_msgs/msg/detail/user_button__rosidl_typesupport_fastrtps_cpp.hpp
-- Symlinking: /home/student/turlebot_ws/install/turtlebot4_msgs/include/turtlebot4_msgs/msg/detail/user_display__rosidl_typesupport_fastrtps_cpp.hpp
-- Symlinking: /home/student/turlebot_ws/install/turtlebot4_msgs/include/turtlebot4_msgs/msg/detail/user_led__rosidl_typesupport_fastrtps_cpp.hpp
-- Symlinking: /home/student/turlebot_ws/install/turtlebot4_msgs/include/turtlebot4_msgs/msg/rosidl_typesupport_fastrtps_cpp__visibility_control.h
-- Symlinking: /home/student/turlebot_ws/install/turtlebot4_msgs/lib/libturtlebot4_msgs__rosidl_typesupport_fastrtps_cpp.so
-- Symlinking: /home/student/turlebot_ws/install/turtlebot4_msgs/include/turtlebot4_msgs/msg/detail/user_button__rosidl_typesupport_introspection_c.h
-- Symlinking: /home/student/turlebot_ws/install/turtlebot4_msgs/include/turtlebot4_msgs/msg/detail/user_display__rosidl_typesupport_introspection_c.h
-- Symlinking: /home/student/turlebot_ws/install/turtlebot4_msgs/include/turtlebot4_msgs/msg/detail/user_led__rosidl_typesupport_introspection_c.h
-- Symlinking: /home/student/turlebot_ws/install/turtlebot4_msgs/include/turtlebot4_msgs/msg/rosidl_typesupport_introspection_c__visibility_control.h
-- Symlinking: /home/student/turlebot_ws/install/turtlebot4_msgs/include/turtlebot4_msgs/msg/detail/user_button__builder.hpp
-- Symlinking: /home/student/turlebot_ws/install/turtlebot4_msgs/include/turtlebot4_msgs/msg/detail/user_button__struct.hpp
-- Symlinking: /home/student/turlebot_ws/install/turtlebot4_msgs/include/turtlebot4_msgs/msg/detail/user_button__traits.hpp
-- Symlinking: /home/student/turlebot_ws/install/turtlebot4_msgs/include/turtlebot4_msgs/msg/detail/user_display__builder.hpp
-- Symlinking: /home/student/turlebot_ws/install/turtlebot4_msgs/include/turtlebot4_msgs/msg/detail/user_display__struct.hpp
-- Symlinking: /home/student/turlebot_ws/install/turtlebot4_msgs/include/turtlebot4_msgs/msg/detail/user_display__traits.hpp
-- Symlinking: /home/student/turlebot_ws/install/turtlebot4_msgs/include/turtlebot4_msgs/msg/detail/user_led__builder.hpp
-- Symlinking: /home/student/turlebot_ws/install/turtlebot4_msgs/include/turtlebot4_msgs/msg/detail/user_led__struct.hpp
-- Symlinking: /home/student/turlebot_ws/install/turtlebot4_msgs/include/turtlebot4_msgs/msg/detail/user_led__traits.hpp
-- Symlinking: /home/student/turlebot_ws/install/turtlebot4_msgs/include/turtlebot4_msgs/msg/user_button.hpp
-- Symlinking: /home/student/turlebot_ws/install/turtlebot4_msgs/include/turtlebot4_msgs/msg/user_display.hpp
-- Symlinking: /home/student/turlebot_ws/install/turtlebot4_msgs/include/turtlebot4_msgs/msg/user_led.hpp
-- Symlinking: /home/student/turlebot_ws/install/turtlebot4_msgs/include/turtlebot4_msgs/msg/detail/user_button__rosidl_typesupport_introspection_cpp.hpp
-- Symlinking: /home/student/turlebot_ws/install/turtlebot4_msgs/include/turtlebot4_msgs/msg/detail/user_display__rosidl_typesupport_introspection_cpp.hpp
-- Symlinking: /home/student/turlebot_ws/install/turtlebot4_msgs/include/turtlebot4_msgs/msg/detail/user_led__rosidl_typesupport_introspection_cpp.hpp
-- Symlinking: /home/student/turlebot_ws/install/turtlebot4_msgs/share/turtlebot4_msgs/environment/pythonpath.sh
-- Symlinking: /home/student/turlebot_ws/install/turtlebot4_msgs/share/turtlebot4_msgs/environment/pythonpath.dsv
-- Symlinking: /home/student/turlebot_ws/install/turtlebot4_msgs/lib/python3.8/site-packages/turtlebot4_msgs/__init__.py
-- Symlinking: /home/student/turlebot_ws/install/turtlebot4_msgs/lib/python3.8/site-packages/turtlebot4_msgs/msg/__init__.py
-- Symlinking: /home/student/turlebot_ws/install/turtlebot4_msgs/lib/python3.8/site-packages/turtlebot4_msgs/msg/_user_button.py
-- Symlinking: /home/student/turlebot_ws/install/turtlebot4_msgs/lib/python3.8/site-packages/turtlebot4_msgs/msg/_user_display.py
-- Symlinking: /home/student/turlebot_ws/install/turtlebot4_msgs/lib/python3.8/site-packages/turtlebot4_msgs/msg/_user_led.py
-- Symlinking: /home/student/turlebot_ws/install/turtlebot4_msgs/lib/python3.8/site-packages/turtlebot4_msgs/turtlebot4_msgs_s__rosidl_typesupport_fastrtps_c.cpython-38-x86_64-linux-gnu.so
-- Symlinking: /home/student/turlebot_ws/install/turtlebot4_msgs/lib/python3.8/site-packages/turtlebot4_msgs/turtlebot4_msgs_s__rosidl_typesupport_introspection_c.cpython-38-x86_64-linux-gnu.so
-- Symlinking: /home/student/turlebot_ws/install/turtlebot4_msgs/lib/python3.8/site-packages/turtlebot4_msgs/turtlebot4_msgs_s__rosidl_typesupport_c.cpython-38-x86_64-linux-gnu.so
-- Symlinking: /home/student/turlebot_ws/install/turtlebot4_msgs/lib/libturtlebot4_msgs__python.so
-- Symlinking: /home/student/turlebot_ws/install/turtlebot4_msgs/share/turtlebot4_msgs/msg/UserLed.idl
-- Symlinking: /home/student/turlebot_ws/install/turtlebot4_msgs/share/turtlebot4_msgs/msg/UserButton.idl
-- Symlinking: /home/student/turlebot_ws/install/turtlebot4_msgs/share/turtlebot4_msgs/msg/UserDisplay.idl
-- Symlinking: /home/student/turlebot_ws/install/turtlebot4_msgs/share/turtlebot4_msgs/msg/UserLed.msg
-- Symlinking: /home/student/turlebot_ws/install/turtlebot4_msgs/share/turtlebot4_msgs/msg/UserButton.msg
-- Symlinking: /home/student/turlebot_ws/install/turtlebot4_msgs/share/turtlebot4_msgs/msg/UserDisplay.msg
-- Symlinking: /home/student/turlebot_ws/install/turtlebot4_msgs/share/ament_index/resource_index/package_run_dependencies/turtlebot4_msgs
-- Symlinking: /home/student/turlebot_ws/install/turtlebot4_msgs/share/ament_index/resource_index/parent_prefix_path/turtlebot4_msgs
-- Symlinking: /home/student/turlebot_ws/install/turtlebot4_msgs/share/turtlebot4_msgs/environment/ament_prefix_path.sh
-- Symlinking: /home/student/turlebot_ws/install/turtlebot4_msgs/share/turtlebot4_msgs/environment/ament_prefix_path.dsv
-- Symlinking: /home/student/turlebot_ws/install/turtlebot4_msgs/share/turtlebot4_msgs/environment/path.sh
-- Symlinking: /home/student/turlebot_ws/install/turtlebot4_msgs/share/turtlebot4_msgs/environment/path.dsv
-- Symlinking: /home/student/turlebot_ws/install/turtlebot4_msgs/share/turtlebot4_msgs/local_setup.bash
-- Symlinking: /home/student/turlebot_ws/install/turtlebot4_msgs/share/turtlebot4_msgs/local_setup.sh
-- Symlinking: /home/student/turlebot_ws/install/turtlebot4_msgs/share/turtlebot4_msgs/local_setup.zsh
-- Symlinking: /home/student/turlebot_ws/install/turtlebot4_msgs/share/turtlebot4_msgs/local_setup.dsv
-- Symlinking: /home/student/turlebot_ws/install/turtlebot4_msgs/share/turtlebot4_msgs/package.dsv
-- Symlinking: /home/student/turlebot_ws/install/turtlebot4_msgs/share/ament_index/resource_index/packages/turtlebot4_msgs
-- Symlinking: /home/student/turlebot_ws/install/turtlebot4_msgs/share/turtlebot4_msgs/cmake/rosidl_cmake-extras.cmake
-- Symlinking: /home/student/turlebot_ws/install/turtlebot4_msgs/share/turtlebot4_msgs/cmake/ament_cmake_export_dependencies-extras.cmake
-- Symlinking: /home/student/turlebot_ws/install/turtlebot4_msgs/share/turtlebot4_msgs/cmake/ament_cmake_export_libraries-extras.cmake
-- Symlinking: /home/student/turlebot_ws/install/turtlebot4_msgs/share/turtlebot4_msgs/cmake/ament_cmake_export_targets-extras.cmake
-- Symlinking: /home/student/turlebot_ws/install/turtlebot4_msgs/share/turtlebot4_msgs/cmake/ament_cmake_export_include_directories-extras.cmake
-- Symlinking: /home/student/turlebot_ws/install/turtlebot4_msgs/share/turtlebot4_msgs/cmake/rosidl_cmake_export_typesupport_libraries-extras.cmake
-- Symlinking: /home/student/turlebot_ws/install/turtlebot4_msgs/share/turtlebot4_msgs/cmake/rosidl_cmake_export_typesupport_targets-extras.cmake
-- Symlinking: /home/student/turlebot_ws/install/turtlebot4_msgs/share/turtlebot4_msgs/cmake/turtlebot4_msgsConfig.cmake
-- Symlinking: /home/student/turlebot_ws/install/turtlebot4_msgs/share/turtlebot4_msgs/cmake/turtlebot4_msgsConfig-version.cmake
-- Symlinking: /home/student/turlebot_ws/install/turtlebot4_msgs/share/turtlebot4_msgs/package.xml
-- Installing: /home/student/turlebot_ws/install/turtlebot4_msgs/lib/libturtlebot4_msgs__rosidl_generator_c.so
-- Set runtime path of "/home/student/turlebot_ws/install/turtlebot4_msgs/lib/libturtlebot4_msgs__rosidl_generator_c.so" to ""
-- Installing: /home/student/turlebot_ws/install/turtlebot4_msgs/lib/libturtlebot4_msgs__rosidl_typesupport_introspection_c.so
-- Set runtime path of "/home/student/turlebot_ws/install/turtlebot4_msgs/lib/libturtlebot4_msgs__rosidl_typesupport_introspection_c.so" to ""
-- Installing: /home/student/turlebot_ws/install/turtlebot4_msgs/lib/libturtlebot4_msgs__rosidl_typesupport_c.so
-- Set runtime path of "/home/student/turlebot_ws/install/turtlebot4_msgs/lib/libturtlebot4_msgs__rosidl_typesupport_c.so" to ""
-- Installing: /home/student/turlebot_ws/install/turtlebot4_msgs/lib/libturtlebot4_msgs__rosidl_typesupport_introspection_cpp.so
-- Set runtime path of "/home/student/turlebot_ws/install/turtlebot4_msgs/lib/libturtlebot4_msgs__rosidl_typesupport_introspection_cpp.so" to ""
-- Installing: /home/student/turlebot_ws/install/turtlebot4_msgs/lib/libturtlebot4_msgs__rosidl_typesupport_cpp.so
-- Set runtime path of "/home/student/turlebot_ws/install/turtlebot4_msgs/lib/libturtlebot4_msgs__rosidl_typesupport_cpp.so" to ""
Compiling '/home/student/turlebot_ws/install/turtlebot4_msgs/lib/python3.8/site-packages/turtlebot4_msgs/__init__.py'...
-- Installing: /home/student/turlebot_ws/install/turtlebot4_msgs/share/turtlebot4_msgs/cmake/turtlebot4_msgs__rosidl_generator_cExport.cmake
-- Installing: /home/student/turlebot_ws/install/turtlebot4_msgs/share/turtlebot4_msgs/cmake/turtlebot4_msgs__rosidl_generator_cExport-noconfig.cmake
-- Installing: /home/student/turlebot_ws/install/turtlebot4_msgs/share/turtlebot4_msgs/cmake/turtlebot4_msgs__rosidl_typesupport_introspection_cExport.cmake
-- Installing: /home/student/turlebot_ws/install/turtlebot4_msgs/share/turtlebot4_msgs/cmake/turtlebot4_msgs__rosidl_typesupport_introspection_cExport-noconfig.cmake
-- Installing: /home/student/turlebot_ws/install/turtlebot4_msgs/share/turtlebot4_msgs/cmake/turtlebot4_msgs__rosidl_typesupport_cExport.cmake
-- Installing: /home/student/turlebot_ws/install/turtlebot4_msgs/share/turtlebot4_msgs/cmake/turtlebot4_msgs__rosidl_typesupport_cExport-noconfig.cmake
-- Installing: /home/student/turlebot_ws/install/turtlebot4_msgs/share/turtlebot4_msgs/cmake/turtlebot4_msgs__rosidl_generator_cppExport.cmake
-- Installing: /home/student/turlebot_ws/install/turtlebot4_msgs/share/turtlebot4_msgs/cmake/turtlebot4_msgs__rosidl_typesupport_introspection_cppExport.cmake
-- Installing: /home/student/turlebot_ws/install/turtlebot4_msgs/share/turtlebot4_msgs/cmake/turtlebot4_msgs__rosidl_typesupport_introspection_cppExport-noconfig.cmake
-- Installing: /home/student/turlebot_ws/install/turtlebot4_msgs/share/turtlebot4_msgs/cmake/turtlebot4_msgs__rosidl_typesupport_cppExport.cmake
-- Installing: /home/student/turlebot_ws/install/turtlebot4_msgs/share/turtlebot4_msgs/cmake/turtlebot4_msgs__rosidl_typesupport_cppExport-noconfig.cmake
