[0.033s] Invoking command in '/home/student/turlebot_ws/build/turtlebot4_msgs': CMAKE_PREFIX_PATH=/opt/ros/galactic /usr/bin/cmake /home/student/turlebot_ws/src/turtlebot4/turtlebot4_msgs -DAMENT_CMAKE_SYMLINK_INSTALL=1 -DCMAKE_INSTALL_PREFIX=/home/student/turlebot_ws/install/turtlebot4_msgs
[0.169s] -- The C compiler identification is GNU 9.4.0
[0.236s] -- The CXX compiler identification is GNU 9.4.0
[0.243s] -- Check for working C compiler: /usr/bin/cc
[0.321s] -- Check for working C compiler: /usr/bin/cc -- works
[0.322s] -- Detecting C compiler ABI info
[0.412s] -- Detecting C compiler ABI info - done
[0.432s] -- Detecting C compile features
[0.432s] -- Detecting C compile features - done
[0.434s] -- Check for working CXX compiler: /usr/bin/c++
[0.528s] -- Check for working CXX compiler: /usr/bin/c++ -- works
[0.530s] -- Detecting CXX compiler ABI info
[0.631s] -- Detecting CXX compiler ABI info - done
[0.642s] -- Detecting CXX compile features
[0.642s] -- Detecting CXX compile features - done
[0.645s] -- Found ament_cmake: 1.1.5 (/opt/ros/galactic/share/ament_cmake/cmake)
[0.670s] -- Found PythonInterp: /usr/bin/python3 (found suitable version "3.8.10", minimum required is "3") 
[0.670s] -- Using PYTHON_EXECUTABLE: /usr/bin/python3
[0.739s] -- Override CMake install command with custom implementation using symlinks instead of copying resources
[0.764s] -- Found ament_lint_auto: 0.10.7 (/opt/ros/galactic/share/ament_lint_auto/cmake)
[0.835s] -- Found rosidl_default_generators: 1.1.1 (/opt/ros/galactic/share/rosidl_default_generators/cmake)
[0.838s] -- Using all available rosidl_typesupport_c: rosidl_typesupport_fastrtps_c;rosidl_typesupport_introspection_c
[0.844s] -- Found rosidl_adapter: 2.2.2 (/opt/ros/galactic/share/rosidl_adapter/cmake)
[0.980s] -- Found OpenSSL: /usr/lib/x86_64-linux-gnu/libcrypto.so (found version "1.1.1f")  
[1.013s] -- Found FastRTPS: /opt/ros/galactic/include  
[1.098s] -- Using all available rosidl_typesupport_cpp: rosidl_typesupport_fastrtps_cpp;rosidl_typesupport_introspection_cpp
[1.126s] -- Found std_msgs: 2.2.4 (/opt/ros/galactic/share/std_msgs/cmake)
[1.185s] -- Found PythonInterp: /usr/bin/python3 (found version "3.8.10") 
[1.306s] -- Found ament_cmake_ros: 0.9.2 (/opt/ros/galactic/share/ament_cmake_ros/cmake)
[1.455s] -- Using all available rosidl_typesupport_c: rosidl_typesupport_fastrtps_c;rosidl_typesupport_introspection_c
[1.467s] -- Using all available rosidl_typesupport_cpp: rosidl_typesupport_fastrtps_cpp;rosidl_typesupport_introspection_cpp
[1.493s] -- Found PythonInterp: /usr/bin/python3 (found suitable version "3.8.10", minimum required is "3.5") 
[1.495s] -- Found python_cmake_module: 0.8.1 (/opt/ros/galactic/share/python_cmake_module/cmake)
[1.531s] -- Found PythonLibs: /usr/lib/x86_64-linux-gnu/libpython3.8.so (found suitable version "3.8.10", minimum required is "3.5") 
[1.531s] -- Using PYTHON_EXECUTABLE: /usr/bin/python3
[1.531s] -- Using PYTHON_INCLUDE_DIRS: /usr/include/python3.8
[1.531s] -- Using PYTHON_LIBRARIES: /usr/lib/x86_64-linux-gnu/libpython3.8.so
[1.553s] -- Found PythonExtra: .so  
[1.612s] -- Added test 'copyright' to check source files copyright and LICENSE
[1.615s] -- Added test 'lint_cmake' to check CMake code style
[1.616s] -- Added test 'xmllint' to check XML markup files
[1.630s] -- Configuring done
[1.670s] -- Generating done
[1.672s] -- Build files have been written to: /home/student/turlebot_ws/build/turtlebot4_msgs
[1.683s] Invoked command in '/home/student/turlebot_ws/build/turtlebot4_msgs' returned '0': CMAKE_PREFIX_PATH=/opt/ros/galactic /usr/bin/cmake /home/student/turlebot_ws/src/turtlebot4/turtlebot4_msgs -DAMENT_CMAKE_SYMLINK_INSTALL=1 -DCMAKE_INSTALL_PREFIX=/home/student/turlebot_ws/install/turtlebot4_msgs
[1.684s] Invoking command in '/home/student/turlebot_ws/build/turtlebot4_msgs': CMAKE_PREFIX_PATH=/opt/ros/galactic /usr/bin/cmake --build /home/student/turlebot_ws/build/turtlebot4_msgs -- -j12 -l12
[1.736s] [  2%] [34m[1mGenerating C code for ROS interfaces[0m
[1.737s] [35m[1mScanning dependencies of target turtlebot4_msgs__cpp[0m
[1.752s] [  4%] [34m[1mGenerating C++ code for ROS interfaces[0m
[2.188s] [  4%] Built target turtlebot4_msgs__cpp
[2.205s] [ 10%] [34m[1mGenerating C++ introspection for ROS interfaces[0m
[2.205s] [ 10%] [34m[1mGenerating C++ type support dispatch for ROS interfaces[0m
[2.205s] [ 10%] [34m[1mGenerating C++ type support for eProsima Fast-RTPS[0m
[2.276s] [35m[1mScanning dependencies of target turtlebot4_msgs__rosidl_generator_c[0m
[2.298s] [ 14%] [32mBuilding C object CMakeFiles/turtlebot4_msgs__rosidl_generator_c.dir/rosidl_generator_c/turtlebot4_msgs/msg/detail/user_led__functions.c.o[0m
[2.298s] [ 14%] [32mBuilding C object CMakeFiles/turtlebot4_msgs__rosidl_generator_c.dir/rosidl_generator_c/turtlebot4_msgs/msg/detail/user_display__functions.c.o[0m
[2.300s] [ 17%] [32mBuilding C object CMakeFiles/turtlebot4_msgs__rosidl_generator_c.dir/rosidl_generator_c/turtlebot4_msgs/msg/detail/user_button__functions.c.o[0m
[2.398s] [ 19%] [32m[1mLinking C shared library libturtlebot4_msgs__rosidl_generator_c.so[0m
[2.463s] [ 19%] Built target turtlebot4_msgs__rosidl_generator_c
[2.488s] [ 21%] [34m[1mGenerating C introspection for ROS interfaces[0m
[2.491s] [ 23%] [34m[1mGenerating C type support dispatch for ROS interfaces[0m
[2.935s] [35m[1mScanning dependencies of target turtlebot4_msgs__rosidl_typesupport_cpp[0m
[2.957s] [ 29%] [32mBuilding CXX object CMakeFiles/turtlebot4_msgs__rosidl_typesupport_cpp.dir/rosidl_typesupport_cpp/turtlebot4_msgs/msg/user_display__type_support.cpp.o[0m
[2.958s] [ 29%] [32mBuilding CXX object CMakeFiles/turtlebot4_msgs__rosidl_typesupport_cpp.dir/rosidl_typesupport_cpp/turtlebot4_msgs/msg/user_led__type_support.cpp.o[0m
[2.958s] [ 29%] [32mBuilding CXX object CMakeFiles/turtlebot4_msgs__rosidl_typesupport_cpp.dir/rosidl_typesupport_cpp/turtlebot4_msgs/msg/user_button__type_support.cpp.o[0m
[2.963s] [35m[1mScanning dependencies of target turtlebot4_msgs__rosidl_typesupport_introspection_cpp[0m
[2.996s] [ 31%] [32mBuilding CXX object CMakeFiles/turtlebot4_msgs__rosidl_typesupport_introspection_cpp.dir/rosidl_typesupport_introspection_cpp/turtlebot4_msgs/msg/detail/user_led__type_support.cpp.o[0m
[3.041s] [ 34%] [32mBuilding CXX object CMakeFiles/turtlebot4_msgs__rosidl_typesupport_introspection_cpp.dir/rosidl_typesupport_introspection_cpp/turtlebot4_msgs/msg/detail/user_display__type_support.cpp.o[0m
[3.058s] [ 36%] [32mBuilding CXX object CMakeFiles/turtlebot4_msgs__rosidl_typesupport_introspection_cpp.dir/rosidl_typesupport_introspection_cpp/turtlebot4_msgs/msg/detail/user_button__type_support.cpp.o[0m
[3.148s] [35m[1mScanning dependencies of target turtlebot4_msgs__rosidl_typesupport_fastrtps_cpp[0m
[3.249s] [ 38%] [32mBuilding CXX object CMakeFiles/turtlebot4_msgs__rosidl_typesupport_fastrtps_cpp.dir/rosidl_typesupport_fastrtps_cpp/turtlebot4_msgs/msg/detail/dds_fastrtps/user_button__type_support.cpp.o[0m
[3.253s] [ 40%] [32mBuilding CXX object CMakeFiles/turtlebot4_msgs__rosidl_typesupport_fastrtps_cpp.dir/rosidl_typesupport_fastrtps_cpp/turtlebot4_msgs/msg/detail/dds_fastrtps/user_led__type_support.cpp.o[0m
[3.293s] [35m[1mScanning dependencies of target turtlebot4_msgs__rosidl_typesupport_c[0m
[3.330s] [ 42%] [32mBuilding CXX object CMakeFiles/turtlebot4_msgs__rosidl_typesupport_c.dir/rosidl_typesupport_c/turtlebot4_msgs/msg/user_button__type_support.cpp.o[0m
[3.345s] [35m[1mScanning dependencies of target turtlebot4_msgs__rosidl_typesupport_introspection_c[0m
[3.351s] [ 44%] [32mBuilding CXX object CMakeFiles/turtlebot4_msgs__rosidl_typesupport_c.dir/rosidl_typesupport_c/turtlebot4_msgs/msg/user_led__type_support.cpp.o[0m
[3.375s] [ 46%] [32mBuilding CXX object CMakeFiles/turtlebot4_msgs__rosidl_typesupport_fastrtps_cpp.dir/rosidl_typesupport_fastrtps_cpp/turtlebot4_msgs/msg/detail/dds_fastrtps/user_display__type_support.cpp.o[0m
[3.416s] [ 48%] [32mBuilding C object CMakeFiles/turtlebot4_msgs__rosidl_typesupport_introspection_c.dir/rosidl_typesupport_introspection_c/turtlebot4_msgs/msg/detail/user_led__type_support.c.o[0m
[3.490s] [ 51%] [32mBuilding CXX object CMakeFiles/turtlebot4_msgs__rosidl_typesupport_c.dir/rosidl_typesupport_c/turtlebot4_msgs/msg/user_display__type_support.cpp.o[0m
[3.528s] [ 53%] [32mBuilding C object CMakeFiles/turtlebot4_msgs__rosidl_typesupport_introspection_c.dir/rosidl_typesupport_introspection_c/turtlebot4_msgs/msg/detail/user_button__type_support.c.o[0m
[3.590s] [ 57%] [32m[1mLinking CXX shared library libturtlebot4_msgs__rosidl_typesupport_c.so[0m
[3.590s] [ 57%] [32mBuilding C object CMakeFiles/turtlebot4_msgs__rosidl_typesupport_introspection_c.dir/rosidl_typesupport_introspection_c/turtlebot4_msgs/msg/detail/user_display__type_support.c.o[0m
[3.705s] [ 59%] [32m[1mLinking C shared library libturtlebot4_msgs__rosidl_typesupport_introspection_c.so[0m
[3.727s] [ 59%] Built target turtlebot4_msgs__rosidl_typesupport_c
[3.740s] [ 61%] [32m[1mLinking CXX shared library libturtlebot4_msgs__rosidl_typesupport_cpp.so[0m
[3.829s] [ 61%] Built target turtlebot4_msgs__rosidl_typesupport_introspection_c
[3.878s] [ 63%] [32m[1mLinking CXX shared library libturtlebot4_msgs__rosidl_typesupport_introspection_cpp.so[0m
[3.894s] [ 63%] Built target turtlebot4_msgs__rosidl_typesupport_cpp
[4.015s] [ 63%] Built target turtlebot4_msgs__rosidl_typesupport_introspection_cpp
[4.267s] [ 65%] [32m[1mLinking CXX shared library libturtlebot4_msgs__rosidl_typesupport_fastrtps_cpp.so[0m
[4.403s] [ 65%] Built target turtlebot4_msgs__rosidl_typesupport_fastrtps_cpp
[4.422s] [ 68%] [34m[1mGenerating C type support for eProsima Fast-RTPS[0m
[4.904s] [35m[1mScanning dependencies of target turtlebot4_msgs__rosidl_typesupport_fastrtps_c[0m
[4.931s] [ 70%] [32mBuilding CXX object CMakeFiles/turtlebot4_msgs__rosidl_typesupport_fastrtps_c.dir/rosidl_typesupport_fastrtps_c/turtlebot4_msgs/msg/detail/user_button__type_support_c.cpp.o[0m
[4.931s] [ 74%] [32mBuilding CXX object CMakeFiles/turtlebot4_msgs__rosidl_typesupport_fastrtps_c.dir/rosidl_typesupport_fastrtps_c/turtlebot4_msgs/msg/detail/user_display__type_support_c.cpp.o[0m
[4.932s] [ 74%] [32mBuilding CXX object CMakeFiles/turtlebot4_msgs__rosidl_typesupport_fastrtps_c.dir/rosidl_typesupport_fastrtps_c/turtlebot4_msgs/msg/detail/user_led__type_support_c.cpp.o[0m
[5.577s] [ 76%] [32m[1mLinking CXX shared library libturtlebot4_msgs__rosidl_typesupport_fastrtps_c.so[0m
[5.711s] [ 76%] Built target turtlebot4_msgs__rosidl_typesupport_fastrtps_c
[5.723s] [35m[1mScanning dependencies of target turtlebot4_msgs[0m
[5.736s] [ 76%] Built target turtlebot4_msgs
[5.748s] [35m[1mScanning dependencies of target turtlebot4_msgs__py[0m
[5.761s] [ 78%] [34m[1mGenerating Python code for ROS interfaces[0m
[6.586s] [ 78%] Built target turtlebot4_msgs__py
[6.598s] [35m[1mScanning dependencies of target turtlebot4_msgs__python[0m
[6.624s] [ 80%] [32mBuilding C object CMakeFiles/turtlebot4_msgs__python.dir/rosidl_generator_py/turtlebot4_msgs/msg/_user_display_s.c.o[0m
[6.627s] [ 85%] [32mBuilding C object CMakeFiles/turtlebot4_msgs__python.dir/rosidl_generator_py/turtlebot4_msgs/msg/_user_button_s.c.o[0m
[6.627s] [ 85%] [32mBuilding C object CMakeFiles/turtlebot4_msgs__python.dir/rosidl_generator_py/turtlebot4_msgs/msg/_user_led_s.c.o[0m
[6.782s] [ 87%] [32m[1mLinking C shared library rosidl_generator_py/turtlebot4_msgs/libturtlebot4_msgs__python.so[0m
[6.833s] [ 87%] Built target turtlebot4_msgs__python
[6.848s] [35m[1mScanning dependencies of target turtlebot4_msgs__rosidl_typesupport_c__pyext[0m
[6.852s] [35m[1mScanning dependencies of target turtlebot4_msgs__rosidl_typesupport_introspection_c__pyext[0m
[6.853s] [35m[1mScanning dependencies of target turtlebot4_msgs__rosidl_typesupport_fastrtps_c__pyext[0m
[6.879s] [ 89%] [32mBuilding C object CMakeFiles/turtlebot4_msgs__rosidl_typesupport_c__pyext.dir/rosidl_generator_py/turtlebot4_msgs/_turtlebot4_msgs_s.ep.rosidl_typesupport_c.c.o[0m
[6.899s] [ 91%] [32mBuilding C object CMakeFiles/turtlebot4_msgs__rosidl_typesupport_introspection_c__pyext.dir/rosidl_generator_py/turtlebot4_msgs/_turtlebot4_msgs_s.ep.rosidl_typesupport_introspection_c.c.o[0m
[6.907s] [ 93%] [32mBuilding C object CMakeFiles/turtlebot4_msgs__rosidl_typesupport_fastrtps_c__pyext.dir/rosidl_generator_py/turtlebot4_msgs/_turtlebot4_msgs_s.ep.rosidl_typesupport_fastrtps_c.c.o[0m
[6.997s] [ 95%] [32m[1mLinking C shared library rosidl_generator_py/turtlebot4_msgs/turtlebot4_msgs_s__rosidl_typesupport_introspection_c.cpython-38-x86_64-linux-gnu.so[0m
[7.044s] [ 95%] Built target turtlebot4_msgs__rosidl_typesupport_introspection_c__pyext
[7.052s] [ 97%] [32m[1mLinking C shared library rosidl_generator_py/turtlebot4_msgs/turtlebot4_msgs_s__rosidl_typesupport_c.cpython-38-x86_64-linux-gnu.so[0m
[7.065s] [100%] [32m[1mLinking CXX shared library rosidl_generator_py/turtlebot4_msgs/turtlebot4_msgs_s__rosidl_typesupport_fastrtps_c.cpython-38-x86_64-linux-gnu.so[0m
[7.094s] [100%] Built target turtlebot4_msgs__rosidl_typesupport_c__pyext
[7.170s] [100%] Built target turtlebot4_msgs__rosidl_typesupport_fastrtps_c__pyext
[7.190s] Invoked command in '/home/student/turlebot_ws/build/turtlebot4_msgs' returned '0': CMAKE_PREFIX_PATH=/opt/ros/galactic /usr/bin/cmake --build /home/student/turlebot_ws/build/turtlebot4_msgs -- -j12 -l12
[7.318s] Invoking command in '/home/student/turlebot_ws/build/turtlebot4_msgs': CMAKE_PREFIX_PATH=/opt/ros/galactic /usr/bin/cmake --install /home/student/turlebot_ws/build/turtlebot4_msgs
[7.335s] -- Install configuration: ""
[7.336s] -- Execute custom install script
[7.337s] -- Symlinking: /home/student/turlebot_ws/install/turtlebot4_msgs/share/ament_index/resource_index/rosidl_interfaces/turtlebot4_msgs
[7.355s] -- Symlinking: /home/student/turlebot_ws/install/turtlebot4_msgs/include/turtlebot4_msgs/msg/detail/user_button__functions.h
[7.371s] -- Symlinking: /home/student/turlebot_ws/install/turtlebot4_msgs/include/turtlebot4_msgs/msg/detail/user_button__struct.h
[7.389s] -- Symlinking: /home/student/turlebot_ws/install/turtlebot4_msgs/include/turtlebot4_msgs/msg/detail/user_button__type_support.h
[7.405s] -- Symlinking: /home/student/turlebot_ws/install/turtlebot4_msgs/include/turtlebot4_msgs/msg/detail/user_display__functions.h
[7.422s] -- Symlinking: /home/student/turlebot_ws/install/turtlebot4_msgs/include/turtlebot4_msgs/msg/detail/user_display__struct.h
[7.439s] -- Symlinking: /home/student/turlebot_ws/install/turtlebot4_msgs/include/turtlebot4_msgs/msg/detail/user_display__type_support.h
[7.456s] -- Symlinking: /home/student/turlebot_ws/install/turtlebot4_msgs/include/turtlebot4_msgs/msg/detail/user_led__functions.h
[7.472s] -- Symlinking: /home/student/turlebot_ws/install/turtlebot4_msgs/include/turtlebot4_msgs/msg/detail/user_led__struct.h
[7.489s] -- Symlinking: /home/student/turlebot_ws/install/turtlebot4_msgs/include/turtlebot4_msgs/msg/detail/user_led__type_support.h
[7.505s] -- Symlinking: /home/student/turlebot_ws/install/turtlebot4_msgs/include/turtlebot4_msgs/msg/rosidl_generator_c__visibility_control.h
[7.521s] -- Symlinking: /home/student/turlebot_ws/install/turtlebot4_msgs/include/turtlebot4_msgs/msg/user_button.h
[7.537s] -- Symlinking: /home/student/turlebot_ws/install/turtlebot4_msgs/include/turtlebot4_msgs/msg/user_display.h
[7.553s] -- Symlinking: /home/student/turlebot_ws/install/turtlebot4_msgs/include/turtlebot4_msgs/msg/user_led.h
[7.569s] -- Symlinking: /home/student/turlebot_ws/install/turtlebot4_msgs/share/turtlebot4_msgs/environment/library_path.sh
[7.585s] -- Symlinking: /home/student/turlebot_ws/install/turtlebot4_msgs/share/turtlebot4_msgs/environment/library_path.dsv
[7.602s] -- Symlinking: /home/student/turlebot_ws/install/turtlebot4_msgs/include/turtlebot4_msgs/msg/detail/user_button__rosidl_typesupport_fastrtps_c.h
[7.620s] -- Symlinking: /home/student/turlebot_ws/install/turtlebot4_msgs/include/turtlebot4_msgs/msg/detail/user_display__rosidl_typesupport_fastrtps_c.h
[7.637s] -- Symlinking: /home/student/turlebot_ws/install/turtlebot4_msgs/include/turtlebot4_msgs/msg/detail/user_led__rosidl_typesupport_fastrtps_c.h
[7.654s] -- Symlinking: /home/student/turlebot_ws/install/turtlebot4_msgs/include/turtlebot4_msgs/msg/rosidl_typesupport_fastrtps_c__visibility_control.h
[7.671s] -- Symlinking: /home/student/turlebot_ws/install/turtlebot4_msgs/lib/libturtlebot4_msgs__rosidl_typesupport_fastrtps_c.so
[7.689s] -- Symlinking: /home/student/turlebot_ws/install/turtlebot4_msgs/include/turtlebot4_msgs/msg/detail/user_button__rosidl_typesupport_fastrtps_cpp.hpp
[7.706s] -- Symlinking: /home/student/turlebot_ws/install/turtlebot4_msgs/include/turtlebot4_msgs/msg/detail/user_display__rosidl_typesupport_fastrtps_cpp.hpp
[7.723s] -- Symlinking: /home/student/turlebot_ws/install/turtlebot4_msgs/include/turtlebot4_msgs/msg/detail/user_led__rosidl_typesupport_fastrtps_cpp.hpp
[7.739s] -- Symlinking: /home/student/turlebot_ws/install/turtlebot4_msgs/include/turtlebot4_msgs/msg/rosidl_typesupport_fastrtps_cpp__visibility_control.h
[7.757s] -- Symlinking: /home/student/turlebot_ws/install/turtlebot4_msgs/lib/libturtlebot4_msgs__rosidl_typesupport_fastrtps_cpp.so
[7.776s] -- Symlinking: /home/student/turlebot_ws/install/turtlebot4_msgs/include/turtlebot4_msgs/msg/detail/user_button__rosidl_typesupport_introspection_c.h
[7.796s] -- Symlinking: /home/student/turlebot_ws/install/turtlebot4_msgs/include/turtlebot4_msgs/msg/detail/user_display__rosidl_typesupport_introspection_c.h
[7.816s] -- Symlinking: /home/student/turlebot_ws/install/turtlebot4_msgs/include/turtlebot4_msgs/msg/detail/user_led__rosidl_typesupport_introspection_c.h
[7.835s] -- Symlinking: /home/student/turlebot_ws/install/turtlebot4_msgs/include/turtlebot4_msgs/msg/rosidl_typesupport_introspection_c__visibility_control.h
[7.856s] -- Symlinking: /home/student/turlebot_ws/install/turtlebot4_msgs/include/turtlebot4_msgs/msg/detail/user_button__builder.hpp
[7.875s] -- Symlinking: /home/student/turlebot_ws/install/turtlebot4_msgs/include/turtlebot4_msgs/msg/detail/user_button__struct.hpp
[7.896s] -- Symlinking: /home/student/turlebot_ws/install/turtlebot4_msgs/include/turtlebot4_msgs/msg/detail/user_button__traits.hpp
[7.916s] -- Symlinking: /home/student/turlebot_ws/install/turtlebot4_msgs/include/turtlebot4_msgs/msg/detail/user_display__builder.hpp
[7.935s] -- Symlinking: /home/student/turlebot_ws/install/turtlebot4_msgs/include/turtlebot4_msgs/msg/detail/user_display__struct.hpp
[7.954s] -- Symlinking: /home/student/turlebot_ws/install/turtlebot4_msgs/include/turtlebot4_msgs/msg/detail/user_display__traits.hpp
[7.973s] -- Symlinking: /home/student/turlebot_ws/install/turtlebot4_msgs/include/turtlebot4_msgs/msg/detail/user_led__builder.hpp
[7.993s] -- Symlinking: /home/student/turlebot_ws/install/turtlebot4_msgs/include/turtlebot4_msgs/msg/detail/user_led__struct.hpp
[8.013s] -- Symlinking: /home/student/turlebot_ws/install/turtlebot4_msgs/include/turtlebot4_msgs/msg/detail/user_led__traits.hpp
[8.033s] -- Symlinking: /home/student/turlebot_ws/install/turtlebot4_msgs/include/turtlebot4_msgs/msg/user_button.hpp
[8.052s] -- Symlinking: /home/student/turlebot_ws/install/turtlebot4_msgs/include/turtlebot4_msgs/msg/user_display.hpp
[8.071s] -- Symlinking: /home/student/turlebot_ws/install/turtlebot4_msgs/include/turtlebot4_msgs/msg/user_led.hpp
[8.091s] -- Symlinking: /home/student/turlebot_ws/install/turtlebot4_msgs/include/turtlebot4_msgs/msg/detail/user_button__rosidl_typesupport_introspection_cpp.hpp
[8.111s] -- Symlinking: /home/student/turlebot_ws/install/turtlebot4_msgs/include/turtlebot4_msgs/msg/detail/user_display__rosidl_typesupport_introspection_cpp.hpp
[8.130s] -- Symlinking: /home/student/turlebot_ws/install/turtlebot4_msgs/include/turtlebot4_msgs/msg/detail/user_led__rosidl_typesupport_introspection_cpp.hpp
[8.150s] -- Symlinking: /home/student/turlebot_ws/install/turtlebot4_msgs/share/turtlebot4_msgs/environment/pythonpath.sh
[8.169s] -- Symlinking: /home/student/turlebot_ws/install/turtlebot4_msgs/share/turtlebot4_msgs/environment/pythonpath.dsv
[8.188s] -- Symlinking: /home/student/turlebot_ws/install/turtlebot4_msgs/lib/python3.8/site-packages/turtlebot4_msgs/__init__.py
[8.208s] -- Symlinking: /home/student/turlebot_ws/install/turtlebot4_msgs/lib/python3.8/site-packages/turtlebot4_msgs/msg/__init__.py
[8.228s] -- Symlinking: /home/student/turlebot_ws/install/turtlebot4_msgs/lib/python3.8/site-packages/turtlebot4_msgs/msg/_user_button.py
[8.247s] -- Symlinking: /home/student/turlebot_ws/install/turtlebot4_msgs/lib/python3.8/site-packages/turtlebot4_msgs/msg/_user_display.py
[8.266s] -- Symlinking: /home/student/turlebot_ws/install/turtlebot4_msgs/lib/python3.8/site-packages/turtlebot4_msgs/msg/_user_led.py
[8.286s] -- Symlinking: /home/student/turlebot_ws/install/turtlebot4_msgs/lib/python3.8/site-packages/turtlebot4_msgs/turtlebot4_msgs_s__rosidl_typesupport_fastrtps_c.cpython-38-x86_64-linux-gnu.so
[8.306s] -- Symlinking: /home/student/turlebot_ws/install/turtlebot4_msgs/lib/python3.8/site-packages/turtlebot4_msgs/turtlebot4_msgs_s__rosidl_typesupport_introspection_c.cpython-38-x86_64-linux-gnu.so
[8.325s] -- Symlinking: /home/student/turlebot_ws/install/turtlebot4_msgs/lib/python3.8/site-packages/turtlebot4_msgs/turtlebot4_msgs_s__rosidl_typesupport_c.cpython-38-x86_64-linux-gnu.so
[8.345s] -- Symlinking: /home/student/turlebot_ws/install/turtlebot4_msgs/lib/libturtlebot4_msgs__python.so
[8.363s] -- Symlinking: /home/student/turlebot_ws/install/turtlebot4_msgs/share/turtlebot4_msgs/msg/UserLed.idl
[8.383s] -- Symlinking: /home/student/turlebot_ws/install/turtlebot4_msgs/share/turtlebot4_msgs/msg/UserButton.idl
[8.402s] -- Symlinking: /home/student/turlebot_ws/install/turtlebot4_msgs/share/turtlebot4_msgs/msg/UserDisplay.idl
[8.421s] -- Symlinking: /home/student/turlebot_ws/install/turtlebot4_msgs/share/turtlebot4_msgs/msg/UserLed.msg
[8.441s] -- Symlinking: /home/student/turlebot_ws/install/turtlebot4_msgs/share/turtlebot4_msgs/msg/UserButton.msg
[8.462s] -- Symlinking: /home/student/turlebot_ws/install/turtlebot4_msgs/share/turtlebot4_msgs/msg/UserDisplay.msg
[8.482s] -- Symlinking: /home/student/turlebot_ws/install/turtlebot4_msgs/share/ament_index/resource_index/package_run_dependencies/turtlebot4_msgs
[8.553s] -- Symlinking: /home/student/turlebot_ws/install/turtlebot4_msgs/share/ament_index/resource_index/parent_prefix_path/turtlebot4_msgs
[8.572s] -- Symlinking: /home/student/turlebot_ws/install/turtlebot4_msgs/share/turtlebot4_msgs/environment/ament_prefix_path.sh
[8.591s] -- Symlinking: /home/student/turlebot_ws/install/turtlebot4_msgs/share/turtlebot4_msgs/environment/ament_prefix_path.dsv
[8.611s] -- Symlinking: /home/student/turlebot_ws/install/turtlebot4_msgs/share/turtlebot4_msgs/environment/path.sh
[8.630s] -- Symlinking: /home/student/turlebot_ws/install/turtlebot4_msgs/share/turtlebot4_msgs/environment/path.dsv
[8.649s] -- Symlinking: /home/student/turlebot_ws/install/turtlebot4_msgs/share/turtlebot4_msgs/local_setup.bash
[8.668s] -- Symlinking: /home/student/turlebot_ws/install/turtlebot4_msgs/share/turtlebot4_msgs/local_setup.sh
[8.688s] -- Symlinking: /home/student/turlebot_ws/install/turtlebot4_msgs/share/turtlebot4_msgs/local_setup.zsh
[8.707s] -- Symlinking: /home/student/turlebot_ws/install/turtlebot4_msgs/share/turtlebot4_msgs/local_setup.dsv
[8.726s] -- Symlinking: /home/student/turlebot_ws/install/turtlebot4_msgs/share/turtlebot4_msgs/package.dsv
[8.746s] -- Symlinking: /home/student/turlebot_ws/install/turtlebot4_msgs/share/ament_index/resource_index/packages/turtlebot4_msgs
[8.766s] -- Symlinking: /home/student/turlebot_ws/install/turtlebot4_msgs/share/turtlebot4_msgs/cmake/rosidl_cmake-extras.cmake
[8.785s] -- Symlinking: /home/student/turlebot_ws/install/turtlebot4_msgs/share/turtlebot4_msgs/cmake/ament_cmake_export_dependencies-extras.cmake
[8.805s] -- Symlinking: /home/student/turlebot_ws/install/turtlebot4_msgs/share/turtlebot4_msgs/cmake/ament_cmake_export_libraries-extras.cmake
[8.825s] -- Symlinking: /home/student/turlebot_ws/install/turtlebot4_msgs/share/turtlebot4_msgs/cmake/ament_cmake_export_targets-extras.cmake
[8.844s] -- Symlinking: /home/student/turlebot_ws/install/turtlebot4_msgs/share/turtlebot4_msgs/cmake/ament_cmake_export_include_directories-extras.cmake
[8.864s] -- Symlinking: /home/student/turlebot_ws/install/turtlebot4_msgs/share/turtlebot4_msgs/cmake/rosidl_cmake_export_typesupport_libraries-extras.cmake
[8.884s] -- Symlinking: /home/student/turlebot_ws/install/turtlebot4_msgs/share/turtlebot4_msgs/cmake/rosidl_cmake_export_typesupport_targets-extras.cmake
[8.903s] -- Symlinking: /home/student/turlebot_ws/install/turtlebot4_msgs/share/turtlebot4_msgs/cmake/turtlebot4_msgsConfig.cmake
[8.923s] -- Symlinking: /home/student/turlebot_ws/install/turtlebot4_msgs/share/turtlebot4_msgs/cmake/turtlebot4_msgsConfig-version.cmake
[8.943s] -- Symlinking: /home/student/turlebot_ws/install/turtlebot4_msgs/share/turtlebot4_msgs/package.xml
[8.963s] -- Installing: /home/student/turlebot_ws/install/turtlebot4_msgs/lib/libturtlebot4_msgs__rosidl_generator_c.so
[8.964s] -- Set runtime path of "/home/student/turlebot_ws/install/turtlebot4_msgs/lib/libturtlebot4_msgs__rosidl_generator_c.so" to ""
[8.964s] -- Installing: /home/student/turlebot_ws/install/turtlebot4_msgs/lib/libturtlebot4_msgs__rosidl_typesupport_introspection_c.so
[8.965s] -- Set runtime path of "/home/student/turlebot_ws/install/turtlebot4_msgs/lib/libturtlebot4_msgs__rosidl_typesupport_introspection_c.so" to ""
[8.965s] -- Installing: /home/student/turlebot_ws/install/turtlebot4_msgs/lib/libturtlebot4_msgs__rosidl_typesupport_c.so
[8.966s] -- Set runtime path of "/home/student/turlebot_ws/install/turtlebot4_msgs/lib/libturtlebot4_msgs__rosidl_typesupport_c.so" to ""
[8.967s] -- Installing: /home/student/turlebot_ws/install/turtlebot4_msgs/lib/libturtlebot4_msgs__rosidl_typesupport_introspection_cpp.so
[8.968s] -- Set runtime path of "/home/student/turlebot_ws/install/turtlebot4_msgs/lib/libturtlebot4_msgs__rosidl_typesupport_introspection_cpp.so" to ""
[8.968s] -- Installing: /home/student/turlebot_ws/install/turtlebot4_msgs/lib/libturtlebot4_msgs__rosidl_typesupport_cpp.so
[8.969s] -- Set runtime path of "/home/student/turlebot_ws/install/turtlebot4_msgs/lib/libturtlebot4_msgs__rosidl_typesupport_cpp.so" to ""
[9.033s] Compiling '/home/student/turlebot_ws/install/turtlebot4_msgs/lib/python3.8/site-packages/turtlebot4_msgs/__init__.py'...
[9.042s] -- Installing: /home/student/turlebot_ws/install/turtlebot4_msgs/share/turtlebot4_msgs/cmake/turtlebot4_msgs__rosidl_generator_cExport.cmake
[9.042s] -- Installing: /home/student/turlebot_ws/install/turtlebot4_msgs/share/turtlebot4_msgs/cmake/turtlebot4_msgs__rosidl_generator_cExport-noconfig.cmake
[9.043s] -- Installing: /home/student/turlebot_ws/install/turtlebot4_msgs/share/turtlebot4_msgs/cmake/turtlebot4_msgs__rosidl_typesupport_introspection_cExport.cmake
[9.043s] -- Installing: /home/student/turlebot_ws/install/turtlebot4_msgs/share/turtlebot4_msgs/cmake/turtlebot4_msgs__rosidl_typesupport_introspection_cExport-noconfig.cmake
[9.043s] -- Installing: /home/student/turlebot_ws/install/turtlebot4_msgs/share/turtlebot4_msgs/cmake/turtlebot4_msgs__rosidl_typesupport_cExport.cmake
[9.044s] -- Installing: /home/student/turlebot_ws/install/turtlebot4_msgs/share/turtlebot4_msgs/cmake/turtlebot4_msgs__rosidl_typesupport_cExport-noconfig.cmake
[9.044s] -- Installing: /home/student/turlebot_ws/install/turtlebot4_msgs/share/turtlebot4_msgs/cmake/turtlebot4_msgs__rosidl_generator_cppExport.cmake
[9.045s] -- Installing: /home/student/turlebot_ws/install/turtlebot4_msgs/share/turtlebot4_msgs/cmake/turtlebot4_msgs__rosidl_typesupport_introspection_cppExport.cmake
[9.045s] -- Installing: /home/student/turlebot_ws/install/turtlebot4_msgs/share/turtlebot4_msgs/cmake/turtlebot4_msgs__rosidl_typesupport_introspection_cppExport-noconfig.cmake
[9.046s] -- Installing: /home/student/turlebot_ws/install/turtlebot4_msgs/share/turtlebot4_msgs/cmake/turtlebot4_msgs__rosidl_typesupport_cppExport.cmake
[9.046s] -- Installing: /home/student/turlebot_ws/install/turtlebot4_msgs/share/turtlebot4_msgs/cmake/turtlebot4_msgs__rosidl_typesupport_cppExport-noconfig.cmake
[9.068s] Invoked command in '/home/student/turlebot_ws/build/turtlebot4_msgs' returned '0': CMAKE_PREFIX_PATH=/opt/ros/galactic /usr/bin/cmake --install /home/student/turlebot_ws/build/turtlebot4_msgs
