-- The C compiler identification is GNU 9.4.0
-- The CXX compiler identification is GNU 9.4.0
-- Check for working C compiler: /usr/bin/cc
-- Check for working C compiler: /usr/bin/cc -- works
-- Detecting C compiler ABI info
-- Detecting C compiler ABI info - done
-- Detecting C compile features
-- Detecting C compile features - done
-- Check for working CXX compiler: /usr/bin/c++
-- Check for working CXX compiler: /usr/bin/c++ -- works
-- Detecting CXX compiler ABI info
-- Detecting CXX compiler ABI info - done
-- Detecting CXX compile features
-- Detecting CXX compile features - done
-- Found ament_cmake: 1.1.5 (/opt/ros/galactic/share/ament_cmake/cmake)
-- Found PythonInterp: /usr/bin/python3 (found suitable version "3.8.10", minimum required is "3") 
-- Using PYTHON_EXECUTABLE: /usr/bin/python3
-- Override CMake install command with custom implementation using symlinks instead of copying resources
-- Looking for ignition-math6 -- found version 6.13.0
-- Searching for dependencies of ignition-math6
-- Found rclcpp: 9.2.1 (/opt/ros/galactic/share/rclcpp/cmake)
-- Using all available rosidl_typesupport_c: rosidl_typesupport_fastrtps_c;rosidl_typesupport_introspection_c
-- Found rosidl_adapter: 2.2.2 (/opt/ros/galactic/share/rosidl_adapter/cmake)
-- Found OpenSSL: /usr/lib/x86_64-linux-gnu/libcrypto.so (found version "1.1.1f")  
-- Found FastRTPS: /opt/ros/galactic/include  
-- Using all available rosidl_typesupport_cpp: rosidl_typesupport_fastrtps_cpp;rosidl_typesupport_introspection_cpp
-- Found rmw_implementation_cmake: 3.3.1 (/opt/ros/galactic/share/rmw_implementation_cmake/cmake)
-- Found rmw_cyclonedds_cpp: 0.22.5 (/opt/ros/galactic/share/rmw_cyclonedds_cpp/cmake)
-- Using RMW implementation 'rmw_cyclonedds_cpp' as default
-- Looking for pthread.h
-- Looking for pthread.h - found
-- Performing Test CMAKE_HAVE_LIBC_PTHREAD
-- Performing Test CMAKE_HAVE_LIBC_PTHREAD - Failed
-- Looking for pthread_create in pthreads
-- Looking for pthread_create in pthreads - not found
-- Looking for pthread_create in pthread
-- Looking for pthread_create in pthread - found
-- Found Threads: TRUE  
-- Found ament_lint_auto: 0.10.7 (/opt/ros/galactic/share/ament_lint_auto/cmake)
-- Added test 'cppcheck' to perform static code analysis on C / C++ code
-- Configured cppcheck include dirs: /home/student/turlebot_ws/src/create3_sim/irobot_create_common/irobot_create_toolbox/include
-- Configured cppcheck exclude dirs and/or files: 
-- Added test 'cpplint' to check C / C++ code against the Google style
-- Configured cpplint exclude dirs and/or files: 
-- Added test 'lint_cmake' to check CMake code style
-- Added test 'uncrustify' to check C / C++ code style
-- Configured uncrustify additional arguments: 
-- Added test 'xmllint' to check XML markup files
-- Configuring done
-- Generating done
-- Build files have been written to: /home/student/turlebot_ws/build/irobot_create_toolbox
[35m[1mScanning dependencies of target irobot_create_toolbox[0m
[ 50%] [32mBuilding CXX object CMakeFiles/irobot_create_toolbox.dir/src/polar_coordinates.cpp.o[0m
[100%] [32m[1mLinking CXX shared library libirobot_create_toolbox.so[0m
[100%] Built target irobot_create_toolbox
-- Install configuration: ""
-- Execute custom install script
-- Symlinking: /home/student/turlebot_ws/install/irobot_create_toolbox/lib/libirobot_create_toolbox.so
-- Symlinking: /home/student/turlebot_ws/install/irobot_create_toolbox/include/irobot_create_toolbox/math.hpp
-- Symlinking: /home/student/turlebot_ws/install/irobot_create_toolbox/include/irobot_create_toolbox/polar_coordinates.hpp
-- Symlinking: /home/student/turlebot_ws/install/irobot_create_toolbox/include/irobot_create_toolbox/sensors/bumpers.hpp
-- Symlinking: /home/student/turlebot_ws/install/irobot_create_toolbox/share/irobot_create_toolbox/environment/library_path.sh
-- Symlinking: /home/student/turlebot_ws/install/irobot_create_toolbox/share/irobot_create_toolbox/environment/library_path.dsv
-- Symlinking: /home/student/turlebot_ws/install/irobot_create_toolbox/share/ament_index/resource_index/package_run_dependencies/irobot_create_toolbox
-- Symlinking: /home/student/turlebot_ws/install/irobot_create_toolbox/share/ament_index/resource_index/parent_prefix_path/irobot_create_toolbox
-- Symlinking: /home/student/turlebot_ws/install/irobot_create_toolbox/share/irobot_create_toolbox/environment/ament_prefix_path.sh
-- Symlinking: /home/student/turlebot_ws/install/irobot_create_toolbox/share/irobot_create_toolbox/environment/ament_prefix_path.dsv
-- Symlinking: /home/student/turlebot_ws/install/irobot_create_toolbox/share/irobot_create_toolbox/environment/path.sh
-- Symlinking: /home/student/turlebot_ws/install/irobot_create_toolbox/share/irobot_create_toolbox/environment/path.dsv
-- Symlinking: /home/student/turlebot_ws/install/irobot_create_toolbox/share/irobot_create_toolbox/local_setup.bash
-- Symlinking: /home/student/turlebot_ws/install/irobot_create_toolbox/share/irobot_create_toolbox/local_setup.sh
-- Symlinking: /home/student/turlebot_ws/install/irobot_create_toolbox/share/irobot_create_toolbox/local_setup.zsh
-- Symlinking: /home/student/turlebot_ws/install/irobot_create_toolbox/share/irobot_create_toolbox/local_setup.dsv
-- Symlinking: /home/student/turlebot_ws/install/irobot_create_toolbox/share/irobot_create_toolbox/package.dsv
-- Symlinking: /home/student/turlebot_ws/install/irobot_create_toolbox/share/ament_index/resource_index/packages/irobot_create_toolbox
-- Symlinking: /home/student/turlebot_ws/install/irobot_create_toolbox/share/irobot_create_toolbox/cmake/ament_cmake_export_include_directories-extras.cmake
-- Symlinking: /home/student/turlebot_ws/install/irobot_create_toolbox/share/irobot_create_toolbox/cmake/ament_cmake_export_libraries-extras.cmake
-- Symlinking: /home/student/turlebot_ws/install/irobot_create_toolbox/share/irobot_create_toolbox/cmake/ament_cmake_export_dependencies-extras.cmake
-- Symlinking: /home/student/turlebot_ws/install/irobot_create_toolbox/share/irobot_create_toolbox/cmake/irobot_create_toolboxConfig.cmake
-- Symlinking: /home/student/turlebot_ws/install/irobot_create_toolbox/share/irobot_create_toolbox/cmake/irobot_create_toolboxConfig-version.cmake
-- Symlinking: /home/student/turlebot_ws/install/irobot_create_toolbox/share/irobot_create_toolbox/package.xml
