-- The C compiler identification is GNU 9.4.0
-- The CXX compiler identification is GNU 9.4.0
-- Check for working C compiler: /usr/bin/cc
-- Check for working C compiler: /usr/bin/cc -- works
-- Detecting C compiler ABI info
-- Detecting C compiler ABI info - done
-- Detecting C compile features
-- Detecting C compile features - done
-- Check for working CXX compiler: /usr/bin/c++
-- Check for working CXX compiler: /usr/bin/c++ -- works
-- Detecting CXX compiler ABI info
-- Detecting CXX compiler ABI info - done
-- Detecting CXX compile features
-- Detecting CXX compile features - done
-- Found ament_cmake: 1.1.5 (/opt/ros/galactic/share/ament_cmake/cmake)
-- Found PythonInterp: /usr/bin/python3 (found suitable version "3.8.10", minimum required is "3") 
-- Using PYTHON_EXECUTABLE: /usr/bin/python3
-- Override CMake install command with custom implementation using symlinks instead of copying resources
-- Found rclcpp: 9.2.1 (/opt/ros/galactic/share/rclcpp/cmake)
-- Using all available rosidl_typesupport_c: rosidl_typesupport_fastrtps_c;rosidl_typesupport_introspection_c
-- Found rosidl_adapter: 2.2.2 (/opt/ros/galactic/share/rosidl_adapter/cmake)
-- Found OpenSSL: /usr/lib/x86_64-linux-gnu/libcrypto.so (found version "1.1.1f")  
-- Found FastRTPS: /opt/ros/galactic/include  
-- Using all available rosidl_typesupport_cpp: rosidl_typesupport_fastrtps_cpp;rosidl_typesupport_introspection_cpp
-- Found rmw_implementation_cmake: 3.3.1 (/opt/ros/galactic/share/rmw_implementation_cmake/cmake)
-- Found rmw_cyclonedds_cpp: 0.22.5 (/opt/ros/galactic/share/rmw_cyclonedds_cpp/cmake)
-- Using RMW implementation 'rmw_cyclonedds_cpp' as default
-- Looking for pthread.h
-- Looking for pthread.h - found
-- Performing Test CMAKE_HAVE_LIBC_PTHREAD
-- Performing Test CMAKE_HAVE_LIBC_PTHREAD - Failed
-- Looking for pthread_create in pthreads
-- Looking for pthread_create in pthreads - not found
-- Looking for pthread_create in pthread
-- Looking for pthread_create in pthread - found
-- Found Threads: TRUE  
-- Found rclcpp_action: 9.2.1 (/opt/ros/galactic/share/rclcpp_action/cmake)
-- Found std_srvs: 2.2.4 (/opt/ros/galactic/share/std_srvs/cmake)
-- Found sensor_msgs: 2.2.4 (/opt/ros/galactic/share/sensor_msgs/cmake)
-- Found irobot_create_msgs: 1.2.0 (/home/student/turlebot_ws/install/irobot_create_msgs/share/irobot_create_msgs/cmake)
-- Found turtlebot4_msgs: 0.1.2 (/home/student/turlebot_ws/install/turtlebot4_msgs/share/turtlebot4_msgs/cmake)
-- Found ament_lint_auto: 0.10.7 (/opt/ros/galactic/share/ament_lint_auto/cmake)
-- Added test 'cppcheck' to perform static code analysis on C / C++ code
-- Configured cppcheck include dirs: /home/student/turlebot_ws/src/turtlebot4/turtlebot4_node/include
-- Configured cppcheck exclude dirs and/or files: 
-- Added test 'cpplint' to check C / C++ code against the Google style
-- Configured cpplint exclude dirs and/or files: 
-- Added test 'lint_cmake' to check CMake code style
-- Added test 'uncrustify' to check C / C++ code style
-- Configured uncrustify additional arguments: 
-- Added test 'xmllint' to check XML markup files
-- Configuring done
-- Generating done
-- Build files have been written to: /home/student/turlebot_ws/build/turtlebot4_node
[35m[1mScanning dependencies of target turtlebot4_node_lib[0m
[ 12%] [32mBuilding CXX object CMakeFiles/turtlebot4_node_lib.dir/src/buttons.cpp.o[0m
[ 25%] [32mBuilding CXX object CMakeFiles/turtlebot4_node_lib.dir/src/main.cpp.o[0m
[ 50%] [32mBuilding CXX object CMakeFiles/turtlebot4_node_lib.dir/src/turtlebot4.cpp.o[0m
[ 50%] [32mBuilding CXX object CMakeFiles/turtlebot4_node_lib.dir/src/display.cpp.o[0m
[ 62%] [32mBuilding CXX object CMakeFiles/turtlebot4_node_lib.dir/src/leds.cpp.o[0m
[ 75%] [32m[1mLinking CXX static library libturtlebot4_node_lib.a[0m
[ 75%] Built target turtlebot4_node_lib
[35m[1mScanning dependencies of target turtlebot4_node[0m
[ 87%] [32mBuilding CXX object CMakeFiles/turtlebot4_node.dir/src/main.cpp.o[0m
[100%] [32m[1mLinking CXX executable turtlebot4_node[0m
[100%] Built target turtlebot4_node
-- Install configuration: ""
-- Execute custom install script
-- Symlinking: /home/student/turlebot_ws/install/turtlebot4_node/lib/turtlebot4_node/turtlebot4_node
-- Symlinking: /home/student/turlebot_ws/install/turtlebot4_node/include/turtlebot4_node/action.hpp
-- Symlinking: /home/student/turlebot_ws/install/turtlebot4_node/include/turtlebot4_node/buttons.hpp
-- Symlinking: /home/student/turlebot_ws/install/turtlebot4_node/include/turtlebot4_node/display.hpp
-- Symlinking: /home/student/turlebot_ws/install/turtlebot4_node/include/turtlebot4_node/leds.hpp
-- Symlinking: /home/student/turlebot_ws/install/turtlebot4_node/include/turtlebot4_node/service.hpp
-- Symlinking: /home/student/turlebot_ws/install/turtlebot4_node/include/turtlebot4_node/turtlebot4.hpp
-- Symlinking: /home/student/turlebot_ws/install/turtlebot4_node/include/turtlebot4_node/utils.hpp
-- Symlinking: /home/student/turlebot_ws/install/turtlebot4_node/share/ament_index/resource_index/package_run_dependencies/turtlebot4_node
-- Symlinking: /home/student/turlebot_ws/install/turtlebot4_node/share/ament_index/resource_index/parent_prefix_path/turtlebot4_node
-- Symlinking: /home/student/turlebot_ws/install/turtlebot4_node/share/turtlebot4_node/environment/ament_prefix_path.sh
-- Symlinking: /home/student/turlebot_ws/install/turtlebot4_node/share/turtlebot4_node/environment/ament_prefix_path.dsv
-- Symlinking: /home/student/turlebot_ws/install/turtlebot4_node/share/turtlebot4_node/environment/path.sh
-- Symlinking: /home/student/turlebot_ws/install/turtlebot4_node/share/turtlebot4_node/environment/path.dsv
-- Symlinking: /home/student/turlebot_ws/install/turtlebot4_node/share/turtlebot4_node/local_setup.bash
-- Symlinking: /home/student/turlebot_ws/install/turtlebot4_node/share/turtlebot4_node/local_setup.sh
-- Symlinking: /home/student/turlebot_ws/install/turtlebot4_node/share/turtlebot4_node/local_setup.zsh
-- Symlinking: /home/student/turlebot_ws/install/turtlebot4_node/share/turtlebot4_node/local_setup.dsv
-- Symlinking: /home/student/turlebot_ws/install/turtlebot4_node/share/turtlebot4_node/package.dsv
-- Symlinking: /home/student/turlebot_ws/install/turtlebot4_node/share/ament_index/resource_index/packages/turtlebot4_node
-- Symlinking: /home/student/turlebot_ws/install/turtlebot4_node/share/turtlebot4_node/cmake/ament_cmake_export_include_directories-extras.cmake
-- Symlinking: /home/student/turlebot_ws/install/turtlebot4_node/share/turtlebot4_node/cmake/turtlebot4_nodeConfig.cmake
-- Symlinking: /home/student/turlebot_ws/install/turtlebot4_node/share/turtlebot4_node/cmake/turtlebot4_nodeConfig-version.cmake
-- Symlinking: /home/student/turlebot_ws/install/turtlebot4_node/share/turtlebot4_node/package.xml
