-- The C compiler identification is GNU 9.4.0
-- The CXX compiler identification is GNU 9.4.0
-- Check for working C compiler: /usr/bin/cc
-- Check for working C compiler: /usr/bin/cc -- works
-- Detecting C compiler ABI info
-- Detecting C compiler ABI info - done
-- Detecting C compile features
-- Detecting C compile features - done
-- Check for working CXX compiler: /usr/bin/c++
-- Check for working CXX compiler: /usr/bin/c++ -- works
-- Detecting CXX compiler ABI info
-- Detecting CXX compiler ABI info - done
-- Detecting CXX compile features
-- Detecting CXX compile features - done
-- Found ament_cmake: 1.1.5 (/opt/ros/galactic/share/ament_cmake/cmake)
-- Found PythonInterp: /usr/bin/python3 (found suitable version "3.8.10", minimum required is "3") 
-- Using PYTHON_EXECUTABLE: /usr/bin/python3
-- Override CMake install command with custom implementation using symlinks instead of copying resources
-- Found ament_lint_auto: 0.10.7 (/opt/ros/galactic/share/ament_lint_auto/cmake)
-- Added test 'flake8' to check Python code syntax and style conventions
-- Added test 'lint_cmake' to check CMake code style
-- Added test 'pep257' to check Python code against some of the style conventions in PEP 257
-- Added test 'xmllint' to check XML markup files
-- Configuring done
-- Generating done
-- Build files have been written to: /home/student/turlebot_ws/build/irobot_create_control
-- Install configuration: ""
-- Execute custom install script
-- Symlinking: /home/student/turlebot_ws/install/irobot_create_control/share/irobot_create_control//launch/include/control.py
-- Symlinking: /home/student/turlebot_ws/install/irobot_create_control/share/irobot_create_control//config/control.yaml
-- Symlinking: /home/student/turlebot_ws/install/irobot_create_control/share/ament_index/resource_index/package_run_dependencies/irobot_create_control
-- Symlinking: /home/student/turlebot_ws/install/irobot_create_control/share/ament_index/resource_index/parent_prefix_path/irobot_create_control
-- Symlinking: /home/student/turlebot_ws/install/irobot_create_control/share/irobot_create_control/environment/ament_prefix_path.sh
-- Symlinking: /home/student/turlebot_ws/install/irobot_create_control/share/irobot_create_control/environment/ament_prefix_path.dsv
-- Symlinking: /home/student/turlebot_ws/install/irobot_create_control/share/irobot_create_control/environment/path.sh
-- Symlinking: /home/student/turlebot_ws/install/irobot_create_control/share/irobot_create_control/environment/path.dsv
-- Symlinking: /home/student/turlebot_ws/install/irobot_create_control/share/irobot_create_control/local_setup.bash
-- Symlinking: /home/student/turlebot_ws/install/irobot_create_control/share/irobot_create_control/local_setup.sh
-- Symlinking: /home/student/turlebot_ws/install/irobot_create_control/share/irobot_create_control/local_setup.zsh
-- Symlinking: /home/student/turlebot_ws/install/irobot_create_control/share/irobot_create_control/local_setup.dsv
-- Symlinking: /home/student/turlebot_ws/install/irobot_create_control/share/irobot_create_control/package.dsv
-- Symlinking: /home/student/turlebot_ws/install/irobot_create_control/share/ament_index/resource_index/packages/irobot_create_control
-- Symlinking: /home/student/turlebot_ws/install/irobot_create_control/share/irobot_create_control/cmake/irobot_create_controlConfig.cmake
-- Symlinking: /home/student/turlebot_ws/install/irobot_create_control/share/irobot_create_control/cmake/irobot_create_controlConfig-version.cmake
-- Symlinking: /home/student/turlebot_ws/install/irobot_create_control/share/irobot_create_control/package.xml
