[0.024s] Invoking command in '/home/student/turlebot_ws/build/turtlebot4_description': AMENT_PREFIX_PATH=/home/student/turlebot_ws/install/irobot_create_description:/home/student/turlebot_ws/install/irobot_create_control:/home/student/turlebot_ws/install/irobot_create_nodes:/home/student/turlebot_ws/install/irobot_create_toolbox:/home/student/turlebot_ws/install/irobot_create_msgs:/home/student/turlebot_ws/install/ign_ros2_control:${AMENT_PREFIX_PATH} CMAKE_PREFIX_PATH=/home/student/turlebot_ws/install/irobot_create_description:/home/student/turlebot_ws/install/irobot_create_control:/home/student/turlebot_ws/install/irobot_create_nodes:/home/student/turlebot_ws/install/irobot_create_toolbox:/home/student/turlebot_ws/install/irobot_create_msgs:/home/student/turlebot_ws/install/ign_ros2_control:/opt/ros/galactic LD_LIBRARY_PATH=/home/student/turlebot_ws/install/irobot_create_nodes/lib:/home/student/turlebot_ws/install/irobot_create_toolbox/lib:/home/student/turlebot_ws/install/irobot_create_msgs/lib:/home/student/turlebot_ws/install/ign_ros2_control/lib:/usr/lib/x86_64-linux-gnu/gazebo-11/plugins:/opt/ros/galactic/opt/yaml_cpp_vendor/lib:/opt/ros/galactic/opt/rviz_ogre_vendor/lib:/opt/ros/galactic/lib/x86_64-linux-gnu:/opt/ros/galactic/lib:/usr/local/cuda-11.1/lib64 PYTHONPATH=/home/student/turlebot_ws/install/irobot_create_msgs/lib/python3.8/site-packages:${PYTHONPATH} /usr/bin/cmake /home/student/turlebot_ws/src/turtlebot4/turtlebot4_description -DAMENT_CMAKE_SYMLINK_INSTALL=1 -DCMAKE_INSTALL_PREFIX=/home/student/turlebot_ws/install/turtlebot4_description
[0.084s] -- The C compiler identification is GNU 9.4.0
[0.146s] -- The CXX compiler identification is GNU 9.4.0
[0.151s] -- Check for working C compiler: /usr/bin/cc
[0.231s] -- Check for working C compiler: /usr/bin/cc -- works
[0.232s] -- Detecting C compiler ABI info
[0.308s] -- Detecting C compiler ABI info - done
[0.321s] -- Detecting C compile features
[0.321s] -- Detecting C compile features - done
[0.324s] -- Check for working CXX compiler: /usr/bin/c++
[0.413s] -- Check for working CXX compiler: /usr/bin/c++ -- works
[0.414s] -- Detecting CXX compiler ABI info
[0.505s] -- Detecting CXX compiler ABI info - done
[0.521s] -- Detecting CXX compile features
[0.522s] -- Detecting CXX compile features - done
[0.524s] -- Found ament_cmake: 1.1.5 (/opt/ros/galactic/share/ament_cmake/cmake)
[0.551s] -- Found PythonInterp: /usr/bin/python3 (found suitable version "3.8.10", minimum required is "3") 
[0.551s] -- Using PYTHON_EXECUTABLE: /usr/bin/python3
[0.610s] -- Override CMake install command with custom implementation using symlinks instead of copying resources
[0.696s] -- Found urdf: 2.5.2 (/opt/ros/galactic/share/urdf/cmake)
[0.770s] -- Found irobot_create_description: 1.0.1 (/home/student/turlebot_ws/install/irobot_create_description/share/irobot_create_description/cmake)
[0.772s] -- Found ament_lint_auto: 0.10.7 (/opt/ros/galactic/share/ament_lint_auto/cmake)
[0.863s] -- Added test 'copyright' to check source files copyright and LICENSE
[0.864s] -- Added test 'flake8' to check Python code syntax and style conventions
[0.865s] -- Added test 'lint_cmake' to check CMake code style
[0.866s] -- Added test 'pep257' to check Python code against some of the style conventions in PEP 257
[0.868s] -- Added test 'xmllint' to check XML markup files
[0.871s] -- Configuring done
[0.874s] -- Generating done
[0.875s] -- Build files have been written to: /home/student/turlebot_ws/build/turtlebot4_description
[0.883s] Invoked command in '/home/student/turlebot_ws/build/turtlebot4_description' returned '0': AMENT_PREFIX_PATH=/home/student/turlebot_ws/install/irobot_create_description:/home/student/turlebot_ws/install/irobot_create_control:/home/student/turlebot_ws/install/irobot_create_nodes:/home/student/turlebot_ws/install/irobot_create_toolbox:/home/student/turlebot_ws/install/irobot_create_msgs:/home/student/turlebot_ws/install/ign_ros2_control:${AMENT_PREFIX_PATH} CMAKE_PREFIX_PATH=/home/student/turlebot_ws/install/irobot_create_description:/home/student/turlebot_ws/install/irobot_create_control:/home/student/turlebot_ws/install/irobot_create_nodes:/home/student/turlebot_ws/install/irobot_create_toolbox:/home/student/turlebot_ws/install/irobot_create_msgs:/home/student/turlebot_ws/install/ign_ros2_control:/opt/ros/galactic LD_LIBRARY_PATH=/home/student/turlebot_ws/install/irobot_create_nodes/lib:/home/student/turlebot_ws/install/irobot_create_toolbox/lib:/home/student/turlebot_ws/install/irobot_create_msgs/lib:/home/student/turlebot_ws/install/ign_ros2_control/lib:/usr/lib/x86_64-linux-gnu/gazebo-11/plugins:/opt/ros/galactic/opt/yaml_cpp_vendor/lib:/opt/ros/galactic/opt/rviz_ogre_vendor/lib:/opt/ros/galactic/lib/x86_64-linux-gnu:/opt/ros/galactic/lib:/usr/local/cuda-11.1/lib64 PYTHONPATH=/home/student/turlebot_ws/install/irobot_create_msgs/lib/python3.8/site-packages:${PYTHONPATH} /usr/bin/cmake /home/student/turlebot_ws/src/turtlebot4/turtlebot4_description -DAMENT_CMAKE_SYMLINK_INSTALL=1 -DCMAKE_INSTALL_PREFIX=/home/student/turlebot_ws/install/turtlebot4_description
[0.886s] Invoking command in '/home/student/turlebot_ws/build/turtlebot4_description': AMENT_PREFIX_PATH=/home/student/turlebot_ws/install/irobot_create_description:/home/student/turlebot_ws/install/irobot_create_control:/home/student/turlebot_ws/install/irobot_create_nodes:/home/student/turlebot_ws/install/irobot_create_toolbox:/home/student/turlebot_ws/install/irobot_create_msgs:/home/student/turlebot_ws/install/ign_ros2_control:${AMENT_PREFIX_PATH} CMAKE_PREFIX_PATH=/home/student/turlebot_ws/install/irobot_create_description:/home/student/turlebot_ws/install/irobot_create_control:/home/student/turlebot_ws/install/irobot_create_nodes:/home/student/turlebot_ws/install/irobot_create_toolbox:/home/student/turlebot_ws/install/irobot_create_msgs:/home/student/turlebot_ws/install/ign_ros2_control:/opt/ros/galactic LD_LIBRARY_PATH=/home/student/turlebot_ws/install/irobot_create_nodes/lib:/home/student/turlebot_ws/install/irobot_create_toolbox/lib:/home/student/turlebot_ws/install/irobot_create_msgs/lib:/home/student/turlebot_ws/install/ign_ros2_control/lib:/usr/lib/x86_64-linux-gnu/gazebo-11/plugins:/opt/ros/galactic/opt/yaml_cpp_vendor/lib:/opt/ros/galactic/opt/rviz_ogre_vendor/lib:/opt/ros/galactic/lib/x86_64-linux-gnu:/opt/ros/galactic/lib:/usr/local/cuda-11.1/lib64 PYTHONPATH=/home/student/turlebot_ws/install/irobot_create_msgs/lib/python3.8/site-packages:${PYTHONPATH} /usr/bin/cmake --build /home/student/turlebot_ws/build/turtlebot4_description -- -j12 -l12
[0.927s] Invoked command in '/home/student/turlebot_ws/build/turtlebot4_description' returned '0': AMENT_PREFIX_PATH=/home/student/turlebot_ws/install/irobot_create_description:/home/student/turlebot_ws/install/irobot_create_control:/home/student/turlebot_ws/install/irobot_create_nodes:/home/student/turlebot_ws/install/irobot_create_toolbox:/home/student/turlebot_ws/install/irobot_create_msgs:/home/student/turlebot_ws/install/ign_ros2_control:${AMENT_PREFIX_PATH} CMAKE_PREFIX_PATH=/home/student/turlebot_ws/install/irobot_create_description:/home/student/turlebot_ws/install/irobot_create_control:/home/student/turlebot_ws/install/irobot_create_nodes:/home/student/turlebot_ws/install/irobot_create_toolbox:/home/student/turlebot_ws/install/irobot_create_msgs:/home/student/turlebot_ws/install/ign_ros2_control:/opt/ros/galactic LD_LIBRARY_PATH=/home/student/turlebot_ws/install/irobot_create_nodes/lib:/home/student/turlebot_ws/install/irobot_create_toolbox/lib:/home/student/turlebot_ws/install/irobot_create_msgs/lib:/home/student/turlebot_ws/install/ign_ros2_control/lib:/usr/lib/x86_64-linux-gnu/gazebo-11/plugins:/opt/ros/galactic/opt/yaml_cpp_vendor/lib:/opt/ros/galactic/opt/rviz_ogre_vendor/lib:/opt/ros/galactic/lib/x86_64-linux-gnu:/opt/ros/galactic/lib:/usr/local/cuda-11.1/lib64 PYTHONPATH=/home/student/turlebot_ws/install/irobot_create_msgs/lib/python3.8/site-packages:${PYTHONPATH} /usr/bin/cmake --build /home/student/turlebot_ws/build/turtlebot4_description -- -j12 -l12
[0.956s] Invoking command in '/home/student/turlebot_ws/build/turtlebot4_description': AMENT_PREFIX_PATH=/home/student/turlebot_ws/install/irobot_create_description:/home/student/turlebot_ws/install/irobot_create_control:/home/student/turlebot_ws/install/irobot_create_nodes:/home/student/turlebot_ws/install/irobot_create_toolbox:/home/student/turlebot_ws/install/irobot_create_msgs:/home/student/turlebot_ws/install/ign_ros2_control:${AMENT_PREFIX_PATH} CMAKE_PREFIX_PATH=/home/student/turlebot_ws/install/irobot_create_description:/home/student/turlebot_ws/install/irobot_create_control:/home/student/turlebot_ws/install/irobot_create_nodes:/home/student/turlebot_ws/install/irobot_create_toolbox:/home/student/turlebot_ws/install/irobot_create_msgs:/home/student/turlebot_ws/install/ign_ros2_control:/opt/ros/galactic LD_LIBRARY_PATH=/home/student/turlebot_ws/install/irobot_create_nodes/lib:/home/student/turlebot_ws/install/irobot_create_toolbox/lib:/home/student/turlebot_ws/install/irobot_create_msgs/lib:/home/student/turlebot_ws/install/ign_ros2_control/lib:/usr/lib/x86_64-linux-gnu/gazebo-11/plugins:/opt/ros/galactic/opt/yaml_cpp_vendor/lib:/opt/ros/galactic/opt/rviz_ogre_vendor/lib:/opt/ros/galactic/lib/x86_64-linux-gnu:/opt/ros/galactic/lib:/usr/local/cuda-11.1/lib64 PYTHONPATH=/home/student/turlebot_ws/install/irobot_create_msgs/lib/python3.8/site-packages:${PYTHONPATH} /usr/bin/cmake --install /home/student/turlebot_ws/build/turtlebot4_description
[0.967s] -- Install configuration: ""
[0.967s] -- Execute custom install script
[0.968s] -- Symlinking: /home/student/turlebot_ws/install/turtlebot4_description/share/turtlebot4_description/launch/robot_description.launch.py
[0.979s] -- Symlinking: /home/student/turlebot_ws/install/turtlebot4_description/share/turtlebot4_description/meshes/camera_bracket.dae
[0.990s] -- Symlinking: /home/student/turlebot_ws/install/turtlebot4_description/share/turtlebot4_description/meshes/oakd_lite.dae
[1.001s] -- Symlinking: /home/student/turlebot_ws/install/turtlebot4_description/share/turtlebot4_description/meshes/oakd_pro.dae
[1.011s] -- Symlinking: /home/student/turlebot_ws/install/turtlebot4_description/share/turtlebot4_description/meshes/rplidar.dae
[1.022s] -- Symlinking: /home/student/turlebot_ws/install/turtlebot4_description/share/turtlebot4_description/meshes/shell.dae
[1.034s] -- Symlinking: /home/student/turlebot_ws/install/turtlebot4_description/share/turtlebot4_description/meshes/shell_collision.dae
[1.045s] -- Symlinking: /home/student/turlebot_ws/install/turtlebot4_description/share/turtlebot4_description/meshes/tower.dae
[1.055s] -- Symlinking: /home/student/turlebot_ws/install/turtlebot4_description/share/turtlebot4_description/meshes/tower_sensor_plate.dae
[1.067s] -- Symlinking: /home/student/turlebot_ws/install/turtlebot4_description/share/turtlebot4_description/meshes/tower_standoff.dae
[1.078s] -- Symlinking: /home/student/turlebot_ws/install/turtlebot4_description/share/turtlebot4_description/meshes/weight_block.dae
[1.089s] -- Symlinking: /home/student/turlebot_ws/install/turtlebot4_description/share/turtlebot4_description/urdf/lite/turtlebot4.urdf.xacro
[1.100s] -- Symlinking: /home/student/turlebot_ws/install/turtlebot4_description/share/turtlebot4_description/urdf/sensors/camera_bracket.urdf.xacro
[1.111s] -- Symlinking: /home/student/turlebot_ws/install/turtlebot4_description/share/turtlebot4_description/urdf/sensors/oakd.urdf.xacro
[1.122s] -- Symlinking: /home/student/turlebot_ws/install/turtlebot4_description/share/turtlebot4_description/urdf/sensors/rplidar.urdf.xacro
[1.133s] -- Symlinking: /home/student/turlebot_ws/install/turtlebot4_description/share/turtlebot4_description/urdf/standard/tower_sensor_plate.urdf.xacro
[1.144s] -- Symlinking: /home/student/turlebot_ws/install/turtlebot4_description/share/turtlebot4_description/urdf/standard/tower_standoff.urdf.xacro
[1.155s] -- Symlinking: /home/student/turlebot_ws/install/turtlebot4_description/share/turtlebot4_description/urdf/standard/turtlebot4.urdf.xacro
[1.166s] -- Symlinking: /home/student/turlebot_ws/install/turtlebot4_description/share/turtlebot4_description/urdf/standard/weight_block.urdf.xacro
[1.177s] -- Symlinking: /home/student/turlebot_ws/install/turtlebot4_description/share/ament_index/resource_index/package_run_dependencies/turtlebot4_description
[1.188s] -- Symlinking: /home/student/turlebot_ws/install/turtlebot4_description/share/ament_index/resource_index/parent_prefix_path/turtlebot4_description
[1.258s] -- Symlinking: /home/student/turlebot_ws/install/turtlebot4_description/share/turtlebot4_description/environment/ament_prefix_path.sh
[1.269s] -- Symlinking: /home/student/turlebot_ws/install/turtlebot4_description/share/turtlebot4_description/environment/ament_prefix_path.dsv
[1.279s] -- Symlinking: /home/student/turlebot_ws/install/turtlebot4_description/share/turtlebot4_description/environment/path.sh
[1.292s] -- Symlinking: /home/student/turlebot_ws/install/turtlebot4_description/share/turtlebot4_description/environment/path.dsv
[1.302s] -- Symlinking: /home/student/turlebot_ws/install/turtlebot4_description/share/turtlebot4_description/local_setup.bash
[1.312s] -- Symlinking: /home/student/turlebot_ws/install/turtlebot4_description/share/turtlebot4_description/local_setup.sh
[1.324s] -- Symlinking: /home/student/turlebot_ws/install/turtlebot4_description/share/turtlebot4_description/local_setup.zsh
[1.333s] -- Symlinking: /home/student/turlebot_ws/install/turtlebot4_description/share/turtlebot4_description/local_setup.dsv
[1.343s] -- Symlinking: /home/student/turlebot_ws/install/turtlebot4_description/share/turtlebot4_description/package.dsv
[1.354s] -- Symlinking: /home/student/turlebot_ws/install/turtlebot4_description/share/ament_index/resource_index/packages/turtlebot4_description
[1.365s] -- Symlinking: /home/student/turlebot_ws/install/turtlebot4_description/share/turtlebot4_description/cmake/turtlebot4_descriptionConfig.cmake
[1.375s] -- Symlinking: /home/student/turlebot_ws/install/turtlebot4_description/share/turtlebot4_description/cmake/turtlebot4_descriptionConfig-version.cmake
[1.386s] -- Symlinking: /home/student/turlebot_ws/install/turtlebot4_description/share/turtlebot4_description/package.xml
[1.398s] Invoked command in '/home/student/turlebot_ws/build/turtlebot4_description' returned '0': AMENT_PREFIX_PATH=/home/student/turlebot_ws/install/irobot_create_description:/home/student/turlebot_ws/install/irobot_create_control:/home/student/turlebot_ws/install/irobot_create_nodes:/home/student/turlebot_ws/install/irobot_create_toolbox:/home/student/turlebot_ws/install/irobot_create_msgs:/home/student/turlebot_ws/install/ign_ros2_control:${AMENT_PREFIX_PATH} CMAKE_PREFIX_PATH=/home/student/turlebot_ws/install/irobot_create_description:/home/student/turlebot_ws/install/irobot_create_control:/home/student/turlebot_ws/install/irobot_create_nodes:/home/student/turlebot_ws/install/irobot_create_toolbox:/home/student/turlebot_ws/install/irobot_create_msgs:/home/student/turlebot_ws/install/ign_ros2_control:/opt/ros/galactic LD_LIBRARY_PATH=/home/student/turlebot_ws/install/irobot_create_nodes/lib:/home/student/turlebot_ws/install/irobot_create_toolbox/lib:/home/student/turlebot_ws/install/irobot_create_msgs/lib:/home/student/turlebot_ws/install/ign_ros2_control/lib:/usr/lib/x86_64-linux-gnu/gazebo-11/plugins:/opt/ros/galactic/opt/yaml_cpp_vendor/lib:/opt/ros/galactic/opt/rviz_ogre_vendor/lib:/opt/ros/galactic/lib/x86_64-linux-gnu:/opt/ros/galactic/lib:/usr/local/cuda-11.1/lib64 PYTHONPATH=/home/student/turlebot_ws/install/irobot_create_msgs/lib/python3.8/site-packages:${PYTHONPATH} /usr/bin/cmake --install /home/student/turlebot_ws/build/turtlebot4_description
