[0.066s] Invoking command in '/home/student/turlebot_ws/build/irobot_create_gazebo_bringup': AMENT_PREFIX_PATH=/home/student/turlebot_ws/install/irobot_create_common_bringup:/home/student/turlebot_ws/install/irobot_create_description:/home/student/turlebot_ws/install/irobot_create_control:/home/student/turlebot_ws/install/irobot_create_nodes:/home/student/turlebot_ws/install/irobot_create_gazebo_plugins:/home/student/turlebot_ws/install/irobot_create_toolbox:/home/student/turlebot_ws/install/irobot_create_msgs:/home/student/turlebot_ws/install/ign_ros2_control:${AMENT_PREFIX_PATH} CMAKE_PREFIX_PATH=/home/student/turlebot_ws/install/irobot_create_common_bringup:/home/student/turlebot_ws/install/irobot_create_description:/home/student/turlebot_ws/install/irobot_create_control:/home/student/turlebot_ws/install/irobot_create_nodes:/home/student/turlebot_ws/install/irobot_create_gazebo_plugins:/home/student/turlebot_ws/install/irobot_create_toolbox:/home/student/turlebot_ws/install/irobot_create_msgs:/home/student/turlebot_ws/install/ign_ros2_control:/opt/ros/galactic LD_LIBRARY_PATH=/home/student/turlebot_ws/install/irobot_create_nodes/lib:/home/student/turlebot_ws/install/irobot_create_gazebo_plugins/lib:/home/student/turlebot_ws/install/irobot_create_toolbox/lib:/home/student/turlebot_ws/install/irobot_create_msgs/lib:/home/student/turlebot_ws/install/ign_ros2_control/lib:/usr/lib/x86_64-linux-gnu/gazebo-11/plugins:/opt/ros/galactic/opt/yaml_cpp_vendor/lib:/opt/ros/galactic/opt/rviz_ogre_vendor/lib:/opt/ros/galactic/lib/x86_64-linux-gnu:/opt/ros/galactic/lib:/usr/local/cuda-11.1/lib64 PYTHONPATH=/home/student/turlebot_ws/install/irobot_create_msgs/lib/python3.8/site-packages:${PYTHONPATH} /usr/bin/cmake /home/student/turlebot_ws/src/create3_sim/irobot_create_gazebo/irobot_create_gazebo_bringup -DAMENT_CMAKE_SYMLINK_INSTALL=1 -DCMAKE_INSTALL_PREFIX=/home/student/turlebot_ws/install/irobot_create_gazebo_bringup
[0.116s] -- The C compiler identification is GNU 9.4.0
[0.167s] -- The CXX compiler identification is GNU 9.4.0
[0.171s] -- Check for working C compiler: /usr/bin/cc
[0.236s] -- Check for working C compiler: /usr/bin/cc -- works
[0.237s] -- Detecting C compiler ABI info
[0.301s] -- Detecting C compiler ABI info - done
[0.311s] -- Detecting C compile features
[0.312s] -- Detecting C compile features - done
[0.314s] -- Check for working CXX compiler: /usr/bin/c++
[0.389s] -- Check for working CXX compiler: /usr/bin/c++ -- works
[0.390s] -- Detecting CXX compiler ABI info
[0.466s] -- Detecting CXX compiler ABI info - done
[0.476s] -- Detecting CXX compile features
[0.476s] -- Detecting CXX compile features - done
[0.479s] -- Found ament_cmake: 1.1.5 (/opt/ros/galactic/share/ament_cmake/cmake)
[0.502s] -- Found PythonInterp: /usr/bin/python3 (found suitable version "3.8.10", minimum required is "3") 
[0.502s] -- Using PYTHON_EXECUTABLE: /usr/bin/python3
[0.550s] -- Override CMake install command with custom implementation using symlinks instead of copying resources
[0.583s] -- Found PkgConfig: /usr/bin/pkg-config (found version "0.29.1") 
[0.588s] -- Checking for module 'bullet>=2.82'
[0.606s] --   Found bullet, version 2.88
[0.746s] -- Found ccd: /usr/include (found suitable version "2.0", minimum required is "2.0") 
[0.812s] -- Found fcl: /usr/include (found suitable version "0.5.0", minimum required is "0.3.2") 
[0.879s] -- Found assimp: /usr/include (found version "5.0.0") 
[0.902s] -- Found DART: /usr/include (Required is at least version "6.6") found components: dart 
[1.188s] -- Found Boost: /usr/lib/x86_64-linux-gnu/cmake/Boost-1.71.0/BoostConfig.cmake (found suitable version "1.71.0", minimum required is "1.40.0") found components: thread system filesystem program_options regex iostreams date_time 
[1.208s] -- Found Protobuf: /usr/lib/x86_64-linux-gnu/libprotobuf.so;-lpthread (found version "3.6.1") 
[1.213s] -- Looking for ignition-math6 -- found version 6.13.0
[1.219s] -- Searching for dependencies of ignition-math6
[1.221s] -- Looking for OGRE...
[1.221s] -- OGRE_PREFIX_WATCH changed.
[1.225s] -- Checking for module 'OGRE'
[1.244s] --   Found OGRE, version 1.9.0
[1.290s] -- Found Ogre Ghadamon (1.9.0)
[1.299s] -- Found OGRE: optimized;/usr/lib/x86_64-linux-gnu/libOgreMain.so;debug;/usr/lib/x86_64-linux-gnu/libOgreMain.so
[1.308s] -- Looking for OGRE_Paging...
[1.314s] -- Found OGRE_Paging: optimized;/usr/lib/x86_64-linux-gnu/libOgrePaging.so;debug;/usr/lib/x86_64-linux-gnu/libOgrePaging.so
[1.315s] -- Looking for OGRE_Terrain...
[1.321s] -- Found OGRE_Terrain: optimized;/usr/lib/x86_64-linux-gnu/libOgreTerrain.so;debug;/usr/lib/x86_64-linux-gnu/libOgreTerrain.so
[1.321s] -- Looking for OGRE_Property...
[1.327s] -- Found OGRE_Property: optimized;/usr/lib/x86_64-linux-gnu/libOgreProperty.so;debug;/usr/lib/x86_64-linux-gnu/libOgreProperty.so
[1.327s] -- Looking for OGRE_RTShaderSystem...
[1.335s] -- Found OGRE_RTShaderSystem: optimized;/usr/lib/x86_64-linux-gnu/libOgreRTShaderSystem.so;debug;/usr/lib/x86_64-linux-gnu/libOgreRTShaderSystem.so
[1.335s] -- Looking for OGRE_Volume...
[1.341s] -- Found OGRE_Volume: optimized;/usr/lib/x86_64-linux-gnu/libOgreVolume.so;debug;/usr/lib/x86_64-linux-gnu/libOgreVolume.so
[1.341s] -- Looking for OGRE_Overlay...
[1.347s] -- Found OGRE_Overlay: optimized;/usr/lib/x86_64-linux-gnu/libOgreOverlay.so;debug;/usr/lib/x86_64-linux-gnu/libOgreOverlay.so
[1.524s] -- Looking for ignition-math6 -- found version 6.13.0
[1.524s] -- Looking for ignition-transport8 -- found version 8.3.0
[1.524s] -- Searching for dependencies of ignition-transport8
[1.524s] -- Found Protobuf: /usr/lib/x86_64-linux-gnu/libprotobuf.so;-lpthread (found suitable version "3.6.1", minimum required is "3") 
[1.524s] -- Config-file not installed for ZeroMQ -- checking for pkg-config
[1.528s] -- Checking for module 'libzmq >= 4'
[1.547s] --   Found libzmq , version 4.3.2
[1.594s] -- Found ZeroMQ: TRUE (Required is at least version "4") 
[1.600s] -- Checking for module 'uuid'
[1.618s] --   Found uuid, version 2.34.0
[1.664s] -- Found UUID: TRUE  
[1.666s] -- Looking for ignition-msgs5 -- found version 5.10.0
[1.666s] -- Searching for dependencies of ignition-msgs5
[1.685s] -- Looking for ignition-math6 -- found version 6.13.0
[1.690s] -- Checking for module 'tinyxml2'
[1.708s] --   Found tinyxml2, version 6.2.0
[1.755s] -- Looking for ignition-msgs5 -- found version 5.10.0
[1.757s] -- Looking for ignition-common3 -- found version 3.14.2
[1.757s] -- Searching for dependencies of ignition-common3
[1.758s] -- Looking for dlfcn.h - found
[1.759s] -- Looking for libdl - found
[1.760s] -- Found DL: TRUE  
[1.768s] -- Searching for <ignition-common3> component [graphics]
[1.771s] -- Looking for ignition-common3-graphics -- found version 3.14.2
[1.771s] -- Searching for dependencies of ignition-common3-graphics
[1.771s] -- Looking for ignition-math6 -- found version 6.13.0
[1.774s] -- Looking for ignition-fuel_tools4 -- found version 4.6.0
[1.775s] -- Searching for dependencies of ignition-fuel_tools4
[1.861s] -- Found CURL: /usr/lib/x86_64-linux-gnu/libcurl.so (found version "7.68.0")  
[1.869s] -- Checking for module 'jsoncpp'
[1.887s] --   Found jsoncpp, version 1.7.4
[1.934s] -- Found JSONCPP: TRUE  
[1.940s] -- Checking for module 'libzip'
[1.959s] --   Found libzip, version 1.5.1
[2.006s] -- Found ZIP: TRUE  
[2.006s] -- Looking for ignition-common3 -- found version 3.14.2
[2.006s] -- Looking for ignition-math6 -- found version 6.13.0
[2.007s] -- Looking for ignition-msgs5 -- found version 5.10.0
[2.008s] -- Gazebo version: 11.11
[2.214s] -- Using all available rosidl_typesupport_c: rosidl_typesupport_fastrtps_c;rosidl_typesupport_introspection_c
[2.221s] -- Found rosidl_adapter: 2.2.2 (/opt/ros/galactic/share/rosidl_adapter/cmake)
[2.314s] -- Found OpenSSL: /usr/lib/x86_64-linux-gnu/libcrypto.so (found version "1.1.1f")  
[2.340s] -- Found FastRTPS: /opt/ros/galactic/include  
[2.419s] -- Using all available rosidl_typesupport_cpp: rosidl_typesupport_fastrtps_cpp;rosidl_typesupport_introspection_cpp
[2.479s] -- Found rmw_implementation_cmake: 3.3.1 (/opt/ros/galactic/share/rmw_implementation_cmake/cmake)
[2.482s] -- Found rmw_cyclonedds_cpp: 0.22.5 (/opt/ros/galactic/share/rmw_cyclonedds_cpp/cmake)
[2.501s] -- Using RMW implementation 'rmw_cyclonedds_cpp' as default
[2.503s] -- Found Threads: TRUE  
[2.718s] -- Found ament_lint_auto: 0.10.7 (/opt/ros/galactic/share/ament_lint_auto/cmake)
[2.787s] -- Added test 'flake8' to check Python code syntax and style conventions
[2.787s] -- Added test 'lint_cmake' to check CMake code style
[2.788s] -- Added test 'pep257' to check Python code against some of the style conventions in PEP 257
[2.789s] -- Added test 'xmllint' to check XML markup files
[2.793s] -- Configuring done
[2.796s] -- Generating done
[2.798s] -- Build files have been written to: /home/student/turlebot_ws/build/irobot_create_gazebo_bringup
[2.808s] Invoked command in '/home/student/turlebot_ws/build/irobot_create_gazebo_bringup' returned '0': AMENT_PREFIX_PATH=/home/student/turlebot_ws/install/irobot_create_common_bringup:/home/student/turlebot_ws/install/irobot_create_description:/home/student/turlebot_ws/install/irobot_create_control:/home/student/turlebot_ws/install/irobot_create_nodes:/home/student/turlebot_ws/install/irobot_create_gazebo_plugins:/home/student/turlebot_ws/install/irobot_create_toolbox:/home/student/turlebot_ws/install/irobot_create_msgs:/home/student/turlebot_ws/install/ign_ros2_control:${AMENT_PREFIX_PATH} CMAKE_PREFIX_PATH=/home/student/turlebot_ws/install/irobot_create_common_bringup:/home/student/turlebot_ws/install/irobot_create_description:/home/student/turlebot_ws/install/irobot_create_control:/home/student/turlebot_ws/install/irobot_create_nodes:/home/student/turlebot_ws/install/irobot_create_gazebo_plugins:/home/student/turlebot_ws/install/irobot_create_toolbox:/home/student/turlebot_ws/install/irobot_create_msgs:/home/student/turlebot_ws/install/ign_ros2_control:/opt/ros/galactic LD_LIBRARY_PATH=/home/student/turlebot_ws/install/irobot_create_nodes/lib:/home/student/turlebot_ws/install/irobot_create_gazebo_plugins/lib:/home/student/turlebot_ws/install/irobot_create_toolbox/lib:/home/student/turlebot_ws/install/irobot_create_msgs/lib:/home/student/turlebot_ws/install/ign_ros2_control/lib:/usr/lib/x86_64-linux-gnu/gazebo-11/plugins:/opt/ros/galactic/opt/yaml_cpp_vendor/lib:/opt/ros/galactic/opt/rviz_ogre_vendor/lib:/opt/ros/galactic/lib/x86_64-linux-gnu:/opt/ros/galactic/lib:/usr/local/cuda-11.1/lib64 PYTHONPATH=/home/student/turlebot_ws/install/irobot_create_msgs/lib/python3.8/site-packages:${PYTHONPATH} /usr/bin/cmake /home/student/turlebot_ws/src/create3_sim/irobot_create_gazebo/irobot_create_gazebo_bringup -DAMENT_CMAKE_SYMLINK_INSTALL=1 -DCMAKE_INSTALL_PREFIX=/home/student/turlebot_ws/install/irobot_create_gazebo_bringup
[2.811s] Invoking command in '/home/student/turlebot_ws/build/irobot_create_gazebo_bringup': AMENT_PREFIX_PATH=/home/student/turlebot_ws/install/irobot_create_common_bringup:/home/student/turlebot_ws/install/irobot_create_description:/home/student/turlebot_ws/install/irobot_create_control:/home/student/turlebot_ws/install/irobot_create_nodes:/home/student/turlebot_ws/install/irobot_create_gazebo_plugins:/home/student/turlebot_ws/install/irobot_create_toolbox:/home/student/turlebot_ws/install/irobot_create_msgs:/home/student/turlebot_ws/install/ign_ros2_control:${AMENT_PREFIX_PATH} CMAKE_PREFIX_PATH=/home/student/turlebot_ws/install/irobot_create_common_bringup:/home/student/turlebot_ws/install/irobot_create_description:/home/student/turlebot_ws/install/irobot_create_control:/home/student/turlebot_ws/install/irobot_create_nodes:/home/student/turlebot_ws/install/irobot_create_gazebo_plugins:/home/student/turlebot_ws/install/irobot_create_toolbox:/home/student/turlebot_ws/install/irobot_create_msgs:/home/student/turlebot_ws/install/ign_ros2_control:/opt/ros/galactic LD_LIBRARY_PATH=/home/student/turlebot_ws/install/irobot_create_nodes/lib:/home/student/turlebot_ws/install/irobot_create_gazebo_plugins/lib:/home/student/turlebot_ws/install/irobot_create_toolbox/lib:/home/student/turlebot_ws/install/irobot_create_msgs/lib:/home/student/turlebot_ws/install/ign_ros2_control/lib:/usr/lib/x86_64-linux-gnu/gazebo-11/plugins:/opt/ros/galactic/opt/yaml_cpp_vendor/lib:/opt/ros/galactic/opt/rviz_ogre_vendor/lib:/opt/ros/galactic/lib/x86_64-linux-gnu:/opt/ros/galactic/lib:/usr/local/cuda-11.1/lib64 PYTHONPATH=/home/student/turlebot_ws/install/irobot_create_msgs/lib/python3.8/site-packages:${PYTHONPATH} /usr/bin/cmake --build /home/student/turlebot_ws/build/irobot_create_gazebo_bringup -- -j12 -l12
[2.855s] Invoked command in '/home/student/turlebot_ws/build/irobot_create_gazebo_bringup' returned '0': AMENT_PREFIX_PATH=/home/student/turlebot_ws/install/irobot_create_common_bringup:/home/student/turlebot_ws/install/irobot_create_description:/home/student/turlebot_ws/install/irobot_create_control:/home/student/turlebot_ws/install/irobot_create_nodes:/home/student/turlebot_ws/install/irobot_create_gazebo_plugins:/home/student/turlebot_ws/install/irobot_create_toolbox:/home/student/turlebot_ws/install/irobot_create_msgs:/home/student/turlebot_ws/install/ign_ros2_control:${AMENT_PREFIX_PATH} CMAKE_PREFIX_PATH=/home/student/turlebot_ws/install/irobot_create_common_bringup:/home/student/turlebot_ws/install/irobot_create_description:/home/student/turlebot_ws/install/irobot_create_control:/home/student/turlebot_ws/install/irobot_create_nodes:/home/student/turlebot_ws/install/irobot_create_gazebo_plugins:/home/student/turlebot_ws/install/irobot_create_toolbox:/home/student/turlebot_ws/install/irobot_create_msgs:/home/student/turlebot_ws/install/ign_ros2_control:/opt/ros/galactic LD_LIBRARY_PATH=/home/student/turlebot_ws/install/irobot_create_nodes/lib:/home/student/turlebot_ws/install/irobot_create_gazebo_plugins/lib:/home/student/turlebot_ws/install/irobot_create_toolbox/lib:/home/student/turlebot_ws/install/irobot_create_msgs/lib:/home/student/turlebot_ws/install/ign_ros2_control/lib:/usr/lib/x86_64-linux-gnu/gazebo-11/plugins:/opt/ros/galactic/opt/yaml_cpp_vendor/lib:/opt/ros/galactic/opt/rviz_ogre_vendor/lib:/opt/ros/galactic/lib/x86_64-linux-gnu:/opt/ros/galactic/lib:/usr/local/cuda-11.1/lib64 PYTHONPATH=/home/student/turlebot_ws/install/irobot_create_msgs/lib/python3.8/site-packages:${PYTHONPATH} /usr/bin/cmake --build /home/student/turlebot_ws/build/irobot_create_gazebo_bringup -- -j12 -l12
[2.879s] Invoking command in '/home/student/turlebot_ws/build/irobot_create_gazebo_bringup': AMENT_PREFIX_PATH=/home/student/turlebot_ws/install/irobot_create_common_bringup:/home/student/turlebot_ws/install/irobot_create_description:/home/student/turlebot_ws/install/irobot_create_control:/home/student/turlebot_ws/install/irobot_create_nodes:/home/student/turlebot_ws/install/irobot_create_gazebo_plugins:/home/student/turlebot_ws/install/irobot_create_toolbox:/home/student/turlebot_ws/install/irobot_create_msgs:/home/student/turlebot_ws/install/ign_ros2_control:${AMENT_PREFIX_PATH} CMAKE_PREFIX_PATH=/home/student/turlebot_ws/install/irobot_create_common_bringup:/home/student/turlebot_ws/install/irobot_create_description:/home/student/turlebot_ws/install/irobot_create_control:/home/student/turlebot_ws/install/irobot_create_nodes:/home/student/turlebot_ws/install/irobot_create_gazebo_plugins:/home/student/turlebot_ws/install/irobot_create_toolbox:/home/student/turlebot_ws/install/irobot_create_msgs:/home/student/turlebot_ws/install/ign_ros2_control:/opt/ros/galactic LD_LIBRARY_PATH=/home/student/turlebot_ws/install/irobot_create_nodes/lib:/home/student/turlebot_ws/install/irobot_create_gazebo_plugins/lib:/home/student/turlebot_ws/install/irobot_create_toolbox/lib:/home/student/turlebot_ws/install/irobot_create_msgs/lib:/home/student/turlebot_ws/install/ign_ros2_control/lib:/usr/lib/x86_64-linux-gnu/gazebo-11/plugins:/opt/ros/galactic/opt/yaml_cpp_vendor/lib:/opt/ros/galactic/opt/rviz_ogre_vendor/lib:/opt/ros/galactic/lib/x86_64-linux-gnu:/opt/ros/galactic/lib:/usr/local/cuda-11.1/lib64 PYTHONPATH=/home/student/turlebot_ws/install/irobot_create_msgs/lib/python3.8/site-packages:${PYTHONPATH} /usr/bin/cmake --install /home/student/turlebot_ws/build/irobot_create_gazebo_bringup
[2.887s] -- Install configuration: ""
[2.888s] -- Execute custom install script
[2.888s] -- Symlinking: /home/student/turlebot_ws/install/irobot_create_gazebo_bringup/share/irobot_create_gazebo_bringup/config/gazebo_params.yaml
[2.897s] -- Symlinking: /home/student/turlebot_ws/install/irobot_create_gazebo_bringup/share/irobot_create_gazebo_bringup/launch/create3_gazebo.launch.py
[2.906s] -- Symlinking: /home/student/turlebot_ws/install/irobot_create_gazebo_bringup/share/irobot_create_gazebo_bringup/launch/create3_gazebo_aws_small.launch.py
[2.915s] -- Symlinking: /home/student/turlebot_ws/install/irobot_create_gazebo_bringup/share/ament_index/resource_index/package_run_dependencies/irobot_create_gazebo_bringup
[2.924s] -- Symlinking: /home/student/turlebot_ws/install/irobot_create_gazebo_bringup/share/ament_index/resource_index/parent_prefix_path/irobot_create_gazebo_bringup
[2.933s] -- Symlinking: /home/student/turlebot_ws/install/irobot_create_gazebo_bringup/share/irobot_create_gazebo_bringup/environment/ament_prefix_path.sh
[2.941s] -- Symlinking: /home/student/turlebot_ws/install/irobot_create_gazebo_bringup/share/irobot_create_gazebo_bringup/environment/ament_prefix_path.dsv
[2.950s] -- Symlinking: /home/student/turlebot_ws/install/irobot_create_gazebo_bringup/share/irobot_create_gazebo_bringup/environment/path.sh
[2.959s] -- Symlinking: /home/student/turlebot_ws/install/irobot_create_gazebo_bringup/share/irobot_create_gazebo_bringup/environment/path.dsv
[2.968s] -- Symlinking: /home/student/turlebot_ws/install/irobot_create_gazebo_bringup/share/irobot_create_gazebo_bringup/local_setup.bash
[2.977s] -- Symlinking: /home/student/turlebot_ws/install/irobot_create_gazebo_bringup/share/irobot_create_gazebo_bringup/local_setup.sh
[2.986s] -- Symlinking: /home/student/turlebot_ws/install/irobot_create_gazebo_bringup/share/irobot_create_gazebo_bringup/local_setup.zsh
[2.994s] -- Symlinking: /home/student/turlebot_ws/install/irobot_create_gazebo_bringup/share/irobot_create_gazebo_bringup/local_setup.dsv
[3.003s] -- Symlinking: /home/student/turlebot_ws/install/irobot_create_gazebo_bringup/share/irobot_create_gazebo_bringup/package.dsv
[3.012s] -- Symlinking: /home/student/turlebot_ws/install/irobot_create_gazebo_bringup/share/ament_index/resource_index/packages/irobot_create_gazebo_bringup
[3.021s] -- Symlinking: /home/student/turlebot_ws/install/irobot_create_gazebo_bringup/share/irobot_create_gazebo_bringup/cmake/irobot_create_gazebo_bringupConfig.cmake
[3.030s] -- Symlinking: /home/student/turlebot_ws/install/irobot_create_gazebo_bringup/share/irobot_create_gazebo_bringup/cmake/irobot_create_gazebo_bringupConfig-version.cmake
[3.039s] -- Symlinking: /home/student/turlebot_ws/install/irobot_create_gazebo_bringup/share/irobot_create_gazebo_bringup/package.xml
[3.052s] Invoked command in '/home/student/turlebot_ws/build/irobot_create_gazebo_bringup' returned '0': AMENT_PREFIX_PATH=/home/student/turlebot_ws/install/irobot_create_common_bringup:/home/student/turlebot_ws/install/irobot_create_description:/home/student/turlebot_ws/install/irobot_create_control:/home/student/turlebot_ws/install/irobot_create_nodes:/home/student/turlebot_ws/install/irobot_create_gazebo_plugins:/home/student/turlebot_ws/install/irobot_create_toolbox:/home/student/turlebot_ws/install/irobot_create_msgs:/home/student/turlebot_ws/install/ign_ros2_control:${AMENT_PREFIX_PATH} CMAKE_PREFIX_PATH=/home/student/turlebot_ws/install/irobot_create_common_bringup:/home/student/turlebot_ws/install/irobot_create_description:/home/student/turlebot_ws/install/irobot_create_control:/home/student/turlebot_ws/install/irobot_create_nodes:/home/student/turlebot_ws/install/irobot_create_gazebo_plugins:/home/student/turlebot_ws/install/irobot_create_toolbox:/home/student/turlebot_ws/install/irobot_create_msgs:/home/student/turlebot_ws/install/ign_ros2_control:/opt/ros/galactic LD_LIBRARY_PATH=/home/student/turlebot_ws/install/irobot_create_nodes/lib:/home/student/turlebot_ws/install/irobot_create_gazebo_plugins/lib:/home/student/turlebot_ws/install/irobot_create_toolbox/lib:/home/student/turlebot_ws/install/irobot_create_msgs/lib:/home/student/turlebot_ws/install/ign_ros2_control/lib:/usr/lib/x86_64-linux-gnu/gazebo-11/plugins:/opt/ros/galactic/opt/yaml_cpp_vendor/lib:/opt/ros/galactic/opt/rviz_ogre_vendor/lib:/opt/ros/galactic/lib/x86_64-linux-gnu:/opt/ros/galactic/lib:/usr/local/cuda-11.1/lib64 PYTHONPATH=/home/student/turlebot_ws/install/irobot_create_msgs/lib/python3.8/site-packages:${PYTHONPATH} /usr/bin/cmake --install /home/student/turlebot_ws/build/irobot_create_gazebo_bringup
