[0.024s] Invoking command in '/home/student/turlebot_ws/build/irobot_create_description': AMENT_PREFIX_PATH=/home/student/turlebot_ws/install/irobot_create_control:/home/student/turlebot_ws/install/irobot_create_nodes:/home/student/turlebot_ws/install/irobot_create_toolbox:/home/student/turlebot_ws/install/irobot_create_msgs:/home/student/turlebot_ws/install/ign_ros2_control:${AMENT_PREFIX_PATH} CMAKE_PREFIX_PATH=/home/student/turlebot_ws/install/irobot_create_control:/home/student/turlebot_ws/install/irobot_create_nodes:/home/student/turlebot_ws/install/irobot_create_toolbox:/home/student/turlebot_ws/install/irobot_create_msgs:/home/student/turlebot_ws/install/ign_ros2_control:/opt/ros/galactic LD_LIBRARY_PATH=/home/student/turlebot_ws/install/irobot_create_nodes/lib:/home/student/turlebot_ws/install/irobot_create_toolbox/lib:/home/student/turlebot_ws/install/irobot_create_msgs/lib:/home/student/turlebot_ws/install/ign_ros2_control/lib:/usr/lib/x86_64-linux-gnu/gazebo-11/plugins:/opt/ros/galactic/opt/yaml_cpp_vendor/lib:/opt/ros/galactic/opt/rviz_ogre_vendor/lib:/opt/ros/galactic/lib/x86_64-linux-gnu:/opt/ros/galactic/lib:/usr/local/cuda-11.1/lib64 PYTHONPATH=/home/student/turlebot_ws/install/irobot_create_msgs/lib/python3.8/site-packages:${PYTHONPATH} /usr/bin/cmake /home/student/turlebot_ws/src/create3_sim/irobot_create_common/irobot_create_description -DAMENT_CMAKE_SYMLINK_INSTALL=1 -DCMAKE_INSTALL_PREFIX=/home/student/turlebot_ws/install/irobot_create_description
[0.118s] -- The C compiler identification is GNU 9.4.0
[0.188s] -- The CXX compiler identification is GNU 9.4.0
[0.193s] -- Check for working C compiler: /usr/bin/cc
[0.272s] -- Check for working C compiler: /usr/bin/cc -- works
[0.274s] -- Detecting C compiler ABI info
[0.356s] -- Detecting C compiler ABI info - done
[0.371s] -- Detecting C compile features
[0.371s] -- Detecting C compile features - done
[0.376s] -- Check for working CXX compiler: /usr/bin/c++
[0.462s] -- Check for working CXX compiler: /usr/bin/c++ -- works
[0.463s] -- Detecting CXX compiler ABI info
[0.547s] -- Detecting CXX compiler ABI info - done
[0.560s] -- Detecting CXX compile features
[0.560s] -- Detecting CXX compile features - done
[0.563s] -- Found ament_cmake: 1.1.5 (/opt/ros/galactic/share/ament_cmake/cmake)
[0.589s] -- Found PythonInterp: /usr/bin/python3 (found suitable version "3.8.10", minimum required is "3") 
[0.589s] -- Using PYTHON_EXECUTABLE: /usr/bin/python3
[0.643s] -- Override CMake install command with custom implementation using symlinks instead of copying resources
[0.671s] -- Found ament_lint_auto: 0.10.7 (/opt/ros/galactic/share/ament_lint_auto/cmake)
[0.810s] -- Added test 'lint_cmake' to check CMake code style
[0.812s] -- Added test 'xmllint' to check XML markup files
[0.815s] -- Configuring done
[0.817s] -- Generating done
[0.819s] -- Build files have been written to: /home/student/turlebot_ws/build/irobot_create_description
[0.823s] Invoked command in '/home/student/turlebot_ws/build/irobot_create_description' returned '0': AMENT_PREFIX_PATH=/home/student/turlebot_ws/install/irobot_create_control:/home/student/turlebot_ws/install/irobot_create_nodes:/home/student/turlebot_ws/install/irobot_create_toolbox:/home/student/turlebot_ws/install/irobot_create_msgs:/home/student/turlebot_ws/install/ign_ros2_control:${AMENT_PREFIX_PATH} CMAKE_PREFIX_PATH=/home/student/turlebot_ws/install/irobot_create_control:/home/student/turlebot_ws/install/irobot_create_nodes:/home/student/turlebot_ws/install/irobot_create_toolbox:/home/student/turlebot_ws/install/irobot_create_msgs:/home/student/turlebot_ws/install/ign_ros2_control:/opt/ros/galactic LD_LIBRARY_PATH=/home/student/turlebot_ws/install/irobot_create_nodes/lib:/home/student/turlebot_ws/install/irobot_create_toolbox/lib:/home/student/turlebot_ws/install/irobot_create_msgs/lib:/home/student/turlebot_ws/install/ign_ros2_control/lib:/usr/lib/x86_64-linux-gnu/gazebo-11/plugins:/opt/ros/galactic/opt/yaml_cpp_vendor/lib:/opt/ros/galactic/opt/rviz_ogre_vendor/lib:/opt/ros/galactic/lib/x86_64-linux-gnu:/opt/ros/galactic/lib:/usr/local/cuda-11.1/lib64 PYTHONPATH=/home/student/turlebot_ws/install/irobot_create_msgs/lib/python3.8/site-packages:${PYTHONPATH} /usr/bin/cmake /home/student/turlebot_ws/src/create3_sim/irobot_create_common/irobot_create_description -DAMENT_CMAKE_SYMLINK_INSTALL=1 -DCMAKE_INSTALL_PREFIX=/home/student/turlebot_ws/install/irobot_create_description
[0.826s] Invoking command in '/home/student/turlebot_ws/build/irobot_create_description': AMENT_PREFIX_PATH=/home/student/turlebot_ws/install/irobot_create_control:/home/student/turlebot_ws/install/irobot_create_nodes:/home/student/turlebot_ws/install/irobot_create_toolbox:/home/student/turlebot_ws/install/irobot_create_msgs:/home/student/turlebot_ws/install/ign_ros2_control:${AMENT_PREFIX_PATH} CMAKE_PREFIX_PATH=/home/student/turlebot_ws/install/irobot_create_control:/home/student/turlebot_ws/install/irobot_create_nodes:/home/student/turlebot_ws/install/irobot_create_toolbox:/home/student/turlebot_ws/install/irobot_create_msgs:/home/student/turlebot_ws/install/ign_ros2_control:/opt/ros/galactic LD_LIBRARY_PATH=/home/student/turlebot_ws/install/irobot_create_nodes/lib:/home/student/turlebot_ws/install/irobot_create_toolbox/lib:/home/student/turlebot_ws/install/irobot_create_msgs/lib:/home/student/turlebot_ws/install/ign_ros2_control/lib:/usr/lib/x86_64-linux-gnu/gazebo-11/plugins:/opt/ros/galactic/opt/yaml_cpp_vendor/lib:/opt/ros/galactic/opt/rviz_ogre_vendor/lib:/opt/ros/galactic/lib/x86_64-linux-gnu:/opt/ros/galactic/lib:/usr/local/cuda-11.1/lib64 PYTHONPATH=/home/student/turlebot_ws/install/irobot_create_msgs/lib/python3.8/site-packages:${PYTHONPATH} /usr/bin/cmake --build /home/student/turlebot_ws/build/irobot_create_description -- -j12 -l12
[0.868s] Invoked command in '/home/student/turlebot_ws/build/irobot_create_description' returned '0': AMENT_PREFIX_PATH=/home/student/turlebot_ws/install/irobot_create_control:/home/student/turlebot_ws/install/irobot_create_nodes:/home/student/turlebot_ws/install/irobot_create_toolbox:/home/student/turlebot_ws/install/irobot_create_msgs:/home/student/turlebot_ws/install/ign_ros2_control:${AMENT_PREFIX_PATH} CMAKE_PREFIX_PATH=/home/student/turlebot_ws/install/irobot_create_control:/home/student/turlebot_ws/install/irobot_create_nodes:/home/student/turlebot_ws/install/irobot_create_toolbox:/home/student/turlebot_ws/install/irobot_create_msgs:/home/student/turlebot_ws/install/ign_ros2_control:/opt/ros/galactic LD_LIBRARY_PATH=/home/student/turlebot_ws/install/irobot_create_nodes/lib:/home/student/turlebot_ws/install/irobot_create_toolbox/lib:/home/student/turlebot_ws/install/irobot_create_msgs/lib:/home/student/turlebot_ws/install/ign_ros2_control/lib:/usr/lib/x86_64-linux-gnu/gazebo-11/plugins:/opt/ros/galactic/opt/yaml_cpp_vendor/lib:/opt/ros/galactic/opt/rviz_ogre_vendor/lib:/opt/ros/galactic/lib/x86_64-linux-gnu:/opt/ros/galactic/lib:/usr/local/cuda-11.1/lib64 PYTHONPATH=/home/student/turlebot_ws/install/irobot_create_msgs/lib/python3.8/site-packages:${PYTHONPATH} /usr/bin/cmake --build /home/student/turlebot_ws/build/irobot_create_description -- -j12 -l12
[0.895s] Invoking command in '/home/student/turlebot_ws/build/irobot_create_description': AMENT_PREFIX_PATH=/home/student/turlebot_ws/install/irobot_create_control:/home/student/turlebot_ws/install/irobot_create_nodes:/home/student/turlebot_ws/install/irobot_create_toolbox:/home/student/turlebot_ws/install/irobot_create_msgs:/home/student/turlebot_ws/install/ign_ros2_control:${AMENT_PREFIX_PATH} CMAKE_PREFIX_PATH=/home/student/turlebot_ws/install/irobot_create_control:/home/student/turlebot_ws/install/irobot_create_nodes:/home/student/turlebot_ws/install/irobot_create_toolbox:/home/student/turlebot_ws/install/irobot_create_msgs:/home/student/turlebot_ws/install/ign_ros2_control:/opt/ros/galactic LD_LIBRARY_PATH=/home/student/turlebot_ws/install/irobot_create_nodes/lib:/home/student/turlebot_ws/install/irobot_create_toolbox/lib:/home/student/turlebot_ws/install/irobot_create_msgs/lib:/home/student/turlebot_ws/install/ign_ros2_control/lib:/usr/lib/x86_64-linux-gnu/gazebo-11/plugins:/opt/ros/galactic/opt/yaml_cpp_vendor/lib:/opt/ros/galactic/opt/rviz_ogre_vendor/lib:/opt/ros/galactic/lib/x86_64-linux-gnu:/opt/ros/galactic/lib:/usr/local/cuda-11.1/lib64 PYTHONPATH=/home/student/turlebot_ws/install/irobot_create_msgs/lib/python3.8/site-packages:${PYTHONPATH} /usr/bin/cmake --install /home/student/turlebot_ws/build/irobot_create_description
[0.904s] -- Install configuration: ""
[0.905s] -- Execute custom install script
[0.905s] -- Symlinking: /home/student/turlebot_ws/install/irobot_create_description/share/irobot_create_description//meshes/body_visual.dae
[0.915s] -- Symlinking: /home/student/turlebot_ws/install/irobot_create_description/share/irobot_create_description//meshes/bumper_collision.dae
[0.925s] -- Symlinking: /home/student/turlebot_ws/install/irobot_create_description/share/irobot_create_description//meshes/bumper_visual.dae
[0.935s] -- Symlinking: /home/student/turlebot_ws/install/irobot_create_description/share/irobot_create_description//meshes/dock/visual.dae
[0.945s] -- Symlinking: /home/student/turlebot_ws/install/irobot_create_description/share/irobot_create_description//urdf/bumper.urdf.xacro
[0.955s] -- Symlinking: /home/student/turlebot_ws/install/irobot_create_description/share/irobot_create_description//urdf/button.urdf.xacro
[0.965s] -- Symlinking: /home/student/turlebot_ws/install/irobot_create_description/share/irobot_create_description//urdf/caster.urdf.xacro
[0.975s] -- Symlinking: /home/student/turlebot_ws/install/irobot_create_description/share/irobot_create_description//urdf/common_properties.urdf.xacro
[0.985s] -- Symlinking: /home/student/turlebot_ws/install/irobot_create_description/share/irobot_create_description//urdf/create3.urdf.xacro
[0.995s] -- Symlinking: /home/student/turlebot_ws/install/irobot_create_description/share/irobot_create_description//urdf/dock/ir_emitter.urdf.xacro
[1.005s] -- Symlinking: /home/student/turlebot_ws/install/irobot_create_description/share/irobot_create_description//urdf/dock/standard_dock.urdf.xacro
[1.015s] -- Symlinking: /home/student/turlebot_ws/install/irobot_create_description/share/irobot_create_description//urdf/sensors/cliff_sensor.urdf.xacro
[1.024s] -- Symlinking: /home/student/turlebot_ws/install/irobot_create_description/share/irobot_create_description//urdf/sensors/imu.urdf.xacro
[1.034s] -- Symlinking: /home/student/turlebot_ws/install/irobot_create_description/share/irobot_create_description//urdf/sensors/ir_intensity.urdf.xacro
[1.044s] -- Symlinking: /home/student/turlebot_ws/install/irobot_create_description/share/irobot_create_description//urdf/sensors/ir_opcode_receivers.urdf.xacro
[1.054s] -- Symlinking: /home/student/turlebot_ws/install/irobot_create_description/share/irobot_create_description//urdf/sensors/optical_mouse.urdf.xacro
[1.064s] -- Symlinking: /home/student/turlebot_ws/install/irobot_create_description/share/irobot_create_description//urdf/wheel.urdf.xacro
[1.074s] -- Symlinking: /home/student/turlebot_ws/install/irobot_create_description/share/irobot_create_description//urdf/wheel_drop.urdf.xacro
[1.084s] -- Symlinking: /home/student/turlebot_ws/install/irobot_create_description/share/irobot_create_description//urdf/wheel_with_wheeldrop.urdf.xacro
[1.094s] -- Symlinking: /home/student/turlebot_ws/install/irobot_create_description/share/ament_index/resource_index/package_run_dependencies/irobot_create_description
[1.104s] -- Symlinking: /home/student/turlebot_ws/install/irobot_create_description/share/ament_index/resource_index/parent_prefix_path/irobot_create_description
[1.114s] -- Symlinking: /home/student/turlebot_ws/install/irobot_create_description/share/irobot_create_description/environment/ament_prefix_path.sh
[1.123s] -- Symlinking: /home/student/turlebot_ws/install/irobot_create_description/share/irobot_create_description/environment/ament_prefix_path.dsv
[1.133s] -- Symlinking: /home/student/turlebot_ws/install/irobot_create_description/share/irobot_create_description/environment/path.sh
[1.143s] -- Symlinking: /home/student/turlebot_ws/install/irobot_create_description/share/irobot_create_description/environment/path.dsv
[1.153s] -- Symlinking: /home/student/turlebot_ws/install/irobot_create_description/share/irobot_create_description/local_setup.bash
[1.163s] -- Symlinking: /home/student/turlebot_ws/install/irobot_create_description/share/irobot_create_description/local_setup.sh
[1.174s] -- Symlinking: /home/student/turlebot_ws/install/irobot_create_description/share/irobot_create_description/local_setup.zsh
[1.184s] -- Symlinking: /home/student/turlebot_ws/install/irobot_create_description/share/irobot_create_description/local_setup.dsv
[1.195s] -- Symlinking: /home/student/turlebot_ws/install/irobot_create_description/share/irobot_create_description/package.dsv
[1.206s] -- Symlinking: /home/student/turlebot_ws/install/irobot_create_description/share/ament_index/resource_index/packages/irobot_create_description
[1.216s] -- Symlinking: /home/student/turlebot_ws/install/irobot_create_description/share/irobot_create_description/cmake/irobot_create_descriptionConfig.cmake
[1.227s] -- Symlinking: /home/student/turlebot_ws/install/irobot_create_description/share/irobot_create_description/cmake/irobot_create_descriptionConfig-version.cmake
[1.238s] -- Symlinking: /home/student/turlebot_ws/install/irobot_create_description/share/irobot_create_description/package.xml
[1.256s] Invoked command in '/home/student/turlebot_ws/build/irobot_create_description' returned '0': AMENT_PREFIX_PATH=/home/student/turlebot_ws/install/irobot_create_control:/home/student/turlebot_ws/install/irobot_create_nodes:/home/student/turlebot_ws/install/irobot_create_toolbox:/home/student/turlebot_ws/install/irobot_create_msgs:/home/student/turlebot_ws/install/ign_ros2_control:${AMENT_PREFIX_PATH} CMAKE_PREFIX_PATH=/home/student/turlebot_ws/install/irobot_create_control:/home/student/turlebot_ws/install/irobot_create_nodes:/home/student/turlebot_ws/install/irobot_create_toolbox:/home/student/turlebot_ws/install/irobot_create_msgs:/home/student/turlebot_ws/install/ign_ros2_control:/opt/ros/galactic LD_LIBRARY_PATH=/home/student/turlebot_ws/install/irobot_create_nodes/lib:/home/student/turlebot_ws/install/irobot_create_toolbox/lib:/home/student/turlebot_ws/install/irobot_create_msgs/lib:/home/student/turlebot_ws/install/ign_ros2_control/lib:/usr/lib/x86_64-linux-gnu/gazebo-11/plugins:/opt/ros/galactic/opt/yaml_cpp_vendor/lib:/opt/ros/galactic/opt/rviz_ogre_vendor/lib:/opt/ros/galactic/lib/x86_64-linux-gnu:/opt/ros/galactic/lib:/usr/local/cuda-11.1/lib64 PYTHONPATH=/home/student/turlebot_ws/install/irobot_create_msgs/lib/python3.8/site-packages:${PYTHONPATH} /usr/bin/cmake --install /home/student/turlebot_ws/build/irobot_create_description
