-- The C compiler identification is GNU 9.4.0
-- The CXX compiler identification is GNU 9.4.0
-- Check for working C compiler: /usr/bin/cc
-- Check for working C compiler: /usr/bin/cc -- works
-- Detecting C compiler ABI info
-- Detecting C compiler ABI info - done
-- Detecting C compile features
-- Detecting C compile features - done
-- Check for working CXX compiler: /usr/bin/c++
-- Check for working CXX compiler: /usr/bin/c++ -- works
-- Detecting CXX compiler ABI info
-- Detecting CXX compiler ABI info - done
-- Detecting CXX compile features
-- Detecting CXX compile features - done
-- Found ament_cmake: 1.1.5 (/opt/ros/galactic/share/ament_cmake/cmake)
-- Found PythonInterp: /usr/bin/python3 (found suitable version "3.8.10", minimum required is "3") 
-- Using PYTHON_EXECUTABLE: /usr/bin/python3
-- Override CMake install command with custom implementation using symlinks instead of copying resources
-- Found angles: 1.14.0 (/opt/ros/galactic/share/angles/cmake)
-- Found control_msgs: 3.0.0 (/opt/ros/galactic/share/control_msgs/cmake)
-- Using all available rosidl_typesupport_c: rosidl_typesupport_fastrtps_c;rosidl_typesupport_introspection_c
-- Found rosidl_adapter: 2.2.2 (/opt/ros/galactic/share/rosidl_adapter/cmake)
-- Found OpenSSL: /usr/lib/x86_64-linux-gnu/libcrypto.so (found version "1.1.1f")  
-- Found FastRTPS: /opt/ros/galactic/include  
-- Using all available rosidl_typesupport_cpp: rosidl_typesupport_fastrtps_cpp;rosidl_typesupport_introspection_cpp
-- Found sensor_msgs: 2.2.4 (/opt/ros/galactic/share/sensor_msgs/cmake)
-- Found nav_msgs: 2.2.4 (/opt/ros/galactic/share/nav_msgs/cmake)
-- Found irobot_create_msgs: 1.2.0 (/home/student/turlebot_ws/install/irobot_create_msgs/share/irobot_create_msgs/cmake)
-- Found irobot_create_toolbox: 1.0.1 (/home/student/turlebot_ws/install/irobot_create_toolbox/share/irobot_create_toolbox/cmake)
-- Found rmw_implementation_cmake: 3.3.1 (/opt/ros/galactic/share/rmw_implementation_cmake/cmake)
-- Found rmw_cyclonedds_cpp: 0.22.5 (/opt/ros/galactic/share/rmw_cyclonedds_cpp/cmake)
-- Using RMW implementation 'rmw_cyclonedds_cpp' as default
-- Looking for pthread.h
-- Looking for pthread.h - found
-- Performing Test CMAKE_HAVE_LIBC_PTHREAD
-- Performing Test CMAKE_HAVE_LIBC_PTHREAD - Failed
-- Looking for pthread_create in pthreads
-- Looking for pthread_create in pthreads - not found
-- Looking for pthread_create in pthread
-- Looking for pthread_create in pthread - found
-- Found Threads: TRUE  
-- Found rclcpp_action: 9.2.1 (/opt/ros/galactic/share/rclcpp_action/cmake)
-- Found rclcpp_components: 9.2.1 (/opt/ros/galactic/share/rclcpp_components/cmake)
-- Found tf2: 0.17.4 (/opt/ros/galactic/share/tf2/cmake)
-- Found tf2_geometry_msgs: 0.17.4 (/opt/ros/galactic/share/tf2_geometry_msgs/cmake)
-- Found eigen3_cmake_module: 0.1.1 (/opt/ros/galactic/share/eigen3_cmake_module/cmake)
-- Found Eigen3: TRUE (found version "3.3.7") 
-- Found Boost: /usr/lib/x86_64-linux-gnu/cmake/Boost-1.71.0/BoostConfig.cmake (found version "1.71.0")  
-- Found ament_lint_auto: 0.10.7 (/opt/ros/galactic/share/ament_lint_auto/cmake)
-- Added test 'cppcheck' to perform static code analysis on C / C++ code
-- Configured cppcheck include dirs: /home/student/turlebot_ws/src/create3_sim/irobot_create_common/irobot_create_nodes/include
-- Configured cppcheck exclude dirs and/or files: 
-- Added test 'cpplint' to check C / C++ code against the Google style
-- Configured cpplint exclude dirs and/or files: 
-- Added test 'lint_cmake' to check CMake code style
-- Added test 'uncrustify' to check C / C++ code style
-- Configured uncrustify additional arguments: 
-- Added test 'xmllint' to check XML markup files
-- Configuring done
-- Generating done
-- Build files have been written to: /home/student/turlebot_ws/build/irobot_create_nodes
[35m[1mScanning dependencies of target kidnap_estimator_publisher_lib[0m
[35m[1mScanning dependencies of target kidnap_estimator_publisher[0m
[35m[1mScanning dependencies of target mock_publisher_lib[0m
[35m[1mScanning dependencies of target ui_mgr[0m
[35m[1mScanning dependencies of target wheel_status_publisher_lib[0m
[35m[1mScanning dependencies of target mock_publisher[0m
[35m[1mScanning dependencies of target ir_intensity_publisher_lib[0m
[35m[1mScanning dependencies of target motion_control[0m
[35m[1mScanning dependencies of target motion_control_lib[0m
[35m[1mScanning dependencies of target robot_state[0m
[35m[1mScanning dependencies of target hazard_publisher_lib[0m
[35m[1mScanning dependencies of target hazards_vector_publisher[0m
[  2%] [32mBuilding CXX object CMakeFiles/kidnap_estimator_publisher_lib.dir/src/kidnap_estimator_publisher.cpp.o[0m
[  5%] [32mBuilding CXX object CMakeFiles/mock_publisher_lib.dir/src/mock_publisher.cpp.o[0m
[  8%] [32mBuilding CXX object CMakeFiles/motion_control.dir/rclcpp_components/node_main_motion_control.cpp.o[0m
[ 10%] [32mBuilding CXX object CMakeFiles/wheel_status_publisher_lib.dir/src/wheels_publisher.cpp.o[0m
[ 13%] [32mBuilding CXX object CMakeFiles/robot_state.dir/rclcpp_components/node_main_robot_state.cpp.o[0m
[ 16%] [32mBuilding CXX object CMakeFiles/kidnap_estimator_publisher.dir/rclcpp_components/node_main_kidnap_estimator_publisher.cpp.o[0m
[ 18%] [32mBuilding CXX object CMakeFiles/hazards_vector_publisher.dir/rclcpp_components/node_main_hazards_vector_publisher.cpp.o[0m
[ 21%] [32mBuilding CXX object CMakeFiles/ui_mgr.dir/rclcpp_components/node_main_ui_mgr.cpp.o[0m
[ 24%] [32mBuilding CXX object CMakeFiles/mock_publisher.dir/rclcpp_components/node_main_mock_publisher.cpp.o[0m
[ 27%] [32mBuilding CXX object CMakeFiles/hazard_publisher_lib.dir/src/hazards_vector_publisher.cpp.o[0m
[ 29%] [32mBuilding CXX object CMakeFiles/ir_intensity_publisher_lib.dir/src/ir_intensity_vector_publisher.cpp.o[0m
[ 32%] [32mBuilding CXX object CMakeFiles/motion_control_lib.dir/src/motion_control_node.cpp.o[0m
[ 35%] [32m[1mLinking CXX executable hazards_vector_publisher[0m
[ 37%] [32m[1mLinking CXX executable kidnap_estimator_publisher[0m
[ 40%] [32m[1mLinking CXX executable mock_publisher[0m
[ 43%] [32m[1mLinking CXX executable robot_state[0m
[ 45%] [32m[1mLinking CXX executable ui_mgr[0m
[ 45%] Built target kidnap_estimator_publisher
[ 45%] Built target hazards_vector_publisher
[ 48%] [32mBuilding CXX object CMakeFiles/motion_control_lib.dir/src/motion_control/docking_behavior.cpp.o[0m
[ 51%] [32m[1mLinking CXX executable motion_control[0m
[ 51%] Built target mock_publisher
[ 54%] [32mBuilding CXX object CMakeFiles/motion_control_lib.dir/src/motion_control/drive_goal_behaviors.cpp.o[0m
[35m[1mScanning dependencies of target ir_intensity_vector_publisher[0m
[ 54%] Built target robot_state
[ 56%] [32mBuilding CXX object CMakeFiles/motion_control_lib.dir/src/motion_control/reflex_behavior.cpp.o[0m
[ 59%] [32mBuilding CXX object CMakeFiles/ir_intensity_vector_publisher.dir/rclcpp_components/node_main_ir_intensity_vector_publisher.cpp.o[0m
[ 59%] Built target ui_mgr
[35m[1mScanning dependencies of target wheel_status_publisher[0m
[ 62%] [32mBuilding CXX object CMakeFiles/wheel_status_publisher.dir/rclcpp_components/node_main_wheel_status_publisher.cpp.o[0m
[ 62%] Built target motion_control
[35m[1mScanning dependencies of target robot_state_lib[0m
[ 64%] [32mBuilding CXX object CMakeFiles/robot_state_lib.dir/src/robot_state.cpp.o[0m
[ 67%] [32m[1mLinking CXX shared library libmock_publisher_lib.so[0m
[ 67%] Built target mock_publisher_lib
[35m[1mScanning dependencies of target ui_mgr_lib[0m
[ 70%] [32mBuilding CXX object CMakeFiles/ui_mgr_lib.dir/src/ui_mgr.cpp.o[0m
[ 72%] [32m[1mLinking CXX executable ir_intensity_vector_publisher[0m
[ 75%] [32m[1mLinking CXX executable wheel_status_publisher[0m
[ 75%] Built target ir_intensity_vector_publisher
[ 75%] Built target wheel_status_publisher
[ 78%] [32m[1mLinking CXX shared library libir_intensity_publisher_lib.so[0m
[ 81%] [32m[1mLinking CXX shared library libhazard_publisher_lib.so[0m
[ 83%] [32m[1mLinking CXX shared library libkidnap_estimator_publisher_lib.so[0m
[ 83%] Built target ir_intensity_publisher_lib
[ 83%] Built target hazard_publisher_lib
[ 83%] Built target kidnap_estimator_publisher_lib
[ 86%] [32m[1mLinking CXX shared library libwheel_status_publisher_lib.so[0m
[ 86%] Built target wheel_status_publisher_lib
[ 89%] [32m[1mLinking CXX shared library librobot_state_lib.so[0m
[ 89%] Built target robot_state_lib
[ 91%] [32m[1mLinking CXX shared library libui_mgr_lib.so[0m
[ 91%] Built target ui_mgr_lib
[ 94%] [32mBuilding CXX object CMakeFiles/motion_control_lib.dir/src/motion_control/wall_follow_states.cpp.o[0m
[ 97%] [32mBuilding CXX object CMakeFiles/motion_control_lib.dir/src/motion_control/wall_follow_behavior.cpp.o[0m
[100%] [32m[1mLinking CXX shared library libmotion_control_lib.so[0m
[100%] Built target motion_control_lib
-- Install configuration: ""
-- Execute custom install script
-- Symlinking: /home/student/turlebot_ws/install/irobot_create_nodes/lib/irobot_create_nodes/hazards_vector_publisher
-- Symlinking: /home/student/turlebot_ws/install/irobot_create_nodes/lib/irobot_create_nodes/ir_intensity_vector_publisher
-- Symlinking: /home/student/turlebot_ws/install/irobot_create_nodes/lib/irobot_create_nodes/motion_control
-- Symlinking: /home/student/turlebot_ws/install/irobot_create_nodes/lib/irobot_create_nodes/wheel_status_publisher
-- Symlinking: /home/student/turlebot_ws/install/irobot_create_nodes/lib/irobot_create_nodes/robot_state
-- Symlinking: /home/student/turlebot_ws/install/irobot_create_nodes/lib/irobot_create_nodes/ui_mgr
-- Symlinking: /home/student/turlebot_ws/install/irobot_create_nodes/lib/irobot_create_nodes/mock_publisher
-- Symlinking: /home/student/turlebot_ws/install/irobot_create_nodes/lib/irobot_create_nodes/kidnap_estimator_publisher
-- Symlinking: /home/student/turlebot_ws/install/irobot_create_nodes/lib/libhazard_publisher_lib.so
-- Symlinking: /home/student/turlebot_ws/install/irobot_create_nodes/lib/libir_intensity_publisher_lib.so
-- Symlinking: /home/student/turlebot_ws/install/irobot_create_nodes/lib/libmotion_control_lib.so
-- Symlinking: /home/student/turlebot_ws/install/irobot_create_nodes/lib/libwheel_status_publisher_lib.so
-- Symlinking: /home/student/turlebot_ws/install/irobot_create_nodes/lib/librobot_state_lib.so
-- Symlinking: /home/student/turlebot_ws/install/irobot_create_nodes/lib/libui_mgr_lib.so
-- Symlinking: /home/student/turlebot_ws/install/irobot_create_nodes/lib/libmock_publisher_lib.so
-- Symlinking: /home/student/turlebot_ws/install/irobot_create_nodes/lib/libkidnap_estimator_publisher_lib.so
-- Symlinking: /home/student/turlebot_ws/install/irobot_create_nodes/include/irobot_create_nodes/hazards_vector_publisher.hpp
-- Symlinking: /home/student/turlebot_ws/install/irobot_create_nodes/include/irobot_create_nodes/ir_intensity_vector_publisher.hpp
-- Symlinking: /home/student/turlebot_ws/install/irobot_create_nodes/include/irobot_create_nodes/kidnap_estimator_publisher.hpp
-- Symlinking: /home/student/turlebot_ws/install/irobot_create_nodes/include/irobot_create_nodes/mock_publisher.hpp
-- Symlinking: /home/student/turlebot_ws/install/irobot_create_nodes/include/irobot_create_nodes/motion_control/behaviors_scheduler.hpp
-- Symlinking: /home/student/turlebot_ws/install/irobot_create_nodes/include/irobot_create_nodes/motion_control/docking_behavior.hpp
-- Symlinking: /home/student/turlebot_ws/install/irobot_create_nodes/include/irobot_create_nodes/motion_control/drive_goal_behaviors.hpp
-- Symlinking: /home/student/turlebot_ws/install/irobot_create_nodes/include/irobot_create_nodes/motion_control/reflex_behavior.hpp
-- Symlinking: /home/student/turlebot_ws/install/irobot_create_nodes/include/irobot_create_nodes/motion_control/simple_goal_controller.hpp
-- Symlinking: /home/student/turlebot_ws/install/irobot_create_nodes/include/irobot_create_nodes/motion_control/wall_follow_behavior.hpp
-- Symlinking: /home/student/turlebot_ws/install/irobot_create_nodes/include/irobot_create_nodes/motion_control/wall_follow_states.hpp
-- Symlinking: /home/student/turlebot_ws/install/irobot_create_nodes/include/irobot_create_nodes/motion_control_node.hpp
-- Symlinking: /home/student/turlebot_ws/install/irobot_create_nodes/include/irobot_create_nodes/robot_state.hpp
-- Symlinking: /home/student/turlebot_ws/install/irobot_create_nodes/include/irobot_create_nodes/ui_mgr.hpp
-- Symlinking: /home/student/turlebot_ws/install/irobot_create_nodes/include/irobot_create_nodes/wheels_publisher.hpp
-- Symlinking: /home/student/turlebot_ws/install/irobot_create_nodes/share/irobot_create_nodes/environment/library_path.sh
-- Symlinking: /home/student/turlebot_ws/install/irobot_create_nodes/share/irobot_create_nodes/environment/library_path.dsv
-- Symlinking: /home/student/turlebot_ws/install/irobot_create_nodes/share/ament_index/resource_index/package_run_dependencies/irobot_create_nodes
-- Symlinking: /home/student/turlebot_ws/install/irobot_create_nodes/share/ament_index/resource_index/parent_prefix_path/irobot_create_nodes
-- Symlinking: /home/student/turlebot_ws/install/irobot_create_nodes/share/irobot_create_nodes/environment/ament_prefix_path.sh
-- Symlinking: /home/student/turlebot_ws/install/irobot_create_nodes/share/irobot_create_nodes/environment/ament_prefix_path.dsv
-- Symlinking: /home/student/turlebot_ws/install/irobot_create_nodes/share/irobot_create_nodes/environment/path.sh
-- Symlinking: /home/student/turlebot_ws/install/irobot_create_nodes/share/irobot_create_nodes/environment/path.dsv
-- Symlinking: /home/student/turlebot_ws/install/irobot_create_nodes/share/irobot_create_nodes/local_setup.bash
-- Symlinking: /home/student/turlebot_ws/install/irobot_create_nodes/share/irobot_create_nodes/local_setup.sh
-- Symlinking: /home/student/turlebot_ws/install/irobot_create_nodes/share/irobot_create_nodes/local_setup.zsh
-- Symlinking: /home/student/turlebot_ws/install/irobot_create_nodes/share/irobot_create_nodes/local_setup.dsv
-- Symlinking: /home/student/turlebot_ws/install/irobot_create_nodes/share/irobot_create_nodes/package.dsv
-- Symlinking: /home/student/turlebot_ws/install/irobot_create_nodes/share/ament_index/resource_index/packages/irobot_create_nodes
-- Symlinking: /home/student/turlebot_ws/install/irobot_create_nodes/share/ament_index/resource_index/rclcpp_components/irobot_create_nodes
-- Symlinking: /home/student/turlebot_ws/install/irobot_create_nodes/share/irobot_create_nodes/cmake/ament_cmake_export_include_directories-extras.cmake
-- Symlinking: /home/student/turlebot_ws/install/irobot_create_nodes/share/irobot_create_nodes/cmake/ament_cmake_export_libraries-extras.cmake
-- Symlinking: /home/student/turlebot_ws/install/irobot_create_nodes/share/irobot_create_nodes/cmake/ament_cmake_export_dependencies-extras.cmake
-- Symlinking: /home/student/turlebot_ws/install/irobot_create_nodes/share/irobot_create_nodes/cmake/irobot_create_nodesConfig.cmake
-- Symlinking: /home/student/turlebot_ws/install/irobot_create_nodes/share/irobot_create_nodes/cmake/irobot_create_nodesConfig-version.cmake
-- Symlinking: /home/student/turlebot_ws/install/irobot_create_nodes/share/irobot_create_nodes/package.xml
