-- The C compiler identification is GNU 9.4.0
-- The CXX compiler identification is GNU 9.4.0
-- Check for working C compiler: /usr/bin/cc
-- Check for working C compiler: /usr/bin/cc -- works
-- Detecting C compiler ABI info
-- Detecting C compiler ABI info - done
-- Detecting C compile features
-- Detecting C compile features - done
-- Check for working CXX compiler: /usr/bin/c++
-- Check for working CXX compiler: /usr/bin/c++ -- works
-- Detecting CXX compiler ABI info
-- Detecting CXX compiler ABI info - done
-- Detecting CXX compile features
-- Detecting CXX compile features - done
-- Found ament_cmake: 1.1.5 (/opt/ros/galactic/share/ament_cmake/cmake)
-- Found PythonInterp: /usr/bin/python3 (found suitable version "3.8.10", minimum required is "3") 
-- Using PYTHON_EXECUTABLE: /usr/bin/python3
-- Override CMake install command with custom implementation using symlinks instead of copying resources
-- Found ament_lint_auto: 0.10.7 (/opt/ros/galactic/share/ament_lint_auto/cmake)
-- Added test 'copyright' to check source files copyright and LICENSE
-- Added test 'flake8' to check Python code syntax and style conventions
-- Added test 'lint_cmake' to check CMake code style
-- Added test 'pep257' to check Python code against some of the style conventions in PEP 257
-- Added test 'xmllint' to check XML markup files
-- Configuring done
-- Generating done
-- Build files have been written to: /home/student/turlebot_ws/build/turtlebot4_navigation
[35m[1mScanning dependencies of target ament_cmake_python_symlink_turtlebot4_navigation[0m
Built target ament_cmake_python_symlink_turtlebot4_navigation
[35m[1mScanning dependencies of target ament_cmake_python_build_turtlebot4_navigation_egg[0m
running egg_info
creating turtlebot4_navigation.egg-info
writing turtlebot4_navigation.egg-info/PKG-INFO
writing dependency_links to turtlebot4_navigation.egg-info/dependency_links.txt
writing top-level names to turtlebot4_navigation.egg-info/top_level.txt
writing manifest file 'turtlebot4_navigation.egg-info/SOURCES.txt'
reading manifest file 'turtlebot4_navigation.egg-info/SOURCES.txt'
writing manifest file 'turtlebot4_navigation.egg-info/SOURCES.txt'
Built target ament_cmake_python_build_turtlebot4_navigation_egg
-- Install configuration: ""
-- Execute custom install script
-- Symlinking: /home/student/turlebot_ws/install/turtlebot4_navigation/share/turtlebot4_navigation/config/nav2.yaml
-- Symlinking: /home/student/turlebot_ws/install/turtlebot4_navigation/share/turtlebot4_navigation/config/slam_async.yaml
-- Symlinking: /home/student/turlebot_ws/install/turtlebot4_navigation/share/turtlebot4_navigation/config/slam_sync.yaml
-- Symlinking: /home/student/turlebot_ws/install/turtlebot4_navigation/share/turtlebot4_navigation/launch/nav_bringup.launch.py
-- Symlinking: /home/student/turlebot_ws/install/turtlebot4_navigation/share/turtlebot4_navigation/launch/slam_async.launch.py
-- Symlinking: /home/student/turlebot_ws/install/turtlebot4_navigation/share/turtlebot4_navigation/launch/slam_sync.launch.py
-- Symlinking: /home/student/turlebot_ws/install/turtlebot4_navigation/share/turtlebot4_navigation/maps/depot.pgm
-- Symlinking: /home/student/turlebot_ws/install/turtlebot4_navigation/share/turtlebot4_navigation/maps/depot.yaml
-- Symlinking: /home/student/turlebot_ws/install/turtlebot4_navigation/share/turtlebot4_navigation/environment/pythonpath.sh
-- Symlinking: /home/student/turlebot_ws/install/turtlebot4_navigation/share/turtlebot4_navigation/environment/pythonpath.dsv
-- Symlinking: /home/student/turlebot_ws/install/turtlebot4_navigation/lib/python3.8/site-packages//turtlebot4_navigation.egg-info/PKG-INFO
-- Symlinking: /home/student/turlebot_ws/install/turtlebot4_navigation/lib/python3.8/site-packages//turtlebot4_navigation.egg-info/SOURCES.txt
-- Symlinking: /home/student/turlebot_ws/install/turtlebot4_navigation/lib/python3.8/site-packages//turtlebot4_navigation.egg-info/dependency_links.txt
-- Symlinking: /home/student/turlebot_ws/install/turtlebot4_navigation/lib/python3.8/site-packages//turtlebot4_navigation.egg-info/top_level.txt
-- Symlinking: /home/student/turlebot_ws/install/turtlebot4_navigation/lib/python3.8/site-packages/turtlebot4_navigation/__init__.py
-- Symlinking: /home/student/turlebot_ws/install/turtlebot4_navigation/lib/python3.8/site-packages/turtlebot4_navigation/turtlebot4_navigator.py
-- Symlinking: /home/student/turlebot_ws/install/turtlebot4_navigation/lib/python3.8/site-packages/turtlebot4_navigator.py
-- Symlinking: /home/student/turlebot_ws/install/turtlebot4_navigation/share/ament_index/resource_index/package_run_dependencies/turtlebot4_navigation
-- Symlinking: /home/student/turlebot_ws/install/turtlebot4_navigation/share/ament_index/resource_index/parent_prefix_path/turtlebot4_navigation
-- Symlinking: /home/student/turlebot_ws/install/turtlebot4_navigation/share/turtlebot4_navigation/environment/ament_prefix_path.sh
-- Symlinking: /home/student/turlebot_ws/install/turtlebot4_navigation/share/turtlebot4_navigation/environment/ament_prefix_path.dsv
-- Symlinking: /home/student/turlebot_ws/install/turtlebot4_navigation/share/turtlebot4_navigation/environment/path.sh
-- Symlinking: /home/student/turlebot_ws/install/turtlebot4_navigation/share/turtlebot4_navigation/environment/path.dsv
-- Symlinking: /home/student/turlebot_ws/install/turtlebot4_navigation/share/turtlebot4_navigation/local_setup.bash
-- Symlinking: /home/student/turlebot_ws/install/turtlebot4_navigation/share/turtlebot4_navigation/local_setup.sh
-- Symlinking: /home/student/turlebot_ws/install/turtlebot4_navigation/share/turtlebot4_navigation/local_setup.zsh
-- Symlinking: /home/student/turlebot_ws/install/turtlebot4_navigation/share/turtlebot4_navigation/local_setup.dsv
-- Symlinking: /home/student/turlebot_ws/install/turtlebot4_navigation/share/turtlebot4_navigation/package.dsv
-- Symlinking: /home/student/turlebot_ws/install/turtlebot4_navigation/share/ament_index/resource_index/packages/turtlebot4_navigation
-- Symlinking: /home/student/turlebot_ws/install/turtlebot4_navigation/share/turtlebot4_navigation/cmake/turtlebot4_navigationConfig.cmake
-- Symlinking: /home/student/turlebot_ws/install/turtlebot4_navigation/share/turtlebot4_navigation/cmake/turtlebot4_navigationConfig-version.cmake
-- Symlinking: /home/student/turlebot_ws/install/turtlebot4_navigation/share/turtlebot4_navigation/package.xml
Listing '/home/student/turlebot_ws/install/turtlebot4_navigation/lib/python3.8/site-packages/turtlebot4_navigation'...
Compiling '/home/student/turlebot_ws/install/turtlebot4_navigation/lib/python3.8/site-packages/turtlebot4_navigation/__init__.py'...
Compiling '/home/student/turlebot_ws/install/turtlebot4_navigation/lib/python3.8/site-packages/turtlebot4_navigation/turtlebot4_navigator.py'...
Compiling '/home/student/turlebot_ws/install/turtlebot4_navigation/lib/python3.8/site-packages/turtlebot4_navigator.py'...
