-- The C compiler identification is GNU 9.4.0
-- The CXX compiler identification is GNU 9.4.0
-- Check for working C compiler: /usr/bin/cc
-- Check for working C compiler: /usr/bin/cc -- works
-- Detecting C compiler ABI info
-- Detecting C compiler ABI info - done
-- Detecting C compile features
-- Detecting C compile features - done
-- Check for working CXX compiler: /usr/bin/c++
-- Check for working CXX compiler: /usr/bin/c++ -- works
-- Detecting CXX compiler ABI info
-- Detecting CXX compiler ABI info - done
-- Detecting CXX compile features
-- Detecting CXX compile features - done
-- Found ament_cmake: 1.1.5 (/opt/ros/galactic/share/ament_cmake/cmake)
-- Found PythonInterp: /usr/bin/python3 (found suitable version "3.8.10", minimum required is "3") 
-- Using PYTHON_EXECUTABLE: /usr/bin/python3
-- Override CMake install command with custom implementation using symlinks instead of copying resources
-- Found control_msgs: 3.0.0 (/opt/ros/galactic/share/control_msgs/cmake)
-- Using all available rosidl_typesupport_c: rosidl_typesupport_fastrtps_c;rosidl_typesupport_introspection_c
-- Found rosidl_adapter: 2.2.2 (/opt/ros/galactic/share/rosidl_adapter/cmake)
-- Found OpenSSL: /usr/lib/x86_64-linux-gnu/libcrypto.so (found version "1.1.1f")  
-- Found FastRTPS: /opt/ros/galactic/include  
-- Using all available rosidl_typesupport_cpp: rosidl_typesupport_fastrtps_cpp;rosidl_typesupport_introspection_cpp
-- Found sensor_msgs: 2.2.4 (/opt/ros/galactic/share/sensor_msgs/cmake)
-- Found nav_msgs: 2.2.4 (/opt/ros/galactic/share/nav_msgs/cmake)
-- Found irobot_create_msgs: 1.2.0 (/home/student/turlebot_ws/install/irobot_create_msgs/share/irobot_create_msgs/cmake)
-- Found rclcpp: 9.2.1 (/opt/ros/galactic/share/rclcpp/cmake)
-- Found rmw_implementation_cmake: 3.3.1 (/opt/ros/galactic/share/rmw_implementation_cmake/cmake)
-- Found rmw_cyclonedds_cpp: 0.22.5 (/opt/ros/galactic/share/rmw_cyclonedds_cpp/cmake)
-- Using RMW implementation 'rmw_cyclonedds_cpp' as default
-- Looking for pthread.h
-- Looking for pthread.h - found
-- Performing Test CMAKE_HAVE_LIBC_PTHREAD
-- Performing Test CMAKE_HAVE_LIBC_PTHREAD - Failed
-- Looking for pthread_create in pthreads
-- Looking for pthread_create in pthreads - not found
-- Looking for pthread_create in pthread
-- Looking for pthread_create in pthread - found
-- Found Threads: TRUE  
-- Found rclcpp_action: 9.2.1 (/opt/ros/galactic/share/rclcpp_action/cmake)
-- Found tf2: 0.17.4 (/opt/ros/galactic/share/tf2/cmake)
-- Found tf2_geometry_msgs: 0.17.4 (/opt/ros/galactic/share/tf2_geometry_msgs/cmake)
-- Found eigen3_cmake_module: 0.1.1 (/opt/ros/galactic/share/eigen3_cmake_module/cmake)
-- Found Eigen3: TRUE (found version "3.3.7") 
-- Found irobot_create_toolbox: 1.0.1 (/home/student/turlebot_ws/install/irobot_create_toolbox/share/irobot_create_toolbox/cmake)
-- Found ament_lint_auto: 0.10.7 (/opt/ros/galactic/share/ament_lint_auto/cmake)
-- Added test 'cppcheck' to perform static code analysis on C / C++ code
-- Configured cppcheck include dirs: /home/student/turlebot_ws/src/create3_sim/irobot_create_ignition/irobot_create_ignition_toolbox/include
-- Configured cppcheck exclude dirs and/or files: 
-- Added test 'cpplint' to check C / C++ code against the Google style
-- Configured cpplint exclude dirs and/or files: 
-- Added test 'lint_cmake' to check CMake code style
-- Added test 'uncrustify' to check C / C++ code style
-- Configured uncrustify additional arguments: 
-- Added test 'xmllint' to check XML markup files
-- Configuring done
-- Generating done
-- Build files have been written to: /home/student/turlebot_ws/build/irobot_create_ignition_toolbox
[35m[1mScanning dependencies of target irobot_create_ignition_sensors_lib[0m
[35m[1mScanning dependencies of target irobot_create_ignition_interface_buttons_lib[0m
[35m[1mScanning dependencies of target irobot_create_ignition_pose_republisher_lib[0m
[  5%] [32mBuilding CXX object CMakeFiles/irobot_create_ignition_interface_buttons_lib.dir/src/interface_buttons/interface_buttons_node.cpp.o[0m
[ 11%] [32mBuilding CXX object CMakeFiles/irobot_create_ignition_pose_republisher_lib.dir/src/pose_republisher/pose_republisher_node.cpp.o[0m
[ 16%] [32mBuilding CXX object CMakeFiles/irobot_create_ignition_sensors_lib.dir/src/sensors/sensors_node.cpp.o[0m
[ 22%] [32mBuilding CXX object CMakeFiles/irobot_create_ignition_sensors_lib.dir/src/sensors/ir_opcode.cpp.o[0m
[ 27%] [32mBuilding CXX object CMakeFiles/irobot_create_ignition_sensors_lib.dir/src/sensors/bumper.cpp.o[0m
[ 33%] [32mBuilding CXX object CMakeFiles/irobot_create_ignition_sensors_lib.dir/src/sensors/cliff.cpp.o[0m
[ 38%] [32mBuilding CXX object CMakeFiles/irobot_create_ignition_sensors_lib.dir/src/sensors/ir_intensity.cpp.o[0m
[ 44%] [32mBuilding CXX object CMakeFiles/irobot_create_ignition_sensors_lib.dir/src/sensors/mouse.cpp.o[0m
[ 50%] [32mBuilding CXX object CMakeFiles/irobot_create_ignition_sensors_lib.dir/src/sensors/wheel_drop.cpp.o[0m
[ 55%] [32m[1mLinking CXX shared library libirobot_create_ignition_interface_buttons_lib.so[0m
[ 55%] Built target irobot_create_ignition_interface_buttons_lib
[ 61%] [32m[1mLinking CXX shared library libirobot_create_ignition_pose_republisher_lib.so[0m
[ 61%] Built target irobot_create_ignition_pose_republisher_lib
[ 66%] [32m[1mLinking CXX shared library libirobot_create_ignition_sensors_lib.so[0m
[ 66%] Built target irobot_create_ignition_sensors_lib
[35m[1mScanning dependencies of target pose_republisher_node[0m
[ 72%] [32mBuilding CXX object CMakeFiles/pose_republisher_node.dir/src/pose_republisher/pose_republisher_main.cpp.o[0m
[ 77%] [32m[1mLinking CXX executable pose_republisher_node[0m
[ 77%] Built target pose_republisher_node
[35m[1mScanning dependencies of target sensors_node[0m
[ 83%] [32mBuilding CXX object CMakeFiles/sensors_node.dir/src/sensors/sensors_main.cpp.o[0m
[ 88%] [32m[1mLinking CXX executable sensors_node[0m
[ 88%] Built target sensors_node
[35m[1mScanning dependencies of target interface_buttons_node[0m
[ 94%] [32mBuilding CXX object CMakeFiles/interface_buttons_node.dir/src/interface_buttons/interface_buttons_main.cpp.o[0m
[100%] [32m[1mLinking CXX executable interface_buttons_node[0m
[100%] Built target interface_buttons_node
-- Install configuration: ""
-- Execute custom install script
-- Symlinking: /home/student/turlebot_ws/install/irobot_create_ignition_toolbox/lib/libirobot_create_ignition_pose_republisher_lib.so
-- Symlinking: /home/student/turlebot_ws/install/irobot_create_ignition_toolbox/lib/libirobot_create_ignition_sensors_lib.so
-- Symlinking: /home/student/turlebot_ws/install/irobot_create_ignition_toolbox/lib/libirobot_create_ignition_interface_buttons_lib.so
-- Symlinking: /home/student/turlebot_ws/install/irobot_create_ignition_toolbox/lib/irobot_create_ignition_toolbox/pose_republisher_node
-- Symlinking: /home/student/turlebot_ws/install/irobot_create_ignition_toolbox/lib/irobot_create_ignition_toolbox/sensors_node
-- Symlinking: /home/student/turlebot_ws/install/irobot_create_ignition_toolbox/lib/irobot_create_ignition_toolbox/interface_buttons_node
-- Symlinking: /home/student/turlebot_ws/install/irobot_create_ignition_toolbox/include/irobot_create_ignition_toolbox/interface_buttons/interface_buttons_node.hpp
-- Symlinking: /home/student/turlebot_ws/install/irobot_create_ignition_toolbox/include/irobot_create_ignition_toolbox/pose_republisher/pose_republisher.hpp
-- Symlinking: /home/student/turlebot_ws/install/irobot_create_ignition_toolbox/include/irobot_create_ignition_toolbox/sensors/bumper.hpp
-- Symlinking: /home/student/turlebot_ws/install/irobot_create_ignition_toolbox/include/irobot_create_ignition_toolbox/sensors/cliff.hpp
-- Symlinking: /home/student/turlebot_ws/install/irobot_create_ignition_toolbox/include/irobot_create_ignition_toolbox/sensors/ir_intensity.hpp
-- Symlinking: /home/student/turlebot_ws/install/irobot_create_ignition_toolbox/include/irobot_create_ignition_toolbox/sensors/ir_opcode.hpp
-- Symlinking: /home/student/turlebot_ws/install/irobot_create_ignition_toolbox/include/irobot_create_ignition_toolbox/sensors/mouse.hpp
-- Symlinking: /home/student/turlebot_ws/install/irobot_create_ignition_toolbox/include/irobot_create_ignition_toolbox/sensors/sensors_node.hpp
-- Symlinking: /home/student/turlebot_ws/install/irobot_create_ignition_toolbox/include/irobot_create_ignition_toolbox/sensors/wheel_drop.hpp
-- Symlinking: /home/student/turlebot_ws/install/irobot_create_ignition_toolbox/include/irobot_create_ignition_toolbox/utils.hpp
-- Symlinking: /home/student/turlebot_ws/install/irobot_create_ignition_toolbox/share/irobot_create_ignition_toolbox/environment/library_path.sh
-- Symlinking: /home/student/turlebot_ws/install/irobot_create_ignition_toolbox/share/irobot_create_ignition_toolbox/environment/library_path.dsv
-- Symlinking: /home/student/turlebot_ws/install/irobot_create_ignition_toolbox/share/ament_index/resource_index/package_run_dependencies/irobot_create_ignition_toolbox
-- Symlinking: /home/student/turlebot_ws/install/irobot_create_ignition_toolbox/share/ament_index/resource_index/parent_prefix_path/irobot_create_ignition_toolbox
-- Symlinking: /home/student/turlebot_ws/install/irobot_create_ignition_toolbox/share/irobot_create_ignition_toolbox/environment/ament_prefix_path.sh
-- Symlinking: /home/student/turlebot_ws/install/irobot_create_ignition_toolbox/share/irobot_create_ignition_toolbox/environment/ament_prefix_path.dsv
-- Symlinking: /home/student/turlebot_ws/install/irobot_create_ignition_toolbox/share/irobot_create_ignition_toolbox/environment/path.sh
-- Symlinking: /home/student/turlebot_ws/install/irobot_create_ignition_toolbox/share/irobot_create_ignition_toolbox/environment/path.dsv
-- Symlinking: /home/student/turlebot_ws/install/irobot_create_ignition_toolbox/share/irobot_create_ignition_toolbox/local_setup.bash
-- Symlinking: /home/student/turlebot_ws/install/irobot_create_ignition_toolbox/share/irobot_create_ignition_toolbox/local_setup.sh
-- Symlinking: /home/student/turlebot_ws/install/irobot_create_ignition_toolbox/share/irobot_create_ignition_toolbox/local_setup.zsh
-- Symlinking: /home/student/turlebot_ws/install/irobot_create_ignition_toolbox/share/irobot_create_ignition_toolbox/local_setup.dsv
-- Symlinking: /home/student/turlebot_ws/install/irobot_create_ignition_toolbox/share/irobot_create_ignition_toolbox/package.dsv
-- Symlinking: /home/student/turlebot_ws/install/irobot_create_ignition_toolbox/share/ament_index/resource_index/packages/irobot_create_ignition_toolbox
-- Symlinking: /home/student/turlebot_ws/install/irobot_create_ignition_toolbox/share/irobot_create_ignition_toolbox/cmake/ament_cmake_export_include_directories-extras.cmake
-- Symlinking: /home/student/turlebot_ws/install/irobot_create_ignition_toolbox/share/irobot_create_ignition_toolbox/cmake/ament_cmake_export_libraries-extras.cmake
-- Symlinking: /home/student/turlebot_ws/install/irobot_create_ignition_toolbox/share/irobot_create_ignition_toolbox/cmake/ament_cmake_export_dependencies-extras.cmake
-- Symlinking: /home/student/turlebot_ws/install/irobot_create_ignition_toolbox/share/irobot_create_ignition_toolbox/cmake/irobot_create_ignition_toolboxConfig.cmake
-- Symlinking: /home/student/turlebot_ws/install/irobot_create_ignition_toolbox/share/irobot_create_ignition_toolbox/cmake/irobot_create_ignition_toolboxConfig-version.cmake
-- Symlinking: /home/student/turlebot_ws/install/irobot_create_ignition_toolbox/share/irobot_create_ignition_toolbox/package.xml
