[0.034s] Invoking command in '/home/student/turlebot_ws/build/irobot_create_ignition_plugins': CMAKE_PREFIX_PATH=/opt/ros/galactic /usr/bin/cmake /home/student/turlebot_ws/src/create3_sim/irobot_create_ignition/irobot_create_ignition_plugins -DAMENT_CMAKE_SYMLINK_INSTALL=1 -DCMAKE_INSTALL_PREFIX=/home/student/turlebot_ws/install/irobot_create_ignition_plugins
[0.151s] -- The C compiler identification is GNU 9.4.0
[0.218s] -- The CXX compiler identification is GNU 9.4.0
[0.225s] -- Check for working C compiler: /usr/bin/cc
[0.313s] -- Check for working C compiler: /usr/bin/cc -- works
[0.314s] -- Detecting C compiler ABI info
[0.402s] -- Detecting C compiler ABI info - done
[0.424s] -- Detecting C compile features
[0.424s] -- Detecting C compile features - done
[0.428s] -- Check for working CXX compiler: /usr/bin/c++
[0.524s] -- Check for working CXX compiler: /usr/bin/c++ -- works
[0.525s] -- Detecting CXX compiler ABI info
[0.619s] -- Detecting CXX compiler ABI info - done
[0.640s] -- Detecting CXX compile features
[0.641s] -- Detecting CXX compile features - done
[0.644s] -- Found ament_cmake: 1.1.5 (/opt/ros/galactic/share/ament_cmake/cmake)
[0.669s] -- Found PythonInterp: /usr/bin/python3 (found suitable version "3.8.10", minimum required is "3") 
[0.669s] -- Using PYTHON_EXECUTABLE: /usr/bin/python3
[0.738s] -- Override CMake install command with custom implementation using symlinks instead of copying resources
[1.176s] -- Found Protobuf: /usr/lib/x86_64-linux-gnu/libprotobuf.so;-lpthread (found suitable version "3.6.1", minimum required is "3") 
[1.629s] -- Found ament_lint_auto: 0.10.7 (/opt/ros/galactic/share/ament_lint_auto/cmake)
[1.719s] -- Added test 'cppcheck' to perform static code analysis on C / C++ code
[1.719s] -- Configured cppcheck include dirs: 
[1.719s] -- Configured cppcheck exclude dirs and/or files: 
[1.720s] -- Added test 'cpplint' to check C / C++ code against the Google style
[1.720s] -- Configured cpplint exclude dirs and/or files: 
[1.721s] -- Added test 'lint_cmake' to check CMake code style
[1.722s] -- Added test 'xmllint' to check XML markup files
[1.726s] -- Configuring done
[1.763s] -- Generating done
[1.766s] -- Build files have been written to: /home/student/turlebot_ws/build/irobot_create_ignition_plugins
[1.780s] Invoked command in '/home/student/turlebot_ws/build/irobot_create_ignition_plugins' returned '0': CMAKE_PREFIX_PATH=/opt/ros/galactic /usr/bin/cmake /home/student/turlebot_ws/src/create3_sim/irobot_create_ignition/irobot_create_ignition_plugins -DAMENT_CMAKE_SYMLINK_INSTALL=1 -DCMAKE_INSTALL_PREFIX=/home/student/turlebot_ws/install/irobot_create_ignition_plugins
[1.784s] Invoking command in '/home/student/turlebot_ws/build/irobot_create_ignition_plugins': CMAKE_PREFIX_PATH=/opt/ros/galactic /usr/bin/cmake --build /home/student/turlebot_ws/build/irobot_create_ignition_plugins -- -j12 -l12
[1.841s] [35m[1mScanning dependencies of target Create3Hmi_autogen[0m
[1.854s] [ 16%] [34m[1mAutomatic MOC for target Create3Hmi[0m
[3.997s] [ 16%] Built target Create3Hmi_autogen
[4.017s] [ 33%] [34m[1mGenerating qrc_Create3Hmi.cpp[0m
[4.039s] [35m[1mScanning dependencies of target Create3Hmi[0m
[4.207s] [ 50%] [32mBuilding CXX object Create3Hmi/CMakeFiles/Create3Hmi.dir/Create3Hmi_autogen/mocs_compilation.cpp.o[0m
[4.209s] [ 83%] [32mBuilding CXX object Create3Hmi/CMakeFiles/Create3Hmi.dir/qrc_Create3Hmi.cpp.o[0m
[4.209s] [ 83%] [32mBuilding CXX object Create3Hmi/CMakeFiles/Create3Hmi.dir/Create3Hmi.cc.o[0m
[14.616s] [100%] [32m[1mLinking CXX shared library libCreate3Hmi.so[0m
[15.787s] [100%] Built target Create3Hmi
[15.826s] Invoked command in '/home/student/turlebot_ws/build/irobot_create_ignition_plugins' returned '0': CMAKE_PREFIX_PATH=/opt/ros/galactic /usr/bin/cmake --build /home/student/turlebot_ws/build/irobot_create_ignition_plugins -- -j12 -l12
[16.087s] Invoking command in '/home/student/turlebot_ws/build/irobot_create_ignition_plugins': CMAKE_PREFIX_PATH=/opt/ros/galactic /usr/bin/cmake --install /home/student/turlebot_ws/build/irobot_create_ignition_plugins
[16.130s] -- Install configuration: ""
[16.145s] -- Execute custom install script
[16.146s] -- Symlinking: /home/student/turlebot_ws/install/irobot_create_ignition_plugins/share/irobot_create_ignition_plugins/lib/libCreate3Hmi.so
[16.190s] -- Symlinking: /home/student/turlebot_ws/install/irobot_create_ignition_plugins/share/ament_index/resource_index/package_run_dependencies/irobot_create_ignition_plugins
[16.222s] -- Symlinking: /home/student/turlebot_ws/install/irobot_create_ignition_plugins/share/ament_index/resource_index/parent_prefix_path/irobot_create_ignition_plugins
[16.255s] -- Symlinking: /home/student/turlebot_ws/install/irobot_create_ignition_plugins/share/irobot_create_ignition_plugins/environment/ament_prefix_path.sh
[16.274s] -- Symlinking: /home/student/turlebot_ws/install/irobot_create_ignition_plugins/share/irobot_create_ignition_plugins/environment/ament_prefix_path.dsv
[16.293s] -- Symlinking: /home/student/turlebot_ws/install/irobot_create_ignition_plugins/share/irobot_create_ignition_plugins/environment/path.sh
[16.314s] -- Symlinking: /home/student/turlebot_ws/install/irobot_create_ignition_plugins/share/irobot_create_ignition_plugins/environment/path.dsv
[16.334s] -- Symlinking: /home/student/turlebot_ws/install/irobot_create_ignition_plugins/share/irobot_create_ignition_plugins/local_setup.bash
[16.372s] -- Symlinking: /home/student/turlebot_ws/install/irobot_create_ignition_plugins/share/irobot_create_ignition_plugins/local_setup.sh
[16.394s] -- Symlinking: /home/student/turlebot_ws/install/irobot_create_ignition_plugins/share/irobot_create_ignition_plugins/local_setup.zsh
[16.430s] -- Symlinking: /home/student/turlebot_ws/install/irobot_create_ignition_plugins/share/irobot_create_ignition_plugins/local_setup.dsv
[16.463s] -- Symlinking: /home/student/turlebot_ws/install/irobot_create_ignition_plugins/share/irobot_create_ignition_plugins/package.dsv
[16.507s] -- Symlinking: /home/student/turlebot_ws/install/irobot_create_ignition_plugins/share/ament_index/resource_index/packages/irobot_create_ignition_plugins
[16.541s] -- Symlinking: /home/student/turlebot_ws/install/irobot_create_ignition_plugins/share/irobot_create_ignition_plugins/cmake/irobot_create_ignition_pluginsConfig.cmake
[16.566s] -- Symlinking: /home/student/turlebot_ws/install/irobot_create_ignition_plugins/share/irobot_create_ignition_plugins/cmake/irobot_create_ignition_pluginsConfig-version.cmake
[16.617s] -- Symlinking: /home/student/turlebot_ws/install/irobot_create_ignition_plugins/share/irobot_create_ignition_plugins/package.xml
[16.663s] Invoked command in '/home/student/turlebot_ws/build/irobot_create_ignition_plugins' returned '0': CMAKE_PREFIX_PATH=/opt/ros/galactic /usr/bin/cmake --install /home/student/turlebot_ws/build/irobot_create_ignition_plugins
