[0.025s] Invoking command in '/home/student/turlebot_ws/build/irobot_create_ignition_bringup': AMENT_PREFIX_PATH=/home/student/turlebot_ws/install/irobot_create_common_bringup:/home/student/turlebot_ws/install/irobot_create_description:/home/student/turlebot_ws/install/irobot_create_control:/home/student/turlebot_ws/install/irobot_create_nodes:/home/student/turlebot_ws/install/irobot_create_ignition_toolbox:/home/student/turlebot_ws/install/irobot_create_toolbox:/home/student/turlebot_ws/install/irobot_create_msgs:/home/student/turlebot_ws/install/irobot_create_ignition_plugins:/home/student/turlebot_ws/install/ign_ros2_control:${AMENT_PREFIX_PATH} CMAKE_PREFIX_PATH=/home/student/turlebot_ws/install/irobot_create_common_bringup:/home/student/turlebot_ws/install/irobot_create_description:/home/student/turlebot_ws/install/irobot_create_control:/home/student/turlebot_ws/install/irobot_create_nodes:/home/student/turlebot_ws/install/irobot_create_ignition_toolbox:/home/student/turlebot_ws/install/irobot_create_toolbox:/home/student/turlebot_ws/install/irobot_create_msgs:/home/student/turlebot_ws/install/irobot_create_ignition_plugins:/home/student/turlebot_ws/install/ign_ros2_control:/opt/ros/galactic LD_LIBRARY_PATH=/home/student/turlebot_ws/install/irobot_create_nodes/lib:/home/student/turlebot_ws/install/irobot_create_ignition_toolbox/lib:/home/student/turlebot_ws/install/irobot_create_toolbox/lib:/home/student/turlebot_ws/install/irobot_create_msgs/lib:/home/student/turlebot_ws/install/ign_ros2_control/lib:/usr/lib/x86_64-linux-gnu/gazebo-11/plugins:/opt/ros/galactic/opt/yaml_cpp_vendor/lib:/opt/ros/galactic/opt/rviz_ogre_vendor/lib:/opt/ros/galactic/lib/x86_64-linux-gnu:/opt/ros/galactic/lib:/usr/local/cuda-11.1/lib64 PYTHONPATH=/home/student/turlebot_ws/install/irobot_create_msgs/lib/python3.8/site-packages:${PYTHONPATH} /usr/bin/cmake /home/student/turlebot_ws/src/create3_sim/irobot_create_ignition/irobot_create_ignition_bringup -DAMENT_CMAKE_SYMLINK_INSTALL=1 -DCMAKE_INSTALL_PREFIX=/home/student/turlebot_ws/install/irobot_create_ignition_bringup
[0.085s] -- The C compiler identification is GNU 9.4.0
[0.148s] -- The CXX compiler identification is GNU 9.4.0
[0.152s] -- Check for working C compiler: /usr/bin/cc
[0.229s] -- Check for working C compiler: /usr/bin/cc -- works
[0.230s] -- Detecting C compiler ABI info
[0.308s] -- Detecting C compiler ABI info - done
[0.331s] -- Detecting C compile features
[0.332s] -- Detecting C compile features - done
[0.336s] -- Check for working CXX compiler: /usr/bin/c++
[0.425s] -- Check for working CXX compiler: /usr/bin/c++ -- works
[0.426s] -- Detecting CXX compiler ABI info
[0.510s] -- Detecting CXX compiler ABI info - done
[0.521s] -- Detecting CXX compile features
[0.522s] -- Detecting CXX compile features - done
[0.524s] -- Found ament_cmake: 1.1.5 (/opt/ros/galactic/share/ament_cmake/cmake)
[0.550s] -- Found PythonInterp: /usr/bin/python3 (found suitable version "3.8.10", minimum required is "3") 
[0.550s] -- Using PYTHON_EXECUTABLE: /usr/bin/python3
[0.604s] -- Override CMake install command with custom implementation using symlinks instead of copying resources
[0.676s] -- Using all available rosidl_typesupport_c: rosidl_typesupport_fastrtps_c;rosidl_typesupport_introspection_c
[0.685s] -- Found rosidl_adapter: 2.2.2 (/opt/ros/galactic/share/rosidl_adapter/cmake)
[0.801s] -- Found OpenSSL: /usr/lib/x86_64-linux-gnu/libcrypto.so (found version "1.1.1f")  
[0.834s] -- Found FastRTPS: /opt/ros/galactic/include  
[0.916s] -- Using all available rosidl_typesupport_cpp: rosidl_typesupport_fastrtps_cpp;rosidl_typesupport_introspection_cpp
[1.137s] -- Found ament_lint_auto: 0.10.7 (/opt/ros/galactic/share/ament_lint_auto/cmake)
[1.276s] -- Added test 'flake8' to check Python code syntax and style conventions
[1.277s] -- Added test 'lint_cmake' to check CMake code style
[1.277s] -- Added test 'pep257' to check Python code against some of the style conventions in PEP 257
[1.279s] -- Added test 'xmllint' to check XML markup files
[1.282s] -- Configuring done
[1.285s] -- Generating done
[1.286s] -- Build files have been written to: /home/student/turlebot_ws/build/irobot_create_ignition_bringup
[1.294s] Invoked command in '/home/student/turlebot_ws/build/irobot_create_ignition_bringup' returned '0': AMENT_PREFIX_PATH=/home/student/turlebot_ws/install/irobot_create_common_bringup:/home/student/turlebot_ws/install/irobot_create_description:/home/student/turlebot_ws/install/irobot_create_control:/home/student/turlebot_ws/install/irobot_create_nodes:/home/student/turlebot_ws/install/irobot_create_ignition_toolbox:/home/student/turlebot_ws/install/irobot_create_toolbox:/home/student/turlebot_ws/install/irobot_create_msgs:/home/student/turlebot_ws/install/irobot_create_ignition_plugins:/home/student/turlebot_ws/install/ign_ros2_control:${AMENT_PREFIX_PATH} CMAKE_PREFIX_PATH=/home/student/turlebot_ws/install/irobot_create_common_bringup:/home/student/turlebot_ws/install/irobot_create_description:/home/student/turlebot_ws/install/irobot_create_control:/home/student/turlebot_ws/install/irobot_create_nodes:/home/student/turlebot_ws/install/irobot_create_ignition_toolbox:/home/student/turlebot_ws/install/irobot_create_toolbox:/home/student/turlebot_ws/install/irobot_create_msgs:/home/student/turlebot_ws/install/irobot_create_ignition_plugins:/home/student/turlebot_ws/install/ign_ros2_control:/opt/ros/galactic LD_LIBRARY_PATH=/home/student/turlebot_ws/install/irobot_create_nodes/lib:/home/student/turlebot_ws/install/irobot_create_ignition_toolbox/lib:/home/student/turlebot_ws/install/irobot_create_toolbox/lib:/home/student/turlebot_ws/install/irobot_create_msgs/lib:/home/student/turlebot_ws/install/ign_ros2_control/lib:/usr/lib/x86_64-linux-gnu/gazebo-11/plugins:/opt/ros/galactic/opt/yaml_cpp_vendor/lib:/opt/ros/galactic/opt/rviz_ogre_vendor/lib:/opt/ros/galactic/lib/x86_64-linux-gnu:/opt/ros/galactic/lib:/usr/local/cuda-11.1/lib64 PYTHONPATH=/home/student/turlebot_ws/install/irobot_create_msgs/lib/python3.8/site-packages:${PYTHONPATH} /usr/bin/cmake /home/student/turlebot_ws/src/create3_sim/irobot_create_ignition/irobot_create_ignition_bringup -DAMENT_CMAKE_SYMLINK_INSTALL=1 -DCMAKE_INSTALL_PREFIX=/home/student/turlebot_ws/install/irobot_create_ignition_bringup
[1.297s] Invoking command in '/home/student/turlebot_ws/build/irobot_create_ignition_bringup': AMENT_PREFIX_PATH=/home/student/turlebot_ws/install/irobot_create_common_bringup:/home/student/turlebot_ws/install/irobot_create_description:/home/student/turlebot_ws/install/irobot_create_control:/home/student/turlebot_ws/install/irobot_create_nodes:/home/student/turlebot_ws/install/irobot_create_ignition_toolbox:/home/student/turlebot_ws/install/irobot_create_toolbox:/home/student/turlebot_ws/install/irobot_create_msgs:/home/student/turlebot_ws/install/irobot_create_ignition_plugins:/home/student/turlebot_ws/install/ign_ros2_control:${AMENT_PREFIX_PATH} CMAKE_PREFIX_PATH=/home/student/turlebot_ws/install/irobot_create_common_bringup:/home/student/turlebot_ws/install/irobot_create_description:/home/student/turlebot_ws/install/irobot_create_control:/home/student/turlebot_ws/install/irobot_create_nodes:/home/student/turlebot_ws/install/irobot_create_ignition_toolbox:/home/student/turlebot_ws/install/irobot_create_toolbox:/home/student/turlebot_ws/install/irobot_create_msgs:/home/student/turlebot_ws/install/irobot_create_ignition_plugins:/home/student/turlebot_ws/install/ign_ros2_control:/opt/ros/galactic LD_LIBRARY_PATH=/home/student/turlebot_ws/install/irobot_create_nodes/lib:/home/student/turlebot_ws/install/irobot_create_ignition_toolbox/lib:/home/student/turlebot_ws/install/irobot_create_toolbox/lib:/home/student/turlebot_ws/install/irobot_create_msgs/lib:/home/student/turlebot_ws/install/ign_ros2_control/lib:/usr/lib/x86_64-linux-gnu/gazebo-11/plugins:/opt/ros/galactic/opt/yaml_cpp_vendor/lib:/opt/ros/galactic/opt/rviz_ogre_vendor/lib:/opt/ros/galactic/lib/x86_64-linux-gnu:/opt/ros/galactic/lib:/usr/local/cuda-11.1/lib64 PYTHONPATH=/home/student/turlebot_ws/install/irobot_create_msgs/lib/python3.8/site-packages:${PYTHONPATH} /usr/bin/cmake --build /home/student/turlebot_ws/build/irobot_create_ignition_bringup -- -j12 -l12
[1.340s] Invoked command in '/home/student/turlebot_ws/build/irobot_create_ignition_bringup' returned '0': AMENT_PREFIX_PATH=/home/student/turlebot_ws/install/irobot_create_common_bringup:/home/student/turlebot_ws/install/irobot_create_description:/home/student/turlebot_ws/install/irobot_create_control:/home/student/turlebot_ws/install/irobot_create_nodes:/home/student/turlebot_ws/install/irobot_create_ignition_toolbox:/home/student/turlebot_ws/install/irobot_create_toolbox:/home/student/turlebot_ws/install/irobot_create_msgs:/home/student/turlebot_ws/install/irobot_create_ignition_plugins:/home/student/turlebot_ws/install/ign_ros2_control:${AMENT_PREFIX_PATH} CMAKE_PREFIX_PATH=/home/student/turlebot_ws/install/irobot_create_common_bringup:/home/student/turlebot_ws/install/irobot_create_description:/home/student/turlebot_ws/install/irobot_create_control:/home/student/turlebot_ws/install/irobot_create_nodes:/home/student/turlebot_ws/install/irobot_create_ignition_toolbox:/home/student/turlebot_ws/install/irobot_create_toolbox:/home/student/turlebot_ws/install/irobot_create_msgs:/home/student/turlebot_ws/install/irobot_create_ignition_plugins:/home/student/turlebot_ws/install/ign_ros2_control:/opt/ros/galactic LD_LIBRARY_PATH=/home/student/turlebot_ws/install/irobot_create_nodes/lib:/home/student/turlebot_ws/install/irobot_create_ignition_toolbox/lib:/home/student/turlebot_ws/install/irobot_create_toolbox/lib:/home/student/turlebot_ws/install/irobot_create_msgs/lib:/home/student/turlebot_ws/install/ign_ros2_control/lib:/usr/lib/x86_64-linux-gnu/gazebo-11/plugins:/opt/ros/galactic/opt/yaml_cpp_vendor/lib:/opt/ros/galactic/opt/rviz_ogre_vendor/lib:/opt/ros/galactic/lib/x86_64-linux-gnu:/opt/ros/galactic/lib:/usr/local/cuda-11.1/lib64 PYTHONPATH=/home/student/turlebot_ws/install/irobot_create_msgs/lib/python3.8/site-packages:${PYTHONPATH} /usr/bin/cmake --build /home/student/turlebot_ws/build/irobot_create_ignition_bringup -- -j12 -l12
[1.365s] Invoking command in '/home/student/turlebot_ws/build/irobot_create_ignition_bringup': AMENT_PREFIX_PATH=/home/student/turlebot_ws/install/irobot_create_common_bringup:/home/student/turlebot_ws/install/irobot_create_description:/home/student/turlebot_ws/install/irobot_create_control:/home/student/turlebot_ws/install/irobot_create_nodes:/home/student/turlebot_ws/install/irobot_create_ignition_toolbox:/home/student/turlebot_ws/install/irobot_create_toolbox:/home/student/turlebot_ws/install/irobot_create_msgs:/home/student/turlebot_ws/install/irobot_create_ignition_plugins:/home/student/turlebot_ws/install/ign_ros2_control:${AMENT_PREFIX_PATH} CMAKE_PREFIX_PATH=/home/student/turlebot_ws/install/irobot_create_common_bringup:/home/student/turlebot_ws/install/irobot_create_description:/home/student/turlebot_ws/install/irobot_create_control:/home/student/turlebot_ws/install/irobot_create_nodes:/home/student/turlebot_ws/install/irobot_create_ignition_toolbox:/home/student/turlebot_ws/install/irobot_create_toolbox:/home/student/turlebot_ws/install/irobot_create_msgs:/home/student/turlebot_ws/install/irobot_create_ignition_plugins:/home/student/turlebot_ws/install/ign_ros2_control:/opt/ros/galactic LD_LIBRARY_PATH=/home/student/turlebot_ws/install/irobot_create_nodes/lib:/home/student/turlebot_ws/install/irobot_create_ignition_toolbox/lib:/home/student/turlebot_ws/install/irobot_create_toolbox/lib:/home/student/turlebot_ws/install/irobot_create_msgs/lib:/home/student/turlebot_ws/install/ign_ros2_control/lib:/usr/lib/x86_64-linux-gnu/gazebo-11/plugins:/opt/ros/galactic/opt/yaml_cpp_vendor/lib:/opt/ros/galactic/opt/rviz_ogre_vendor/lib:/opt/ros/galactic/lib/x86_64-linux-gnu:/opt/ros/galactic/lib:/usr/local/cuda-11.1/lib64 PYTHONPATH=/home/student/turlebot_ws/install/irobot_create_msgs/lib/python3.8/site-packages:${PYTHONPATH} /usr/bin/cmake --install /home/student/turlebot_ws/build/irobot_create_ignition_bringup
[1.377s] -- Install configuration: ""
[1.377s] -- Execute custom install script
[1.378s] -- Symlinking: /home/student/turlebot_ws/install/irobot_create_ignition_bringup/share/irobot_create_ignition_bringup/gui/create3/gui.config
[1.388s] -- Symlinking: /home/student/turlebot_ws/install/irobot_create_ignition_bringup/share/irobot_create_ignition_bringup/launch/create3_ignition.launch.py
[1.398s] -- Symlinking: /home/student/turlebot_ws/install/irobot_create_ignition_bringup/share/irobot_create_ignition_bringup/launch/create3_ignition_nodes.launch.py
[1.408s] -- Symlinking: /home/student/turlebot_ws/install/irobot_create_ignition_bringup/share/irobot_create_ignition_bringup/launch/create3_ros_ignition_bridge.launch.py
[1.418s] -- Symlinking: /home/student/turlebot_ws/install/irobot_create_ignition_bringup/share/irobot_create_ignition_bringup/worlds/depot.sdf
[1.427s] -- Symlinking: /home/student/turlebot_ws/install/irobot_create_ignition_bringup/share/irobot_create_ignition_bringup/worlds/maze.sdf
[1.438s] -- Symlinking: /home/student/turlebot_ws/install/irobot_create_ignition_bringup/share/irobot_create_ignition_bringup/config/pose_republisher_params.yaml
[1.449s] -- Symlinking: /home/student/turlebot_ws/install/irobot_create_ignition_bringup/share/irobot_create_ignition_bringup/config/sensors_params.yaml
[1.460s] -- Symlinking: /home/student/turlebot_ws/install/irobot_create_ignition_bringup/share/ament_index/resource_index/package_run_dependencies/irobot_create_ignition_bringup
[1.469s] -- Symlinking: /home/student/turlebot_ws/install/irobot_create_ignition_bringup/share/ament_index/resource_index/parent_prefix_path/irobot_create_ignition_bringup
[1.479s] -- Symlinking: /home/student/turlebot_ws/install/irobot_create_ignition_bringup/share/irobot_create_ignition_bringup/environment/ament_prefix_path.sh
[1.490s] -- Symlinking: /home/student/turlebot_ws/install/irobot_create_ignition_bringup/share/irobot_create_ignition_bringup/environment/ament_prefix_path.dsv
[1.499s] -- Symlinking: /home/student/turlebot_ws/install/irobot_create_ignition_bringup/share/irobot_create_ignition_bringup/environment/path.sh
[1.509s] -- Symlinking: /home/student/turlebot_ws/install/irobot_create_ignition_bringup/share/irobot_create_ignition_bringup/environment/path.dsv
[1.519s] -- Symlinking: /home/student/turlebot_ws/install/irobot_create_ignition_bringup/share/irobot_create_ignition_bringup/local_setup.bash
[1.530s] -- Symlinking: /home/student/turlebot_ws/install/irobot_create_ignition_bringup/share/irobot_create_ignition_bringup/local_setup.sh
[1.541s] -- Symlinking: /home/student/turlebot_ws/install/irobot_create_ignition_bringup/share/irobot_create_ignition_bringup/local_setup.zsh
[1.552s] -- Symlinking: /home/student/turlebot_ws/install/irobot_create_ignition_bringup/share/irobot_create_ignition_bringup/local_setup.dsv
[1.561s] -- Symlinking: /home/student/turlebot_ws/install/irobot_create_ignition_bringup/share/irobot_create_ignition_bringup/package.dsv
[1.570s] -- Symlinking: /home/student/turlebot_ws/install/irobot_create_ignition_bringup/share/ament_index/resource_index/packages/irobot_create_ignition_bringup
[1.580s] -- Symlinking: /home/student/turlebot_ws/install/irobot_create_ignition_bringup/share/irobot_create_ignition_bringup/cmake/irobot_create_ignition_bringupConfig.cmake
[1.589s] -- Symlinking: /home/student/turlebot_ws/install/irobot_create_ignition_bringup/share/irobot_create_ignition_bringup/cmake/irobot_create_ignition_bringupConfig-version.cmake
[1.598s] -- Symlinking: /home/student/turlebot_ws/install/irobot_create_ignition_bringup/share/irobot_create_ignition_bringup/package.xml
[1.611s] Invoked command in '/home/student/turlebot_ws/build/irobot_create_ignition_bringup' returned '0': AMENT_PREFIX_PATH=/home/student/turlebot_ws/install/irobot_create_common_bringup:/home/student/turlebot_ws/install/irobot_create_description:/home/student/turlebot_ws/install/irobot_create_control:/home/student/turlebot_ws/install/irobot_create_nodes:/home/student/turlebot_ws/install/irobot_create_ignition_toolbox:/home/student/turlebot_ws/install/irobot_create_toolbox:/home/student/turlebot_ws/install/irobot_create_msgs:/home/student/turlebot_ws/install/irobot_create_ignition_plugins:/home/student/turlebot_ws/install/ign_ros2_control:${AMENT_PREFIX_PATH} CMAKE_PREFIX_PATH=/home/student/turlebot_ws/install/irobot_create_common_bringup:/home/student/turlebot_ws/install/irobot_create_description:/home/student/turlebot_ws/install/irobot_create_control:/home/student/turlebot_ws/install/irobot_create_nodes:/home/student/turlebot_ws/install/irobot_create_ignition_toolbox:/home/student/turlebot_ws/install/irobot_create_toolbox:/home/student/turlebot_ws/install/irobot_create_msgs:/home/student/turlebot_ws/install/irobot_create_ignition_plugins:/home/student/turlebot_ws/install/ign_ros2_control:/opt/ros/galactic LD_LIBRARY_PATH=/home/student/turlebot_ws/install/irobot_create_nodes/lib:/home/student/turlebot_ws/install/irobot_create_ignition_toolbox/lib:/home/student/turlebot_ws/install/irobot_create_toolbox/lib:/home/student/turlebot_ws/install/irobot_create_msgs/lib:/home/student/turlebot_ws/install/ign_ros2_control/lib:/usr/lib/x86_64-linux-gnu/gazebo-11/plugins:/opt/ros/galactic/opt/yaml_cpp_vendor/lib:/opt/ros/galactic/opt/rviz_ogre_vendor/lib:/opt/ros/galactic/lib/x86_64-linux-gnu:/opt/ros/galactic/lib:/usr/local/cuda-11.1/lib64 PYTHONPATH=/home/student/turlebot_ws/install/irobot_create_msgs/lib/python3.8/site-packages:${PYTHONPATH} /usr/bin/cmake --install /home/student/turlebot_ws/build/irobot_create_ignition_bringup
